DEBUG - 2025-02-14 01:15:31 --> Session: Class initialized using 'CodeIgniter\Session\Handlers\FileHandler' driver.
DEBUG - 2025-02-14 01:15:34 --> Session: Class initialized using 'CodeIgniter\Session\Handlers\FileHandler' driver.
DEBUG - 2025-02-14 01:22:37 --> Session: Class initialized using 'CodeIgniter\Session\Handlers\FileHandler' driver.
DEBUG - 2025-02-14 01:22:38 --> Session: Class initialized using 'CodeIgniter\Session\Handlers\FileHandler' driver.
DEBUG - 2025-02-14 01:23:24 --> Session: Class initialized using 'CodeIgniter\Session\Handlers\FileHandler' driver.
DEBUG - 2025-02-14 01:23:24 --> Session: Class initialized using 'CodeIgniter\Session\Handlers\FileHandler' driver.
DEBUG - 2025-02-14 01:23:31 --> Session: Class initialized using 'CodeIgniter\Session\Handlers\FileHandler' driver.
DEBUG - 2025-02-14 01:23:31 --> Session: Class initialized using 'CodeIgniter\Session\Handlers\FileHandler' driver.
DEBUG - 2025-02-14 01:24:29 --> Session: Class initialized using 'CodeIgniter\Session\Handlers\FileHandler' driver.
DEBUG - 2025-02-14 01:24:30 --> Session: Class initialized using 'CodeIgniter\Session\Handlers\FileHandler' driver.
DEBUG - 2025-02-14 01:25:22 --> Session: Class initialized using 'CodeIgniter\Session\Handlers\FileHandler' driver.
DEBUG - 2025-02-14 01:25:22 --> Session: Class initialized using 'CodeIgniter\Session\Handlers\FileHandler' driver.
DEBUG - 2025-02-14 01:34:44 --> Session: Class initialized using 'CodeIgniter\Session\Handlers\FileHandler' driver.
DEBUG - 2025-02-14 01:34:45 --> Session: Class initialized using 'CodeIgniter\Session\Handlers\FileHandler' driver.
DEBUG - 2025-02-14 01:36:21 --> Session: Class initialized using 'CodeIgniter\Session\Handlers\FileHandler' driver.
DEBUG - 2025-02-14 01:36:21 --> Session: Class initialized using 'CodeIgniter\Session\Handlers\FileHandler' driver.
DEBUG - 2025-02-14 01:36:26 --> Session: Class initialized using 'CodeIgniter\Session\Handlers\FileHandler' driver.
DEBUG - 2025-02-14 01:36:27 --> Session: Class initialized using 'CodeIgniter\Session\Handlers\FileHandler' driver.
DEBUG - 2025-02-14 01:38:32 --> Session: Class initialized using 'CodeIgniter\Session\Handlers\FileHandler' driver.
DEBUG - 2025-02-14 01:38:32 --> Session: Class initialized using 'CodeIgniter\Session\Handlers\FileHandler' driver.
DEBUG - 2025-02-14 01:40:16 --> Session: Class initialized using 'CodeIgniter\Session\Handlers\FileHandler' driver.
DEBUG - 2025-02-14 01:40:17 --> Session: Class initialized using 'CodeIgniter\Session\Handlers\FileHandler' driver.
DEBUG - 2025-02-14 01:40:58 --> Session: Class initialized using 'CodeIgniter\Session\Handlers\FileHandler' driver.
DEBUG - 2025-02-14 01:40:58 --> Session: Class initialized using 'CodeIgniter\Session\Handlers\FileHandler' driver.
DEBUG - 2025-02-14 01:41:25 --> Session: Class initialized using 'CodeIgniter\Session\Handlers\FileHandler' driver.
DEBUG - 2025-02-14 01:41:25 --> Session: Class initialized using 'CodeIgniter\Session\Handlers\FileHandler' driver.
DEBUG - 2025-02-14 01:45:41 --> Session: Class initialized using 'CodeIgniter\Session\Handlers\FileHandler' driver.
DEBUG - 2025-02-14 01:45:42 --> Session: Class initialized using 'CodeIgniter\Session\Handlers\FileHandler' driver.
DEBUG - 2025-02-14 01:46:37 --> Session: Class initialized using 'CodeIgniter\Session\Handlers\FileHandler' driver.
DEBUG - 2025-02-14 01:46:38 --> Session: Class initialized using 'CodeIgniter\Session\Handlers\FileHandler' driver.
CRITICAL - 2025-02-14 04:33:11 --> ErrorException: mkdir(): No such file or directory
[Method: POST, Route: layanan/barang-bukti]
in SYSTEMPATH\HTTP\Files\UploadedFile.php on line 181.
 1 [internal function]: CodeIgniter\Debug\Exceptions->errorHandler(2, 'mkdir(): No such file or directory', 'C:\\Users\\Yudha Prastya\\Downloads\\WEB\\system\\HTTP\\Files\\UploadedFile.php', 181)
 2 SYSTEMPATH\HTTP\Files\UploadedFile.php(181): mkdir('C:\\Users\\Yudha Prastya\\Downloads\\WEB\\public/assets/img/layanan/barang_bukti/3m2e3e3_082322734378_2025-02-14 04:33:11/', 511, true)
 3 SYSTEMPATH\HTTP\Files\UploadedFile.php(135): CodeIgniter\HTTP\Files\UploadedFile->setPath('C:\\Users\\Yudha Prastya\\Downloads\\WEB\\public/assets/img/layanan/barang_bukti/3m2e3e3_082322734378_2025-02-14 04:33:11/')
 4 APPPATH\Helpers\file_helper.php(21): CodeIgniter\HTTP\Files\UploadedFile->move('C:\\Users\\Yudha Prastya\\Downloads\\WEB\\public/assets/img/layanan/barang_bukti/3m2e3e3_082322734378_2025-02-14 04:33:11/', '1739507591_5cb376b153bf4402de05.png')
 5 APPPATH\Controllers\BarangBuktiController.php(34): upload_file(Object(CodeIgniter\HTTP\Files\UploadedFile), [...], 1024, 'layanan/barang_bukti/3m2e3e3_082322734378_2025-02-14 04:33:11')
 6 SYSTEMPATH\CodeIgniter.php(933): App\Controllers\BarangBuktiController->storePengambilanBarangBukti()
 7 SYSTEMPATH\CodeIgniter.php(509): CodeIgniter\CodeIgniter->runController(Object(App\Controllers\BarangBuktiController))
 8 SYSTEMPATH\CodeIgniter.php(355): CodeIgniter\CodeIgniter->handleRequest(null, Object(Config\Cache), false)
 9 SYSTEMPATH\Boot.php(334): CodeIgniter\CodeIgniter->run()
10 SYSTEMPATH\Boot.php(67): CodeIgniter\Boot::runCodeIgniter(Object(CodeIgniter\CodeIgniter))
11 FCPATH\index.php(56): CodeIgniter\Boot::bootWeb(Object(Config\Paths))
12 SYSTEMPATH\rewrite.php(44): require_once('C:\\Users\\Yudha Prastya\\Downloads\\WEB\\public\\index.php')
CRITICAL - 2025-02-14 04:33:56 --> ErrorException: mkdir(): No such file or directory
[Method: POST, Route: layanan/barang-bukti]
in SYSTEMPATH\HTTP\Files\UploadedFile.php on line 181.
 1 [internal function]: CodeIgniter\Debug\Exceptions->errorHandler(2, 'mkdir(): No such file or directory', 'C:\\Users\\Yudha Prastya\\Downloads\\WEB\\system\\HTTP\\Files\\UploadedFile.php', 181)
 2 SYSTEMPATH\HTTP\Files\UploadedFile.php(181): mkdir('C:\\Users\\Yudha Prastya\\Downloads\\WEB\\public/assets/img/layanan/barang_bukti/3m2e3e3_082322734378_2025-02-14 04:33:56/', 511, true)
 3 SYSTEMPATH\HTTP\Files\UploadedFile.php(135): CodeIgniter\HTTP\Files\UploadedFile->setPath('C:\\Users\\Yudha Prastya\\Downloads\\WEB\\public/assets/img/layanan/barang_bukti/3m2e3e3_082322734378_2025-02-14 04:33:56/')
 4 APPPATH\Helpers\file_helper.php(21): CodeIgniter\HTTP\Files\UploadedFile->move('C:\\Users\\Yudha Prastya\\Downloads\\WEB\\public/assets/img/layanan/barang_bukti/3m2e3e3_082322734378_2025-02-14 04:33:56/', '1739507636_7db19942b2f39c1911ad.png')
 5 APPPATH\Controllers\BarangBuktiController.php(34): upload_file(Object(CodeIgniter\HTTP\Files\UploadedFile), [...], 1024, 'layanan/barang_bukti/3m2e3e3_082322734378_2025-02-14 04:33:56')
 6 SYSTEMPATH\CodeIgniter.php(933): App\Controllers\BarangBuktiController->storePengambilanBarangBukti()
 7 SYSTEMPATH\CodeIgniter.php(509): CodeIgniter\CodeIgniter->runController(Object(App\Controllers\BarangBuktiController))
 8 SYSTEMPATH\CodeIgniter.php(355): CodeIgniter\CodeIgniter->handleRequest(null, Object(Config\Cache), false)
 9 SYSTEMPATH\Boot.php(334): CodeIgniter\CodeIgniter->run()
10 SYSTEMPATH\Boot.php(67): CodeIgniter\Boot::runCodeIgniter(Object(CodeIgniter\CodeIgniter))
11 FCPATH\index.php(56): CodeIgniter\Boot::bootWeb(Object(Config\Paths))
12 SYSTEMPATH\rewrite.php(44): require_once('C:\\Users\\Yudha Prastya\\Downloads\\WEB\\public\\index.php')
DEBUG - 2025-02-14 04:37:17 --> Session: Class initialized using 'CodeIgniter\Session\Handlers\FileHandler' driver.
DEBUG - 2025-02-14 04:37:19 --> Session: Class initialized using 'CodeIgniter\Session\Handlers\FileHandler' driver.
CRITICAL - 2025-02-14 04:38:13 --> Error: Call to undefined function Config\validate_input()
[Method: POST, Route: layanan/barang-bukti]
in APPPATH\Controllers\BarangBuktiController.php on line 48.
 1 SYSTEMPATH\CodeIgniter.php(933): App\Controllers\BarangBuktiController->storePengambilanBarangBukti()
 2 SYSTEMPATH\CodeIgniter.php(509): CodeIgniter\CodeIgniter->runController(Object(App\Controllers\BarangBuktiController))
 3 SYSTEMPATH\CodeIgniter.php(355): CodeIgniter\CodeIgniter->handleRequest(null, Object(Config\Cache), false)
 4 SYSTEMPATH\Boot.php(334): CodeIgniter\CodeIgniter->run()
 5 SYSTEMPATH\Boot.php(67): CodeIgniter\Boot::runCodeIgniter(Object(CodeIgniter\CodeIgniter))
 6 FCPATH\index.php(56): CodeIgniter\Boot::bootWeb(Object(Config\Paths))
 7 SYSTEMPATH\rewrite.php(44): require_once('C:\\Users\\Yudha Prastya\\Downloads\\WEB\\public\\index.php')
DEBUG - 2025-02-14 04:39:01 --> Session: Class initialized using 'CodeIgniter\Session\Handlers\FileHandler' driver.
DEBUG - 2025-02-14 04:39:01 --> Session: Class initialized using 'CodeIgniter\Session\Handlers\FileHandler' driver.
DEBUG - 2025-02-14 04:39:02 --> Session: Class initialized using 'CodeIgniter\Session\Handlers\FileHandler' driver.
DEBUG - 2025-02-14 04:39:04 --> Session: Class initialized using 'CodeIgniter\Session\Handlers\FileHandler' driver.
DEBUG - 2025-02-14 04:39:04 --> Session: Class initialized using 'CodeIgniter\Session\Handlers\FileHandler' driver.
DEBUG - 2025-02-14 04:42:09 --> Session: Class initialized using 'CodeIgniter\Session\Handlers\FileHandler' driver.
DEBUG - 2025-02-14 04:42:09 --> Session: Class initialized using 'CodeIgniter\Session\Handlers\FileHandler' driver.
DEBUG - 2025-02-14 04:42:09 --> Session: Class initialized using 'CodeIgniter\Session\Handlers\FileHandler' driver.
DEBUG - 2025-02-14 04:42:14 --> Session: Class initialized using 'CodeIgniter\Session\Handlers\FileHandler' driver.
DEBUG - 2025-02-14 04:42:16 --> Session: Class initialized using 'CodeIgniter\Session\Handlers\FileHandler' driver.
DEBUG - 2025-02-14 04:42:34 --> Session: Class initialized using 'CodeIgniter\Session\Handlers\FileHandler' driver.
DEBUG - 2025-02-14 04:42:35 --> Session: Class initialized using 'CodeIgniter\Session\Handlers\FileHandler' driver.
DEBUG - 2025-02-14 04:43:36 --> Session: Class initialized using 'CodeIgniter\Session\Handlers\FileHandler' driver.
DEBUG - 2025-02-14 04:43:36 --> Session: Class initialized using 'CodeIgniter\Session\Handlers\FileHandler' driver.
DEBUG - 2025-02-14 04:43:36 --> Session: Class initialized using 'CodeIgniter\Session\Handlers\FileHandler' driver.
DEBUG - 2025-02-14 04:43:44 --> Session: Class initialized using 'CodeIgniter\Session\Handlers\FileHandler' driver.
DEBUG - 2025-02-14 04:43:44 --> Session: Class initialized using 'CodeIgniter\Session\Handlers\FileHandler' driver.
DEBUG - 2025-02-14 04:44:03 --> Session: Class initialized using 'CodeIgniter\Session\Handlers\FileHandler' driver.
DEBUG - 2025-02-14 04:44:03 --> Session: Class initialized using 'CodeIgniter\Session\Handlers\FileHandler' driver.
DEBUG - 2025-02-14 04:44:03 --> Session: Class initialized using 'CodeIgniter\Session\Handlers\FileHandler' driver.
DEBUG - 2025-02-14 04:44:11 --> Session: Class initialized using 'CodeIgniter\Session\Handlers\FileHandler' driver.
DEBUG - 2025-02-14 04:44:11 --> Session: Class initialized using 'CodeIgniter\Session\Handlers\FileHandler' driver.
DEBUG - 2025-02-14 04:44:13 --> Session: Class initialized using 'CodeIgniter\Session\Handlers\FileHandler' driver.
DEBUG - 2025-02-14 04:44:13 --> Session: Class initialized using 'CodeIgniter\Session\Handlers\FileHandler' driver.
DEBUG - 2025-02-14 04:44:13 --> Session: Class initialized using 'CodeIgniter\Session\Handlers\FileHandler' driver.
DEBUG - 2025-02-14 04:44:21 --> Session: Class initialized using 'CodeIgniter\Session\Handlers\FileHandler' driver.
DEBUG - 2025-02-14 04:44:21 --> Session: Class initialized using 'CodeIgniter\Session\Handlers\FileHandler' driver.
DEBUG - 2025-02-14 04:44:34 --> Session: Class initialized using 'CodeIgniter\Session\Handlers\FileHandler' driver.
DEBUG - 2025-02-14 04:44:34 --> Session: Class initialized using 'CodeIgniter\Session\Handlers\FileHandler' driver.
DEBUG - 2025-02-14 04:45:14 --> Session: Class initialized using 'CodeIgniter\Session\Handlers\FileHandler' driver.
DEBUG - 2025-02-14 04:45:15 --> Session: Class initialized using 'CodeIgniter\Session\Handlers\FileHandler' driver.
DEBUG - 2025-02-14 04:45:32 --> Session: Class initialized using 'CodeIgniter\Session\Handlers\FileHandler' driver.
DEBUG - 2025-02-14 04:45:32 --> Session: Class initialized using 'CodeIgniter\Session\Handlers\FileHandler' driver.
CRITICAL - 2025-02-14 04:45:38 --> CodeIgniter\Database\Exceptions\DataException: Allowed fields must be specified for model: "App\Models\LayananPengambilanBarangBuktiModel"
[Method: POST, Route: layanan/barang-bukti]
in SYSTEMPATH\Model.php on line 822.
 1 SYSTEMPATH\Model.php(822): CodeIgniter\Database\Exceptions\DataException::forInvalidAllowedFields('App\\Models\\LayananPengambilanBarangBuktiModel')
 2 SYSTEMPATH\BaseModel.php(820): CodeIgniter\Model->doProtectFieldsForInsert([...])
 3 SYSTEMPATH\Model.php(800): CodeIgniter\BaseModel->insert([...], true)
 4 APPPATH\Controllers\BarangBuktiController.php(55): CodeIgniter\Model->insert([...])
 5 SYSTEMPATH\CodeIgniter.php(933): App\Controllers\BarangBuktiController->storePengambilanBarangBukti()
 6 SYSTEMPATH\CodeIgniter.php(509): CodeIgniter\CodeIgniter->runController(Object(App\Controllers\BarangBuktiController))
 7 SYSTEMPATH\CodeIgniter.php(355): CodeIgniter\CodeIgniter->handleRequest(null, Object(Config\Cache), false)
 8 SYSTEMPATH\Boot.php(334): CodeIgniter\CodeIgniter->run()
 9 SYSTEMPATH\Boot.php(67): CodeIgniter\Boot::runCodeIgniter(Object(CodeIgniter\CodeIgniter))
10 FCPATH\index.php(56): CodeIgniter\Boot::bootWeb(Object(Config\Paths))
11 SYSTEMPATH\rewrite.php(44): require_once('C:\\Users\\Yudha Prastya\\Downloads\\WEB\\public\\index.php')
DEBUG - 2025-02-14 04:47:01 --> Session: Class initialized using 'CodeIgniter\Session\Handlers\FileHandler' driver.
DEBUG - 2025-02-14 04:47:01 --> Session: Class initialized using 'CodeIgniter\Session\Handlers\FileHandler' driver.
ERROR - 2025-02-14 04:47:03 --> mysqli_sql_exception: Table 'knsalati_webknsalatiga.layananpengambilanbarangbuktis' doesn't exist in C:\Users\Yudha Prastya\Downloads\WEB\system\Database\MySQLi\Connection.php:312
Stack trace:
#0 C:\Users\Yudha Prastya\Downloads\WEB\system\Database\MySQLi\Connection.php(312): mysqli->query('INSERT INTO `la...', 0)
#1 C:\Users\Yudha Prastya\Downloads\WEB\system\Database\BaseConnection.php(734): CodeIgniter\Database\MySQLi\Connection->execute('INSERT INTO `la...')
#2 C:\Users\Yudha Prastya\Downloads\WEB\system\Database\BaseConnection.php(648): CodeIgniter\Database\BaseConnection->simpleQuery('INSERT INTO `la...')
#3 C:\Users\Yudha Prastya\Downloads\WEB\system\Database\BaseBuilder.php(2340): CodeIgniter\Database\BaseConnection->query('INSERT INTO `la...', Array, false)
#4 C:\Users\Yudha Prastya\Downloads\WEB\system\Model.php(394): CodeIgniter\Database\BaseBuilder->insert()
#5 C:\Users\Yudha Prastya\Downloads\WEB\system\BaseModel.php(839): CodeIgniter\Model->doInsert(Array)
#6 C:\Users\Yudha Prastya\Downloads\WEB\system\Model.php(800): CodeIgniter\BaseModel->insert(Array, true)
#7 C:\Users\Yudha Prastya\Downloads\WEB\app\Controllers\BarangBuktiController.php(55): CodeIgniter\Model->insert(Array)
#8 C:\Users\Yudha Prastya\Downloads\WEB\system\CodeIgniter.php(933): App\Controllers\BarangBuktiController->storePengambilanBarangBukti()
#9 C:\Users\Yudha Prastya\Downloads\WEB\system\CodeIgniter.php(509): CodeIgniter\CodeIgniter->runController(Object(App\Controllers\BarangBuktiController))
#10 C:\Users\Yudha Prastya\Downloads\WEB\system\CodeIgniter.php(355): CodeIgniter\CodeIgniter->handleRequest(NULL, Object(Config\Cache), false)
#11 C:\Users\Yudha Prastya\Downloads\WEB\system\Boot.php(334): CodeIgniter\CodeIgniter->run()
#12 C:\Users\Yudha Prastya\Downloads\WEB\system\Boot.php(67): CodeIgniter\Boot::runCodeIgniter(Object(CodeIgniter\CodeIgniter))
#13 C:\Users\Yudha Prastya\Downloads\WEB\public\index.php(56): CodeIgniter\Boot::bootWeb(Object(Config\Paths))
#14 C:\Users\Yudha Prastya\Downloads\WEB\system\rewrite.php(44): require_once('C:\\Users\\Yudha ...')
#15 {main}
DEBUG - 2025-02-14 04:47:23 --> Session: Class initialized using 'CodeIgniter\Session\Handlers\FileHandler' driver.
DEBUG - 2025-02-14 04:47:23 --> Session: Class initialized using 'CodeIgniter\Session\Handlers\FileHandler' driver.
ERROR - 2025-02-14 04:47:25 --> mysqli_sql_exception: Table 'knsalati_webknsalatiga.layananpengambilanbarangbuktis' doesn't exist in C:\Users\Yudha Prastya\Downloads\WEB\system\Database\MySQLi\Connection.php:312
Stack trace:
#0 C:\Users\Yudha Prastya\Downloads\WEB\system\Database\MySQLi\Connection.php(312): mysqli->query('INSERT INTO `la...', 0)
#1 C:\Users\Yudha Prastya\Downloads\WEB\system\Database\BaseConnection.php(734): CodeIgniter\Database\MySQLi\Connection->execute('INSERT INTO `la...')
#2 C:\Users\Yudha Prastya\Downloads\WEB\system\Database\BaseConnection.php(648): CodeIgniter\Database\BaseConnection->simpleQuery('INSERT INTO `la...')
#3 C:\Users\Yudha Prastya\Downloads\WEB\system\Database\BaseBuilder.php(2340): CodeIgniter\Database\BaseConnection->query('INSERT INTO `la...', Array, false)
#4 C:\Users\Yudha Prastya\Downloads\WEB\system\Model.php(394): CodeIgniter\Database\BaseBuilder->insert()
#5 C:\Users\Yudha Prastya\Downloads\WEB\system\BaseModel.php(839): CodeIgniter\Model->doInsert(Array)
#6 C:\Users\Yudha Prastya\Downloads\WEB\system\Model.php(800): CodeIgniter\BaseModel->insert(Array, true)
#7 C:\Users\Yudha Prastya\Downloads\WEB\app\Controllers\BarangBuktiController.php(54): CodeIgniter\Model->insert(Array)
#8 C:\Users\Yudha Prastya\Downloads\WEB\system\CodeIgniter.php(933): App\Controllers\BarangBuktiController->storePengambilanBarangBukti()
#9 C:\Users\Yudha Prastya\Downloads\WEB\system\CodeIgniter.php(509): CodeIgniter\CodeIgniter->runController(Object(App\Controllers\BarangBuktiController))
#10 C:\Users\Yudha Prastya\Downloads\WEB\system\CodeIgniter.php(355): CodeIgniter\CodeIgniter->handleRequest(NULL, Object(Config\Cache), false)
#11 C:\Users\Yudha Prastya\Downloads\WEB\system\Boot.php(334): CodeIgniter\CodeIgniter->run()
#12 C:\Users\Yudha Prastya\Downloads\WEB\system\Boot.php(67): CodeIgniter\Boot::runCodeIgniter(Object(CodeIgniter\CodeIgniter))
#13 C:\Users\Yudha Prastya\Downloads\WEB\public\index.php(56): CodeIgniter\Boot::bootWeb(Object(Config\Paths))
#14 C:\Users\Yudha Prastya\Downloads\WEB\system\rewrite.php(44): require_once('C:\\Users\\Yudha ...')
#15 {main}
DEBUG - 2025-02-14 04:47:27 --> Session: Class initialized using 'CodeIgniter\Session\Handlers\FileHandler' driver.
DEBUG - 2025-02-14 04:47:27 --> Session: Class initialized using 'CodeIgniter\Session\Handlers\FileHandler' driver.
ERROR - 2025-02-14 04:47:43 --> mysqli_sql_exception: Table 'knsalati_webknsalatiga.layananpengambilanbarangbuktis' doesn't exist in C:\Users\Yudha Prastya\Downloads\WEB\system\Database\MySQLi\Connection.php:312
Stack trace:
#0 C:\Users\Yudha Prastya\Downloads\WEB\system\Database\MySQLi\Connection.php(312): mysqli->query('INSERT INTO `la...', 0)
#1 C:\Users\Yudha Prastya\Downloads\WEB\system\Database\BaseConnection.php(734): CodeIgniter\Database\MySQLi\Connection->execute('INSERT INTO `la...')
#2 C:\Users\Yudha Prastya\Downloads\WEB\system\Database\BaseConnection.php(648): CodeIgniter\Database\BaseConnection->simpleQuery('INSERT INTO `la...')
#3 C:\Users\Yudha Prastya\Downloads\WEB\system\Database\BaseBuilder.php(2340): CodeIgniter\Database\BaseConnection->query('INSERT INTO `la...', Array, false)
#4 C:\Users\Yudha Prastya\Downloads\WEB\system\Model.php(394): CodeIgniter\Database\BaseBuilder->insert()
#5 C:\Users\Yudha Prastya\Downloads\WEB\system\BaseModel.php(839): CodeIgniter\Model->doInsert(Array)
#6 C:\Users\Yudha Prastya\Downloads\WEB\system\Model.php(800): CodeIgniter\BaseModel->insert(Array, true)
#7 C:\Users\Yudha Prastya\Downloads\WEB\app\Controllers\BarangBuktiController.php(54): CodeIgniter\Model->insert(Array)
#8 C:\Users\Yudha Prastya\Downloads\WEB\system\CodeIgniter.php(933): App\Controllers\BarangBuktiController->storePengambilanBarangBukti()
#9 C:\Users\Yudha Prastya\Downloads\WEB\system\CodeIgniter.php(509): CodeIgniter\CodeIgniter->runController(Object(App\Controllers\BarangBuktiController))
#10 C:\Users\Yudha Prastya\Downloads\WEB\system\CodeIgniter.php(355): CodeIgniter\CodeIgniter->handleRequest(NULL, Object(Config\Cache), false)
#11 C:\Users\Yudha Prastya\Downloads\WEB\system\Boot.php(334): CodeIgniter\CodeIgniter->run()
#12 C:\Users\Yudha Prastya\Downloads\WEB\system\Boot.php(67): CodeIgniter\Boot::runCodeIgniter(Object(CodeIgniter\CodeIgniter))
#13 C:\Users\Yudha Prastya\Downloads\WEB\public\index.php(56): CodeIgniter\Boot::bootWeb(Object(Config\Paths))
#14 C:\Users\Yudha Prastya\Downloads\WEB\system\rewrite.php(44): require_once('C:\\Users\\Yudha ...')
#15 {main}
DEBUG - 2025-02-14 04:48:43 --> Session: Class initialized using 'CodeIgniter\Session\Handlers\FileHandler' driver.
DEBUG - 2025-02-14 04:48:43 --> Session: Class initialized using 'CodeIgniter\Session\Handlers\FileHandler' driver.
ERROR - 2025-02-14 04:48:45 --> mysqli_sql_exception: Table 'knsalati_webknsalatiga.layananpengambilanbarangbuktis' doesn't exist in C:\Users\Yudha Prastya\Downloads\WEB\system\Database\MySQLi\Connection.php:312
Stack trace:
#0 C:\Users\Yudha Prastya\Downloads\WEB\system\Database\MySQLi\Connection.php(312): mysqli->query('INSERT INTO `la...', 0)
#1 C:\Users\Yudha Prastya\Downloads\WEB\system\Database\BaseConnection.php(734): CodeIgniter\Database\MySQLi\Connection->execute('INSERT INTO `la...')
#2 C:\Users\Yudha Prastya\Downloads\WEB\system\Database\BaseConnection.php(648): CodeIgniter\Database\BaseConnection->simpleQuery('INSERT INTO `la...')
#3 C:\Users\Yudha Prastya\Downloads\WEB\system\Database\BaseBuilder.php(2340): CodeIgniter\Database\BaseConnection->query('INSERT INTO `la...', Array, false)
#4 C:\Users\Yudha Prastya\Downloads\WEB\system\Model.php(394): CodeIgniter\Database\BaseBuilder->insert()
#5 C:\Users\Yudha Prastya\Downloads\WEB\system\BaseModel.php(839): CodeIgniter\Model->doInsert(Array)
#6 C:\Users\Yudha Prastya\Downloads\WEB\system\Model.php(800): CodeIgniter\BaseModel->insert(Array, true)
#7 C:\Users\Yudha Prastya\Downloads\WEB\app\Controllers\BarangBuktiController.php(54): CodeIgniter\Model->insert(Array)
#8 C:\Users\Yudha Prastya\Downloads\WEB\system\CodeIgniter.php(933): App\Controllers\BarangBuktiController->storePengambilanBarangBukti()
#9 C:\Users\Yudha Prastya\Downloads\WEB\system\CodeIgniter.php(509): CodeIgniter\CodeIgniter->runController(Object(App\Controllers\BarangBuktiController))
#10 C:\Users\Yudha Prastya\Downloads\WEB\system\CodeIgniter.php(355): CodeIgniter\CodeIgniter->handleRequest(NULL, Object(Config\Cache), false)
#11 C:\Users\Yudha Prastya\Downloads\WEB\system\Boot.php(334): CodeIgniter\CodeIgniter->run()
#12 C:\Users\Yudha Prastya\Downloads\WEB\system\Boot.php(67): CodeIgniter\Boot::runCodeIgniter(Object(CodeIgniter\CodeIgniter))
#13 C:\Users\Yudha Prastya\Downloads\WEB\public\index.php(56): CodeIgniter\Boot::bootWeb(Object(Config\Paths))
#14 C:\Users\Yudha Prastya\Downloads\WEB\system\rewrite.php(44): require_once('C:\\Users\\Yudha ...')
#15 {main}
DEBUG - 2025-02-14 04:49:58 --> Session: Class initialized using 'CodeIgniter\Session\Handlers\FileHandler' driver.
DEBUG - 2025-02-14 04:49:59 --> Session: Class initialized using 'CodeIgniter\Session\Handlers\FileHandler' driver.
ERROR - 2025-02-14 04:50:01 --> mysqli_sql_exception: Table 'knsalati_webknsalatiga.layananpengambilanbarangbuktis' doesn't exist in C:\Users\Yudha Prastya\Downloads\WEB\system\Database\MySQLi\Connection.php:312
Stack trace:
#0 C:\Users\Yudha Prastya\Downloads\WEB\system\Database\MySQLi\Connection.php(312): mysqli->query('INSERT INTO `la...', 0)
#1 C:\Users\Yudha Prastya\Downloads\WEB\system\Database\BaseConnection.php(734): CodeIgniter\Database\MySQLi\Connection->execute('INSERT INTO `la...')
#2 C:\Users\Yudha Prastya\Downloads\WEB\system\Database\BaseConnection.php(648): CodeIgniter\Database\BaseConnection->simpleQuery('INSERT INTO `la...')
#3 C:\Users\Yudha Prastya\Downloads\WEB\system\Database\BaseBuilder.php(2340): CodeIgniter\Database\BaseConnection->query('INSERT INTO `la...', Array, false)
#4 C:\Users\Yudha Prastya\Downloads\WEB\system\Model.php(394): CodeIgniter\Database\BaseBuilder->insert()
#5 C:\Users\Yudha Prastya\Downloads\WEB\system\BaseModel.php(839): CodeIgniter\Model->doInsert(Array)
#6 C:\Users\Yudha Prastya\Downloads\WEB\system\Model.php(800): CodeIgniter\BaseModel->insert(Array, true)
#7 C:\Users\Yudha Prastya\Downloads\WEB\app\Controllers\BarangBuktiController.php(54): CodeIgniter\Model->insert(Array)
#8 C:\Users\Yudha Prastya\Downloads\WEB\system\CodeIgniter.php(933): App\Controllers\BarangBuktiController->storePengambilanBarangBukti()
#9 C:\Users\Yudha Prastya\Downloads\WEB\system\CodeIgniter.php(509): CodeIgniter\CodeIgniter->runController(Object(App\Controllers\BarangBuktiController))
#10 C:\Users\Yudha Prastya\Downloads\WEB\system\CodeIgniter.php(355): CodeIgniter\CodeIgniter->handleRequest(NULL, Object(Config\Cache), false)
#11 C:\Users\Yudha Prastya\Downloads\WEB\system\Boot.php(334): CodeIgniter\CodeIgniter->run()
#12 C:\Users\Yudha Prastya\Downloads\WEB\system\Boot.php(67): CodeIgniter\Boot::runCodeIgniter(Object(CodeIgniter\CodeIgniter))
#13 C:\Users\Yudha Prastya\Downloads\WEB\public\index.php(56): CodeIgniter\Boot::bootWeb(Object(Config\Paths))
#14 C:\Users\Yudha Prastya\Downloads\WEB\system\rewrite.php(44): require_once('C:\\Users\\Yudha ...')
#15 {main}
DEBUG - 2025-02-14 04:50:55 --> Session: Class initialized using 'CodeIgniter\Session\Handlers\FileHandler' driver.
DEBUG - 2025-02-14 04:50:56 --> Session: Class initialized using 'CodeIgniter\Session\Handlers\FileHandler' driver.
ERROR - 2025-02-14 04:50:57 --> mysqli_sql_exception: Table 'knsalati_webknsalatiga.layananpengambilanbarangbuktis' doesn't exist in C:\Users\Yudha Prastya\Downloads\WEB\system\Database\MySQLi\Connection.php:312
Stack trace:
#0 C:\Users\Yudha Prastya\Downloads\WEB\system\Database\MySQLi\Connection.php(312): mysqli->query('INSERT INTO `la...', 0)
#1 C:\Users\Yudha Prastya\Downloads\WEB\system\Database\BaseConnection.php(734): CodeIgniter\Database\MySQLi\Connection->execute('INSERT INTO `la...')
#2 C:\Users\Yudha Prastya\Downloads\WEB\system\Database\BaseConnection.php(648): CodeIgniter\Database\BaseConnection->simpleQuery('INSERT INTO `la...')
#3 C:\Users\Yudha Prastya\Downloads\WEB\system\Database\BaseBuilder.php(2340): CodeIgniter\Database\BaseConnection->query('INSERT INTO `la...', Array, false)
#4 C:\Users\Yudha Prastya\Downloads\WEB\system\Model.php(394): CodeIgniter\Database\BaseBuilder->insert()
#5 C:\Users\Yudha Prastya\Downloads\WEB\system\BaseModel.php(839): CodeIgniter\Model->doInsert(Array)
#6 C:\Users\Yudha Prastya\Downloads\WEB\system\Model.php(800): CodeIgniter\BaseModel->insert(Array, true)
#7 C:\Users\Yudha Prastya\Downloads\WEB\app\Controllers\BarangBuktiController.php(54): CodeIgniter\Model->insert(Array)
#8 C:\Users\Yudha Prastya\Downloads\WEB\system\CodeIgniter.php(933): App\Controllers\BarangBuktiController->storePengambilanBarangBukti()
#9 C:\Users\Yudha Prastya\Downloads\WEB\system\CodeIgniter.php(509): CodeIgniter\CodeIgniter->runController(Object(App\Controllers\BarangBuktiController))
#10 C:\Users\Yudha Prastya\Downloads\WEB\system\CodeIgniter.php(355): CodeIgniter\CodeIgniter->handleRequest(NULL, Object(Config\Cache), false)
#11 C:\Users\Yudha Prastya\Downloads\WEB\system\Boot.php(334): CodeIgniter\CodeIgniter->run()
#12 C:\Users\Yudha Prastya\Downloads\WEB\system\Boot.php(67): CodeIgniter\Boot::runCodeIgniter(Object(CodeIgniter\CodeIgniter))
#13 C:\Users\Yudha Prastya\Downloads\WEB\public\index.php(56): CodeIgniter\Boot::bootWeb(Object(Config\Paths))
#14 C:\Users\Yudha Prastya\Downloads\WEB\system\rewrite.php(44): require_once('C:\\Users\\Yudha ...')
#15 {main}
ERROR - 2025-02-14 04:50:57 --> mysqli_sql_exception: Table 'knsalati_webknsalatiga.layananpengambilanbarangbuktis' doesn't exist in C:\Users\Yudha Prastya\Downloads\WEB\system\Database\MySQLi\Connection.php:312
Stack trace:
#0 C:\Users\Yudha Prastya\Downloads\WEB\system\Database\MySQLi\Connection.php(312): mysqli->query('INSERT INTO `la...', 0)
#1 C:\Users\Yudha Prastya\Downloads\WEB\system\Database\BaseConnection.php(734): CodeIgniter\Database\MySQLi\Connection->execute('INSERT INTO `la...')
#2 C:\Users\Yudha Prastya\Downloads\WEB\system\Database\BaseConnection.php(648): CodeIgniter\Database\BaseConnection->simpleQuery('INSERT INTO `la...')
#3 C:\Users\Yudha Prastya\Downloads\WEB\system\Database\BaseBuilder.php(2340): CodeIgniter\Database\BaseConnection->query('INSERT INTO `la...', Array, false)
#4 C:\Users\Yudha Prastya\Downloads\WEB\system\Model.php(394): CodeIgniter\Database\BaseBuilder->insert()
#5 C:\Users\Yudha Prastya\Downloads\WEB\system\BaseModel.php(839): CodeIgniter\Model->doInsert(Array)
#6 C:\Users\Yudha Prastya\Downloads\WEB\system\Model.php(800): CodeIgniter\BaseModel->insert(Array, true)
#7 C:\Users\Yudha Prastya\Downloads\WEB\app\Controllers\BarangBuktiController.php(58): CodeIgniter\Model->insert(Array)
#8 C:\Users\Yudha Prastya\Downloads\WEB\system\CodeIgniter.php(933): App\Controllers\BarangBuktiController->storePengambilanBarangBukti()
#9 C:\Users\Yudha Prastya\Downloads\WEB\system\CodeIgniter.php(509): CodeIgniter\CodeIgniter->runController(Object(App\Controllers\BarangBuktiController))
#10 C:\Users\Yudha Prastya\Downloads\WEB\system\CodeIgniter.php(355): CodeIgniter\CodeIgniter->handleRequest(NULL, Object(Config\Cache), false)
#11 C:\Users\Yudha Prastya\Downloads\WEB\system\Boot.php(334): CodeIgniter\CodeIgniter->run()
#12 C:\Users\Yudha Prastya\Downloads\WEB\system\Boot.php(67): CodeIgniter\Boot::runCodeIgniter(Object(CodeIgniter\CodeIgniter))
#13 C:\Users\Yudha Prastya\Downloads\WEB\public\index.php(56): CodeIgniter\Boot::bootWeb(Object(Config\Paths))
#14 C:\Users\Yudha Prastya\Downloads\WEB\system\rewrite.php(44): require_once('C:\\Users\\Yudha ...')
#15 {main}
ERROR - 2025-02-14 04:51:40 --> mysqli_sql_exception: Table 'knsalati_webknsalatiga.layananpengambilanbarangbuktis' doesn't exist in C:\Users\Yudha Prastya\Downloads\WEB\system\Database\MySQLi\Connection.php:312
Stack trace:
#0 C:\Users\Yudha Prastya\Downloads\WEB\system\Database\MySQLi\Connection.php(312): mysqli->query('INSERT INTO `la...', 0)
#1 C:\Users\Yudha Prastya\Downloads\WEB\system\Database\BaseConnection.php(734): CodeIgniter\Database\MySQLi\Connection->execute('INSERT INTO `la...')
#2 C:\Users\Yudha Prastya\Downloads\WEB\system\Database\BaseConnection.php(648): CodeIgniter\Database\BaseConnection->simpleQuery('INSERT INTO `la...')
#3 C:\Users\Yudha Prastya\Downloads\WEB\system\Database\BaseBuilder.php(2340): CodeIgniter\Database\BaseConnection->query('INSERT INTO `la...', Array, false)
#4 C:\Users\Yudha Prastya\Downloads\WEB\system\Model.php(394): CodeIgniter\Database\BaseBuilder->insert()
#5 C:\Users\Yudha Prastya\Downloads\WEB\system\BaseModel.php(839): CodeIgniter\Model->doInsert(Array)
#6 C:\Users\Yudha Prastya\Downloads\WEB\system\Model.php(800): CodeIgniter\BaseModel->insert(Array, true)
#7 C:\Users\Yudha Prastya\Downloads\WEB\app\Controllers\BarangBuktiController.php(54): CodeIgniter\Model->insert(Array)
#8 C:\Users\Yudha Prastya\Downloads\WEB\system\CodeIgniter.php(933): App\Controllers\BarangBuktiController->storePengambilanBarangBukti()
#9 C:\Users\Yudha Prastya\Downloads\WEB\system\CodeIgniter.php(509): CodeIgniter\CodeIgniter->runController(Object(App\Controllers\BarangBuktiController))
#10 C:\Users\Yudha Prastya\Downloads\WEB\system\CodeIgniter.php(355): CodeIgniter\CodeIgniter->handleRequest(NULL, Object(Config\Cache), false)
#11 C:\Users\Yudha Prastya\Downloads\WEB\system\Boot.php(334): CodeIgniter\CodeIgniter->run()
#12 C:\Users\Yudha Prastya\Downloads\WEB\system\Boot.php(67): CodeIgniter\Boot::runCodeIgniter(Object(CodeIgniter\CodeIgniter))
#13 C:\Users\Yudha Prastya\Downloads\WEB\public\index.php(56): CodeIgniter\Boot::bootWeb(Object(Config\Paths))
#14 C:\Users\Yudha Prastya\Downloads\WEB\system\rewrite.php(44): require_once('C:\\Users\\Yudha ...')
#15 {main}
ERROR - 2025-02-14 04:53:15 --> mysqli_sql_exception: Table 'knsalati_webknsalatiga.layananpengambilanbarangbuktis' doesn't exist in C:\Users\Yudha Prastya\Downloads\WEB\system\Database\MySQLi\Connection.php:312
Stack trace:
#0 C:\Users\Yudha Prastya\Downloads\WEB\system\Database\MySQLi\Connection.php(312): mysqli->query('INSERT INTO `la...', 0)
#1 C:\Users\Yudha Prastya\Downloads\WEB\system\Database\BaseConnection.php(734): CodeIgniter\Database\MySQLi\Connection->execute('INSERT INTO `la...')
#2 C:\Users\Yudha Prastya\Downloads\WEB\system\Database\BaseConnection.php(648): CodeIgniter\Database\BaseConnection->simpleQuery('INSERT INTO `la...')
#3 C:\Users\Yudha Prastya\Downloads\WEB\system\Database\BaseBuilder.php(2340): CodeIgniter\Database\BaseConnection->query('INSERT INTO `la...', Array, false)
#4 C:\Users\Yudha Prastya\Downloads\WEB\system\Model.php(394): CodeIgniter\Database\BaseBuilder->insert()
#5 C:\Users\Yudha Prastya\Downloads\WEB\system\BaseModel.php(839): CodeIgniter\Model->doInsert(Array)
#6 C:\Users\Yudha Prastya\Downloads\WEB\system\Model.php(800): CodeIgniter\BaseModel->insert(Array, true)
#7 C:\Users\Yudha Prastya\Downloads\WEB\app\Controllers\BarangBuktiController.php(55): CodeIgniter\Model->insert(Array)
#8 C:\Users\Yudha Prastya\Downloads\WEB\system\CodeIgniter.php(933): App\Controllers\BarangBuktiController->storePengambilanBarangBukti()
#9 C:\Users\Yudha Prastya\Downloads\WEB\system\CodeIgniter.php(509): CodeIgniter\CodeIgniter->runController(Object(App\Controllers\BarangBuktiController))
#10 C:\Users\Yudha Prastya\Downloads\WEB\system\CodeIgniter.php(355): CodeIgniter\CodeIgniter->handleRequest(NULL, Object(Config\Cache), false)
#11 C:\Users\Yudha Prastya\Downloads\WEB\system\Boot.php(334): CodeIgniter\CodeIgniter->run()
#12 C:\Users\Yudha Prastya\Downloads\WEB\system\Boot.php(67): CodeIgniter\Boot::runCodeIgniter(Object(CodeIgniter\CodeIgniter))
#13 C:\Users\Yudha Prastya\Downloads\WEB\public\index.php(56): CodeIgniter\Boot::bootWeb(Object(Config\Paths))
#14 C:\Users\Yudha Prastya\Downloads\WEB\system\rewrite.php(44): require_once('C:\\Users\\Yudha ...')
#15 {main}
DEBUG - 2025-02-14 04:56:47 --> Session: Class initialized using 'CodeIgniter\Session\Handlers\FileHandler' driver.
DEBUG - 2025-02-14 04:56:47 --> Session: Class initialized using 'CodeIgniter\Session\Handlers\FileHandler' driver.
DEBUG - 2025-02-14 04:56:48 --> Session: Class initialized using 'CodeIgniter\Session\Handlers\FileHandler' driver.
DEBUG - 2025-02-14 04:56:49 --> Session: Class initialized using 'CodeIgniter\Session\Handlers\FileHandler' driver.
DEBUG - 2025-02-14 07:24:03 --> Session: Class initialized using 'CodeIgniter\Session\Handlers\FileHandler' driver.
DEBUG - 2025-02-14 07:24:04 --> Session: Class initialized using 'CodeIgniter\Session\Handlers\FileHandler' driver.
DEBUG - 2025-02-14 07:24:07 --> Session: Class initialized using 'CodeIgniter\Session\Handlers\FileHandler' driver.
DEBUG - 2025-02-14 07:24:08 --> Session: Class initialized using 'CodeIgniter\Session\Handlers\FileHandler' driver.
CRITICAL - 2025-02-14 07:24:08 --> CodeIgniter\View\Exceptions\ViewException: Invalid file: "main/layanan/kunjunganTahanan.php"
[Method: GET, Route: layanan/kunjungan-tahanan]
in SYSTEMPATH\Exceptions\FrameworkException.php on line 41.
 1 SYSTEMPATH\View\View.php(222): CodeIgniter\Exceptions\FrameworkException::forInvalidFile('main/layanan/kunjunganTahanan.php')
 2 SYSTEMPATH\Common.php(1171): CodeIgniter\View\View->render('main/layanan/kunjunganTahanan', [], true)
 3 APPPATH\Controllers\LayananController.php(36): view('main/layanan/kunjunganTahanan', [...])
 4 SYSTEMPATH\CodeIgniter.php(933): App\Controllers\LayananController->kunjunganTahanan()
 5 SYSTEMPATH\CodeIgniter.php(509): CodeIgniter\CodeIgniter->runController(Object(App\Controllers\LayananController))
 6 SYSTEMPATH\CodeIgniter.php(355): CodeIgniter\CodeIgniter->handleRequest(null, Object(Config\Cache), false)
 7 SYSTEMPATH\Boot.php(334): CodeIgniter\CodeIgniter->run()
 8 SYSTEMPATH\Boot.php(67): CodeIgniter\Boot::runCodeIgniter(Object(CodeIgniter\CodeIgniter))
 9 FCPATH\index.php(56): CodeIgniter\Boot::bootWeb(Object(Config\Paths))
10 SYSTEMPATH\rewrite.php(44): require_once('C:\\Users\\Yudha Prastya\\Downloads\\WEB\\public\\index.php')
DEBUG - 2025-02-14 07:24:10 --> Session: Class initialized using 'CodeIgniter\Session\Handlers\FileHandler' driver.
DEBUG - 2025-02-14 07:24:10 --> Session: Class initialized using 'CodeIgniter\Session\Handlers\FileHandler' driver.
CRITICAL - 2025-02-14 07:24:11 --> CodeIgniter\View\Exceptions\ViewException: Invalid file: "main/layanan/pelayananHukumGratis.php"
[Method: GET, Route: layanan/pelayanan-hukum-gratis]
in SYSTEMPATH\Exceptions\FrameworkException.php on line 41.
 1 SYSTEMPATH\View\View.php(222): CodeIgniter\Exceptions\FrameworkException::forInvalidFile('main/layanan/pelayananHukumGratis.php')
 2 SYSTEMPATH\Common.php(1171): CodeIgniter\View\View->render('main/layanan/pelayananHukumGratis', [], true)
 3 APPPATH\Controllers\LayananController.php(31): view('main/layanan/pelayananHukumGratis', [...])
 4 SYSTEMPATH\CodeIgniter.php(933): App\Controllers\LayananController->pelayananHukumGratis()
 5 SYSTEMPATH\CodeIgniter.php(509): CodeIgniter\CodeIgniter->runController(Object(App\Controllers\LayananController))
 6 SYSTEMPATH\CodeIgniter.php(355): CodeIgniter\CodeIgniter->handleRequest(null, Object(Config\Cache), false)
 7 SYSTEMPATH\Boot.php(334): CodeIgniter\CodeIgniter->run()
 8 SYSTEMPATH\Boot.php(67): CodeIgniter\Boot::runCodeIgniter(Object(CodeIgniter\CodeIgniter))
 9 FCPATH\index.php(56): CodeIgniter\Boot::bootWeb(Object(Config\Paths))
10 SYSTEMPATH\rewrite.php(44): require_once('C:\\Users\\Yudha Prastya\\Downloads\\WEB\\public\\index.php')
DEBUG - 2025-02-14 07:24:12 --> Session: Class initialized using 'CodeIgniter\Session\Handlers\FileHandler' driver.
DEBUG - 2025-02-14 07:24:12 --> Session: Class initialized using 'CodeIgniter\Session\Handlers\FileHandler' driver.
DEBUG - 2025-02-14 07:24:14 --> Session: Class initialized using 'CodeIgniter\Session\Handlers\FileHandler' driver.
DEBUG - 2025-02-14 07:24:14 --> Session: Class initialized using 'CodeIgniter\Session\Handlers\FileHandler' driver.
DEBUG - 2025-02-14 07:24:14 --> Session: Class initialized using 'CodeIgniter\Session\Handlers\FileHandler' driver.
DEBUG - 2025-02-14 07:24:15 --> Session: Class initialized using 'CodeIgniter\Session\Handlers\FileHandler' driver.
DEBUG - 2025-02-14 07:24:15 --> Session: Class initialized using 'CodeIgniter\Session\Handlers\FileHandler' driver.
DEBUG - 2025-02-14 07:24:15 --> Session: Class initialized using 'CodeIgniter\Session\Handlers\FileHandler' driver.
CRITICAL - 2025-02-14 07:24:20 --> Error: Call to undefined function App\Controllers\generateRandomString()
[Method: POST, Route: layanan/barang-bukti]
in APPPATH\Controllers\BarangBuktiController.php on line 27.
 1 SYSTEMPATH\CodeIgniter.php(933): App\Controllers\BarangBuktiController->storePengambilanBarangBukti()
 2 SYSTEMPATH\CodeIgniter.php(509): CodeIgniter\CodeIgniter->runController(Object(App\Controllers\BarangBuktiController))
 3 SYSTEMPATH\CodeIgniter.php(355): CodeIgniter\CodeIgniter->handleRequest(null, Object(Config\Cache), false)
 4 SYSTEMPATH\Boot.php(334): CodeIgniter\CodeIgniter->run()
 5 SYSTEMPATH\Boot.php(67): CodeIgniter\Boot::runCodeIgniter(Object(CodeIgniter\CodeIgniter))
 6 FCPATH\index.php(56): CodeIgniter\Boot::bootWeb(Object(Config\Paths))
 7 SYSTEMPATH\rewrite.php(44): require_once('C:\\Users\\Yudha Prastya\\Downloads\\WEB\\public\\index.php')
CRITICAL - 2025-02-14 07:25:11 --> Error: Call to undefined function App\Controllers\generate_random_string()
[Method: POST, Route: layanan/barang-bukti]
in APPPATH\Controllers\BarangBuktiController.php on line 27.
 1 SYSTEMPATH\CodeIgniter.php(933): App\Controllers\BarangBuktiController->storePengambilanBarangBukti()
 2 SYSTEMPATH\CodeIgniter.php(509): CodeIgniter\CodeIgniter->runController(Object(App\Controllers\BarangBuktiController))
 3 SYSTEMPATH\CodeIgniter.php(355): CodeIgniter\CodeIgniter->handleRequest(null, Object(Config\Cache), false)
 4 SYSTEMPATH\Boot.php(334): CodeIgniter\CodeIgniter->run()
 5 SYSTEMPATH\Boot.php(67): CodeIgniter\Boot::runCodeIgniter(Object(CodeIgniter\CodeIgniter))
 6 FCPATH\index.php(56): CodeIgniter\Boot::bootWeb(Object(Config\Paths))
 7 SYSTEMPATH\rewrite.php(44): require_once('C:\\Users\\Yudha Prastya\\Downloads\\WEB\\public\\index.php')
CRITICAL - 2025-02-14 07:25:13 --> Error: Call to undefined function App\Controllers\generate_random_string()
[Method: POST, Route: layanan/barang-bukti]
in APPPATH\Controllers\BarangBuktiController.php on line 27.
 1 SYSTEMPATH\CodeIgniter.php(933): App\Controllers\BarangBuktiController->storePengambilanBarangBukti()
 2 SYSTEMPATH\CodeIgniter.php(509): CodeIgniter\CodeIgniter->runController(Object(App\Controllers\BarangBuktiController))
 3 SYSTEMPATH\CodeIgniter.php(355): CodeIgniter\CodeIgniter->handleRequest(null, Object(Config\Cache), false)
 4 SYSTEMPATH\Boot.php(334): CodeIgniter\CodeIgniter->run()
 5 SYSTEMPATH\Boot.php(67): CodeIgniter\Boot::runCodeIgniter(Object(CodeIgniter\CodeIgniter))
 6 FCPATH\index.php(56): CodeIgniter\Boot::bootWeb(Object(Config\Paths))
 7 SYSTEMPATH\rewrite.php(44): require_once('C:\\Users\\Yudha Prastya\\Downloads\\WEB\\public\\index.php')
CRITICAL - 2025-02-14 07:25:14 --> Error: Call to undefined function App\Controllers\generate_random_string()
[Method: POST, Route: layanan/barang-bukti]
in APPPATH\Controllers\BarangBuktiController.php on line 27.
 1 SYSTEMPATH\CodeIgniter.php(933): App\Controllers\BarangBuktiController->storePengambilanBarangBukti()
 2 SYSTEMPATH\CodeIgniter.php(509): CodeIgniter\CodeIgniter->runController(Object(App\Controllers\BarangBuktiController))
 3 SYSTEMPATH\CodeIgniter.php(355): CodeIgniter\CodeIgniter->handleRequest(null, Object(Config\Cache), false)
 4 SYSTEMPATH\Boot.php(334): CodeIgniter\CodeIgniter->run()
 5 SYSTEMPATH\Boot.php(67): CodeIgniter\Boot::runCodeIgniter(Object(CodeIgniter\CodeIgniter))
 6 FCPATH\index.php(56): CodeIgniter\Boot::bootWeb(Object(Config\Paths))
 7 SYSTEMPATH\rewrite.php(44): require_once('C:\\Users\\Yudha Prastya\\Downloads\\WEB\\public\\index.php')
DEBUG - 2025-02-14 07:33:13 --> Session: Class initialized using 'CodeIgniter\Session\Handlers\FileHandler' driver.
DEBUG - 2025-02-14 07:33:15 --> Session: Class initialized using 'CodeIgniter\Session\Handlers\FileHandler' driver.
DEBUG - 2025-02-14 07:38:47 --> Session: Class initialized using 'CodeIgniter\Session\Handlers\FileHandler' driver.
DEBUG - 2025-02-14 07:38:51 --> Session: Class initialized using 'CodeIgniter\Session\Handlers\FileHandler' driver.
DEBUG - 2025-02-14 07:39:13 --> Session: Class initialized using 'CodeIgniter\Session\Handlers\FileHandler' driver.
DEBUG - 2025-02-14 07:39:14 --> Session: Class initialized using 'CodeIgniter\Session\Handlers\FileHandler' driver.
DEBUG - 2025-02-14 08:17:13 --> Session: Class initialized using 'CodeIgniter\Session\Handlers\FileHandler' driver.
DEBUG - 2025-02-14 08:17:14 --> Session: Class initialized using 'CodeIgniter\Session\Handlers\FileHandler' driver.
DEBUG - 2025-02-14 08:17:15 --> Session: Class initialized using 'CodeIgniter\Session\Handlers\FileHandler' driver.
DEBUG - 2025-02-14 08:17:32 --> Session: Class initialized using 'CodeIgniter\Session\Handlers\FileHandler' driver.
DEBUG - 2025-02-14 08:17:32 --> Session: Class initialized using 'CodeIgniter\Session\Handlers\FileHandler' driver.
ERROR - 2025-02-14 08:17:40 --> mysqli_sql_exception: Operand should contain 1 column(s) in C:\Users\Yudha Prastya\Downloads\WEB\system\Database\MySQLi\Connection.php:312
Stack trace:
#0 C:\Users\Yudha Prastya\Downloads\WEB\system\Database\MySQLi\Connection.php(312): mysqli->query('INSERT INTO `la...', 0)
#1 C:\Users\Yudha Prastya\Downloads\WEB\system\Database\BaseConnection.php(734): CodeIgniter\Database\MySQLi\Connection->execute('INSERT INTO `la...')
#2 C:\Users\Yudha Prastya\Downloads\WEB\system\Database\BaseConnection.php(648): CodeIgniter\Database\BaseConnection->simpleQuery('INSERT INTO `la...')
#3 C:\Users\Yudha Prastya\Downloads\WEB\system\Database\BaseBuilder.php(2340): CodeIgniter\Database\BaseConnection->query('INSERT INTO `la...', Array, false)
#4 C:\Users\Yudha Prastya\Downloads\WEB\system\Model.php(394): CodeIgniter\Database\BaseBuilder->insert()
#5 C:\Users\Yudha Prastya\Downloads\WEB\system\BaseModel.php(839): CodeIgniter\Model->doInsert(Array)
#6 C:\Users\Yudha Prastya\Downloads\WEB\system\Model.php(800): CodeIgniter\BaseModel->insert(Array, true)
#7 C:\Users\Yudha Prastya\Downloads\WEB\app\Controllers\BarangBuktiController.php(58): CodeIgniter\Model->insert(Array)
#8 C:\Users\Yudha Prastya\Downloads\WEB\system\CodeIgniter.php(933): App\Controllers\BarangBuktiController->storePengambilanBarangBukti()
#9 C:\Users\Yudha Prastya\Downloads\WEB\system\CodeIgniter.php(509): CodeIgniter\CodeIgniter->runController(Object(App\Controllers\BarangBuktiController))
#10 C:\Users\Yudha Prastya\Downloads\WEB\system\CodeIgniter.php(355): CodeIgniter\CodeIgniter->handleRequest(NULL, Object(Config\Cache), false)
#11 C:\Users\Yudha Prastya\Downloads\WEB\system\Boot.php(334): CodeIgniter\CodeIgniter->run()
#12 C:\Users\Yudha Prastya\Downloads\WEB\system\Boot.php(67): CodeIgniter\Boot::runCodeIgniter(Object(CodeIgniter\CodeIgniter))
#13 C:\Users\Yudha Prastya\Downloads\WEB\public\index.php(56): CodeIgniter\Boot::bootWeb(Object(Config\Paths))
#14 C:\Users\Yudha Prastya\Downloads\WEB\system\rewrite.php(44): require_once('C:\\Users\\Yudha ...')
#15 {main}
DEBUG - 2025-02-14 08:17:40 --> Session: Class initialized using 'CodeIgniter\Session\Handlers\FileHandler' driver.
DEBUG - 2025-02-14 08:17:41 --> Session: Class initialized using 'CodeIgniter\Session\Handlers\FileHandler' driver.
DEBUG - 2025-02-14 08:17:41 --> Session: Class initialized using 'CodeIgniter\Session\Handlers\FileHandler' driver.
DEBUG - 2025-02-14 08:18:43 --> Session: Class initialized using 'CodeIgniter\Session\Handlers\FileHandler' driver.
DEBUG - 2025-02-14 08:18:43 --> Session: Class initialized using 'CodeIgniter\Session\Handlers\FileHandler' driver.
ERROR - 2025-02-14 08:18:46 --> mysqli_sql_exception: Operand should contain 1 column(s) in C:\Users\Yudha Prastya\Downloads\WEB\system\Database\MySQLi\Connection.php:312
Stack trace:
#0 C:\Users\Yudha Prastya\Downloads\WEB\system\Database\MySQLi\Connection.php(312): mysqli->query('INSERT INTO `la...', 0)
#1 C:\Users\Yudha Prastya\Downloads\WEB\system\Database\BaseConnection.php(734): CodeIgniter\Database\MySQLi\Connection->execute('INSERT INTO `la...')
#2 C:\Users\Yudha Prastya\Downloads\WEB\system\Database\BaseConnection.php(648): CodeIgniter\Database\BaseConnection->simpleQuery('INSERT INTO `la...')
#3 C:\Users\Yudha Prastya\Downloads\WEB\system\Database\BaseBuilder.php(2340): CodeIgniter\Database\BaseConnection->query('INSERT INTO `la...', Array, false)
#4 C:\Users\Yudha Prastya\Downloads\WEB\system\Model.php(394): CodeIgniter\Database\BaseBuilder->insert()
#5 C:\Users\Yudha Prastya\Downloads\WEB\system\BaseModel.php(839): CodeIgniter\Model->doInsert(Array)
#6 C:\Users\Yudha Prastya\Downloads\WEB\system\Model.php(800): CodeIgniter\BaseModel->insert(Array, true)
#7 C:\Users\Yudha Prastya\Downloads\WEB\app\Controllers\BarangBuktiController.php(58): CodeIgniter\Model->insert(Array)
#8 C:\Users\Yudha Prastya\Downloads\WEB\system\CodeIgniter.php(933): App\Controllers\BarangBuktiController->storePengambilanBarangBukti()
#9 C:\Users\Yudha Prastya\Downloads\WEB\system\CodeIgniter.php(509): CodeIgniter\CodeIgniter->runController(Object(App\Controllers\BarangBuktiController))
#10 C:\Users\Yudha Prastya\Downloads\WEB\system\CodeIgniter.php(355): CodeIgniter\CodeIgniter->handleRequest(NULL, Object(Config\Cache), false)
#11 C:\Users\Yudha Prastya\Downloads\WEB\system\Boot.php(334): CodeIgniter\CodeIgniter->run()
#12 C:\Users\Yudha Prastya\Downloads\WEB\system\Boot.php(67): CodeIgniter\Boot::runCodeIgniter(Object(CodeIgniter\CodeIgniter))
#13 C:\Users\Yudha Prastya\Downloads\WEB\public\index.php(56): CodeIgniter\Boot::bootWeb(Object(Config\Paths))
#14 C:\Users\Yudha Prastya\Downloads\WEB\system\rewrite.php(44): require_once('C:\\Users\\Yudha ...')
#15 {main}
DEBUG - 2025-02-14 08:18:46 --> Session: Class initialized using 'CodeIgniter\Session\Handlers\FileHandler' driver.
DEBUG - 2025-02-14 08:18:46 --> Session: Class initialized using 'CodeIgniter\Session\Handlers\FileHandler' driver.
DEBUG - 2025-02-14 08:18:47 --> Session: Class initialized using 'CodeIgniter\Session\Handlers\FileHandler' driver.
DEBUG - 2025-02-14 08:19:02 --> Session: Class initialized using 'CodeIgniter\Session\Handlers\FileHandler' driver.
DEBUG - 2025-02-14 08:19:03 --> Session: Class initialized using 'CodeIgniter\Session\Handlers\FileHandler' driver.
ERROR - 2025-02-14 08:19:05 --> mysqli_sql_exception: Operand should contain 1 column(s) in C:\Users\Yudha Prastya\Downloads\WEB\system\Database\MySQLi\Connection.php:312
Stack trace:
#0 C:\Users\Yudha Prastya\Downloads\WEB\system\Database\MySQLi\Connection.php(312): mysqli->query('INSERT INTO `la...', 0)
#1 C:\Users\Yudha Prastya\Downloads\WEB\system\Database\BaseConnection.php(734): CodeIgniter\Database\MySQLi\Connection->execute('INSERT INTO `la...')
#2 C:\Users\Yudha Prastya\Downloads\WEB\system\Database\BaseConnection.php(648): CodeIgniter\Database\BaseConnection->simpleQuery('INSERT INTO `la...')
#3 C:\Users\Yudha Prastya\Downloads\WEB\system\Database\BaseBuilder.php(2340): CodeIgniter\Database\BaseConnection->query('INSERT INTO `la...', Array, false)
#4 C:\Users\Yudha Prastya\Downloads\WEB\system\Model.php(394): CodeIgniter\Database\BaseBuilder->insert()
#5 C:\Users\Yudha Prastya\Downloads\WEB\system\BaseModel.php(839): CodeIgniter\Model->doInsert(Array)
#6 C:\Users\Yudha Prastya\Downloads\WEB\system\Model.php(800): CodeIgniter\BaseModel->insert(Array, true)
#7 C:\Users\Yudha Prastya\Downloads\WEB\app\Controllers\BarangBuktiController.php(59): CodeIgniter\Model->insert(Array)
#8 C:\Users\Yudha Prastya\Downloads\WEB\system\CodeIgniter.php(933): App\Controllers\BarangBuktiController->storePengambilanBarangBukti()
#9 C:\Users\Yudha Prastya\Downloads\WEB\system\CodeIgniter.php(509): CodeIgniter\CodeIgniter->runController(Object(App\Controllers\BarangBuktiController))
#10 C:\Users\Yudha Prastya\Downloads\WEB\system\CodeIgniter.php(355): CodeIgniter\CodeIgniter->handleRequest(NULL, Object(Config\Cache), false)
#11 C:\Users\Yudha Prastya\Downloads\WEB\system\Boot.php(334): CodeIgniter\CodeIgniter->run()
#12 C:\Users\Yudha Prastya\Downloads\WEB\system\Boot.php(67): CodeIgniter\Boot::runCodeIgniter(Object(CodeIgniter\CodeIgniter))
#13 C:\Users\Yudha Prastya\Downloads\WEB\public\index.php(56): CodeIgniter\Boot::bootWeb(Object(Config\Paths))
#14 C:\Users\Yudha Prastya\Downloads\WEB\system\rewrite.php(44): require_once('C:\\Users\\Yudha ...')
#15 {main}
DEBUG - 2025-02-14 08:19:05 --> Session: Class initialized using 'CodeIgniter\Session\Handlers\FileHandler' driver.
DEBUG - 2025-02-14 08:19:05 --> Session: Class initialized using 'CodeIgniter\Session\Handlers\FileHandler' driver.
DEBUG - 2025-02-14 08:19:05 --> Session: Class initialized using 'CodeIgniter\Session\Handlers\FileHandler' driver.
DEBUG - 2025-02-14 08:19:07 --> Session: Class initialized using 'CodeIgniter\Session\Handlers\FileHandler' driver.
DEBUG - 2025-02-14 08:19:07 --> Session: Class initialized using 'CodeIgniter\Session\Handlers\FileHandler' driver.
ERROR - 2025-02-14 08:19:12 --> mysqli_sql_exception: Operand should contain 1 column(s) in C:\Users\Yudha Prastya\Downloads\WEB\system\Database\MySQLi\Connection.php:312
Stack trace:
#0 C:\Users\Yudha Prastya\Downloads\WEB\system\Database\MySQLi\Connection.php(312): mysqli->query('INSERT INTO `la...', 0)
#1 C:\Users\Yudha Prastya\Downloads\WEB\system\Database\BaseConnection.php(734): CodeIgniter\Database\MySQLi\Connection->execute('INSERT INTO `la...')
#2 C:\Users\Yudha Prastya\Downloads\WEB\system\Database\BaseConnection.php(648): CodeIgniter\Database\BaseConnection->simpleQuery('INSERT INTO `la...')
#3 C:\Users\Yudha Prastya\Downloads\WEB\system\Database\BaseBuilder.php(2340): CodeIgniter\Database\BaseConnection->query('INSERT INTO `la...', Array, false)
#4 C:\Users\Yudha Prastya\Downloads\WEB\system\Model.php(394): CodeIgniter\Database\BaseBuilder->insert()
#5 C:\Users\Yudha Prastya\Downloads\WEB\system\BaseModel.php(839): CodeIgniter\Model->doInsert(Array)
#6 C:\Users\Yudha Prastya\Downloads\WEB\system\Model.php(800): CodeIgniter\BaseModel->insert(Array, true)
#7 C:\Users\Yudha Prastya\Downloads\WEB\app\Controllers\BarangBuktiController.php(59): CodeIgniter\Model->insert(Array)
#8 C:\Users\Yudha Prastya\Downloads\WEB\system\CodeIgniter.php(933): App\Controllers\BarangBuktiController->storePengambilanBarangBukti()
#9 C:\Users\Yudha Prastya\Downloads\WEB\system\CodeIgniter.php(509): CodeIgniter\CodeIgniter->runController(Object(App\Controllers\BarangBuktiController))
#10 C:\Users\Yudha Prastya\Downloads\WEB\system\CodeIgniter.php(355): CodeIgniter\CodeIgniter->handleRequest(NULL, Object(Config\Cache), false)
#11 C:\Users\Yudha Prastya\Downloads\WEB\system\Boot.php(334): CodeIgniter\CodeIgniter->run()
#12 C:\Users\Yudha Prastya\Downloads\WEB\system\Boot.php(67): CodeIgniter\Boot::runCodeIgniter(Object(CodeIgniter\CodeIgniter))
#13 C:\Users\Yudha Prastya\Downloads\WEB\public\index.php(56): CodeIgniter\Boot::bootWeb(Object(Config\Paths))
#14 C:\Users\Yudha Prastya\Downloads\WEB\system\rewrite.php(44): require_once('C:\\Users\\Yudha ...')
#15 {main}
DEBUG - 2025-02-14 08:19:12 --> Session: Class initialized using 'CodeIgniter\Session\Handlers\FileHandler' driver.
DEBUG - 2025-02-14 08:19:12 --> Session: Class initialized using 'CodeIgniter\Session\Handlers\FileHandler' driver.
DEBUG - 2025-02-14 08:19:12 --> Session: Class initialized using 'CodeIgniter\Session\Handlers\FileHandler' driver.
DEBUG - 2025-02-14 08:19:14 --> Session: Class initialized using 'CodeIgniter\Session\Handlers\FileHandler' driver.
DEBUG - 2025-02-14 08:19:14 --> Session: Class initialized using 'CodeIgniter\Session\Handlers\FileHandler' driver.
ERROR - 2025-02-14 08:19:41 --> mysqli_sql_exception: Operand should contain 1 column(s) in C:\Users\Yudha Prastya\Downloads\WEB\system\Database\MySQLi\Connection.php:312
Stack trace:
#0 C:\Users\Yudha Prastya\Downloads\WEB\system\Database\MySQLi\Connection.php(312): mysqli->query('INSERT INTO `la...', 0)
#1 C:\Users\Yudha Prastya\Downloads\WEB\system\Database\BaseConnection.php(734): CodeIgniter\Database\MySQLi\Connection->execute('INSERT INTO `la...')
#2 C:\Users\Yudha Prastya\Downloads\WEB\system\Database\BaseConnection.php(648): CodeIgniter\Database\BaseConnection->simpleQuery('INSERT INTO `la...')
#3 C:\Users\Yudha Prastya\Downloads\WEB\system\Database\BaseBuilder.php(2340): CodeIgniter\Database\BaseConnection->query('INSERT INTO `la...', Array, false)
#4 C:\Users\Yudha Prastya\Downloads\WEB\system\Model.php(394): CodeIgniter\Database\BaseBuilder->insert()
#5 C:\Users\Yudha Prastya\Downloads\WEB\system\BaseModel.php(839): CodeIgniter\Model->doInsert(Array)
#6 C:\Users\Yudha Prastya\Downloads\WEB\system\Model.php(800): CodeIgniter\BaseModel->insert(Array, true)
#7 C:\Users\Yudha Prastya\Downloads\WEB\app\Controllers\BarangBuktiController.php(59): CodeIgniter\Model->insert(Array)
#8 C:\Users\Yudha Prastya\Downloads\WEB\system\CodeIgniter.php(933): App\Controllers\BarangBuktiController->storePengambilanBarangBukti()
#9 C:\Users\Yudha Prastya\Downloads\WEB\system\CodeIgniter.php(509): CodeIgniter\CodeIgniter->runController(Object(App\Controllers\BarangBuktiController))
#10 C:\Users\Yudha Prastya\Downloads\WEB\system\CodeIgniter.php(355): CodeIgniter\CodeIgniter->handleRequest(NULL, Object(Config\Cache), false)
#11 C:\Users\Yudha Prastya\Downloads\WEB\system\Boot.php(334): CodeIgniter\CodeIgniter->run()
#12 C:\Users\Yudha Prastya\Downloads\WEB\system\Boot.php(67): CodeIgniter\Boot::runCodeIgniter(Object(CodeIgniter\CodeIgniter))
#13 C:\Users\Yudha Prastya\Downloads\WEB\public\index.php(56): CodeIgniter\Boot::bootWeb(Object(Config\Paths))
#14 C:\Users\Yudha Prastya\Downloads\WEB\system\rewrite.php(44): require_once('C:\\Users\\Yudha ...')
#15 {main}
DEBUG - 2025-02-14 08:19:43 --> Session: Class initialized using 'CodeIgniter\Session\Handlers\FileHandler' driver.
DEBUG - 2025-02-14 08:19:43 --> Session: Class initialized using 'CodeIgniter\Session\Handlers\FileHandler' driver.
ERROR - 2025-02-14 08:20:05 --> mysqli_sql_exception: Operand should contain 1 column(s) in C:\Users\Yudha Prastya\Downloads\WEB\system\Database\MySQLi\Connection.php:312
Stack trace:
#0 C:\Users\Yudha Prastya\Downloads\WEB\system\Database\MySQLi\Connection.php(312): mysqli->query('INSERT INTO `la...', 0)
#1 C:\Users\Yudha Prastya\Downloads\WEB\system\Database\BaseConnection.php(734): CodeIgniter\Database\MySQLi\Connection->execute('INSERT INTO `la...')
#2 C:\Users\Yudha Prastya\Downloads\WEB\system\Database\BaseConnection.php(648): CodeIgniter\Database\BaseConnection->simpleQuery('INSERT INTO `la...')
#3 C:\Users\Yudha Prastya\Downloads\WEB\system\Database\BaseBuilder.php(2340): CodeIgniter\Database\BaseConnection->query('INSERT INTO `la...', Array, false)
#4 C:\Users\Yudha Prastya\Downloads\WEB\system\Model.php(394): CodeIgniter\Database\BaseBuilder->insert()
#5 C:\Users\Yudha Prastya\Downloads\WEB\system\BaseModel.php(839): CodeIgniter\Model->doInsert(Array)
#6 C:\Users\Yudha Prastya\Downloads\WEB\system\Model.php(800): CodeIgniter\BaseModel->insert(Array, true)
#7 C:\Users\Yudha Prastya\Downloads\WEB\app\Controllers\BarangBuktiController.php(59): CodeIgniter\Model->insert(Array)
#8 C:\Users\Yudha Prastya\Downloads\WEB\system\CodeIgniter.php(933): App\Controllers\BarangBuktiController->storePengambilanBarangBukti()
#9 C:\Users\Yudha Prastya\Downloads\WEB\system\CodeIgniter.php(509): CodeIgniter\CodeIgniter->runController(Object(App\Controllers\BarangBuktiController))
#10 C:\Users\Yudha Prastya\Downloads\WEB\system\CodeIgniter.php(355): CodeIgniter\CodeIgniter->handleRequest(NULL, Object(Config\Cache), false)
#11 C:\Users\Yudha Prastya\Downloads\WEB\system\Boot.php(334): CodeIgniter\CodeIgniter->run()
#12 C:\Users\Yudha Prastya\Downloads\WEB\system\Boot.php(67): CodeIgniter\Boot::runCodeIgniter(Object(CodeIgniter\CodeIgniter))
#13 C:\Users\Yudha Prastya\Downloads\WEB\public\index.php(56): CodeIgniter\Boot::bootWeb(Object(Config\Paths))
#14 C:\Users\Yudha Prastya\Downloads\WEB\system\rewrite.php(44): require_once('C:\\Users\\Yudha ...')
#15 {main}
ERROR - 2025-02-14 08:20:33 --> mysqli_sql_exception: Operand should contain 1 column(s) in C:\Users\Yudha Prastya\Downloads\WEB\system\Database\MySQLi\Connection.php:312
Stack trace:
#0 C:\Users\Yudha Prastya\Downloads\WEB\system\Database\MySQLi\Connection.php(312): mysqli->query('INSERT INTO `la...', 0)
#1 C:\Users\Yudha Prastya\Downloads\WEB\system\Database\BaseConnection.php(734): CodeIgniter\Database\MySQLi\Connection->execute('INSERT INTO `la...')
#2 C:\Users\Yudha Prastya\Downloads\WEB\system\Database\BaseConnection.php(648): CodeIgniter\Database\BaseConnection->simpleQuery('INSERT INTO `la...')
#3 C:\Users\Yudha Prastya\Downloads\WEB\system\Database\BaseBuilder.php(2340): CodeIgniter\Database\BaseConnection->query('INSERT INTO `la...', Array, false)
#4 C:\Users\Yudha Prastya\Downloads\WEB\system\Model.php(394): CodeIgniter\Database\BaseBuilder->insert()
#5 C:\Users\Yudha Prastya\Downloads\WEB\system\BaseModel.php(839): CodeIgniter\Model->doInsert(Array)
#6 C:\Users\Yudha Prastya\Downloads\WEB\system\Model.php(800): CodeIgniter\BaseModel->insert(Array, true)
#7 C:\Users\Yudha Prastya\Downloads\WEB\app\Controllers\BarangBuktiController.php(59): CodeIgniter\Model->insert(Array)
#8 C:\Users\Yudha Prastya\Downloads\WEB\system\CodeIgniter.php(933): App\Controllers\BarangBuktiController->storePengambilanBarangBukti()
#9 C:\Users\Yudha Prastya\Downloads\WEB\system\CodeIgniter.php(509): CodeIgniter\CodeIgniter->runController(Object(App\Controllers\BarangBuktiController))
#10 C:\Users\Yudha Prastya\Downloads\WEB\system\CodeIgniter.php(355): CodeIgniter\CodeIgniter->handleRequest(NULL, Object(Config\Cache), false)
#11 C:\Users\Yudha Prastya\Downloads\WEB\system\Boot.php(334): CodeIgniter\CodeIgniter->run()
#12 C:\Users\Yudha Prastya\Downloads\WEB\system\Boot.php(67): CodeIgniter\Boot::runCodeIgniter(Object(CodeIgniter\CodeIgniter))
#13 C:\Users\Yudha Prastya\Downloads\WEB\public\index.php(56): CodeIgniter\Boot::bootWeb(Object(Config\Paths))
#14 C:\Users\Yudha Prastya\Downloads\WEB\system\rewrite.php(44): require_once('C:\\Users\\Yudha ...')
#15 {main}
ERROR - 2025-02-14 08:20:46 --> mysqli_sql_exception: Operand should contain 1 column(s) in C:\Users\Yudha Prastya\Downloads\WEB\system\Database\MySQLi\Connection.php:312
Stack trace:
#0 C:\Users\Yudha Prastya\Downloads\WEB\system\Database\MySQLi\Connection.php(312): mysqli->query('INSERT INTO `la...', 0)
#1 C:\Users\Yudha Prastya\Downloads\WEB\system\Database\BaseConnection.php(734): CodeIgniter\Database\MySQLi\Connection->execute('INSERT INTO `la...')
#2 C:\Users\Yudha Prastya\Downloads\WEB\system\Database\BaseConnection.php(648): CodeIgniter\Database\BaseConnection->simpleQuery('INSERT INTO `la...')
#3 C:\Users\Yudha Prastya\Downloads\WEB\system\Database\BaseBuilder.php(2340): CodeIgniter\Database\BaseConnection->query('INSERT INTO `la...', Array, false)
#4 C:\Users\Yudha Prastya\Downloads\WEB\system\Model.php(394): CodeIgniter\Database\BaseBuilder->insert()
#5 C:\Users\Yudha Prastya\Downloads\WEB\system\BaseModel.php(839): CodeIgniter\Model->doInsert(Array)
#6 C:\Users\Yudha Prastya\Downloads\WEB\system\Model.php(800): CodeIgniter\BaseModel->insert(Array, true)
#7 C:\Users\Yudha Prastya\Downloads\WEB\app\Controllers\BarangBuktiController.php(59): CodeIgniter\Model->insert(Array)
#8 C:\Users\Yudha Prastya\Downloads\WEB\system\CodeIgniter.php(933): App\Controllers\BarangBuktiController->storePengambilanBarangBukti()
#9 C:\Users\Yudha Prastya\Downloads\WEB\system\CodeIgniter.php(509): CodeIgniter\CodeIgniter->runController(Object(App\Controllers\BarangBuktiController))
#10 C:\Users\Yudha Prastya\Downloads\WEB\system\CodeIgniter.php(355): CodeIgniter\CodeIgniter->handleRequest(NULL, Object(Config\Cache), false)
#11 C:\Users\Yudha Prastya\Downloads\WEB\system\Boot.php(334): CodeIgniter\CodeIgniter->run()
#12 C:\Users\Yudha Prastya\Downloads\WEB\system\Boot.php(67): CodeIgniter\Boot::runCodeIgniter(Object(CodeIgniter\CodeIgniter))
#13 C:\Users\Yudha Prastya\Downloads\WEB\public\index.php(56): CodeIgniter\Boot::bootWeb(Object(Config\Paths))
#14 C:\Users\Yudha Prastya\Downloads\WEB\system\rewrite.php(44): require_once('C:\\Users\\Yudha ...')
#15 {main}
DEBUG - 2025-02-14 08:21:45 --> Session: Class initialized using 'CodeIgniter\Session\Handlers\FileHandler' driver.
DEBUG - 2025-02-14 08:21:45 --> Session: Class initialized using 'CodeIgniter\Session\Handlers\FileHandler' driver.
DEBUG - 2025-02-14 08:21:47 --> Session: Class initialized using 'CodeIgniter\Session\Handlers\FileHandler' driver.
DEBUG - 2025-02-14 08:21:47 --> Session: Class initialized using 'CodeIgniter\Session\Handlers\FileHandler' driver.
DEBUG - 2025-02-14 08:21:48 --> Session: Class initialized using 'CodeIgniter\Session\Handlers\FileHandler' driver.
DEBUG - 2025-02-14 08:21:49 --> Session: Class initialized using 'CodeIgniter\Session\Handlers\FileHandler' driver.
DEBUG - 2025-02-14 08:21:49 --> Session: Class initialized using 'CodeIgniter\Session\Handlers\FileHandler' driver.
DEBUG - 2025-02-14 08:21:52 --> Session: Class initialized using 'CodeIgniter\Session\Handlers\FileHandler' driver.
DEBUG - 2025-02-14 08:21:53 --> Session: Class initialized using 'CodeIgniter\Session\Handlers\FileHandler' driver.
DEBUG - 2025-02-14 08:21:54 --> Session: Class initialized using 'CodeIgniter\Session\Handlers\FileHandler' driver.
DEBUG - 2025-02-14 08:21:54 --> Session: Class initialized using 'CodeIgniter\Session\Handlers\FileHandler' driver.
DEBUG - 2025-02-14 08:21:56 --> Session: Class initialized using 'CodeIgniter\Session\Handlers\FileHandler' driver.
DEBUG - 2025-02-14 08:21:56 --> Session: Class initialized using 'CodeIgniter\Session\Handlers\FileHandler' driver.
DEBUG - 2025-02-14 08:21:58 --> Session: Class initialized using 'CodeIgniter\Session\Handlers\FileHandler' driver.
DEBUG - 2025-02-14 08:21:58 --> Session: Class initialized using 'CodeIgniter\Session\Handlers\FileHandler' driver.
DEBUG - 2025-02-14 08:25:32 --> Session: Class initialized using 'CodeIgniter\Session\Handlers\FileHandler' driver.
DEBUG - 2025-02-14 08:25:32 --> Session: Class initialized using 'CodeIgniter\Session\Handlers\FileHandler' driver.
DEBUG - 2025-02-14 08:25:34 --> Session: Class initialized using 'CodeIgniter\Session\Handlers\FileHandler' driver.
DEBUG - 2025-02-14 08:25:35 --> Session: Class initialized using 'CodeIgniter\Session\Handlers\FileHandler' driver.
DEBUG - 2025-02-14 08:25:35 --> Session: Class initialized using 'CodeIgniter\Session\Handlers\FileHandler' driver.
CRITICAL - 2025-02-14 08:26:05 --> ErrorException: Array to string conversion
[Method: POST, Route: layanan/barang-bukti]
in APPPATH\Controllers\BarangBuktiController.php on line 52.
 1 APPPATH\Controllers\BarangBuktiController.php(52): CodeIgniter\Debug\Exceptions->errorHandler(2, 'Array to string conversion', 'C:\\Users\\Yudha Prastya\\Downloads\\WEB\\app\\Controllers\\BarangBuktiController.php', 52)
 2 SYSTEMPATH\CodeIgniter.php(933): App\Controllers\BarangBuktiController->storePengambilanBarangBukti()
 3 SYSTEMPATH\CodeIgniter.php(509): CodeIgniter\CodeIgniter->runController(Object(App\Controllers\BarangBuktiController))
 4 SYSTEMPATH\CodeIgniter.php(355): CodeIgniter\CodeIgniter->handleRequest(null, Object(Config\Cache), false)
 5 SYSTEMPATH\Boot.php(334): CodeIgniter\CodeIgniter->run()
 6 SYSTEMPATH\Boot.php(67): CodeIgniter\Boot::runCodeIgniter(Object(CodeIgniter\CodeIgniter))
 7 FCPATH\index.php(56): CodeIgniter\Boot::bootWeb(Object(Config\Paths))
 8 SYSTEMPATH\rewrite.php(44): require_once('C:\\Users\\Yudha Prastya\\Downloads\\WEB\\public\\index.php')
CRITICAL - 2025-02-14 08:26:22 --> TypeError: Unsupported operand types: string + array
[Method: POST, Route: layanan/barang-bukti]
in APPPATH\Controllers\BarangBuktiController.php on line 52.
 1 SYSTEMPATH\CodeIgniter.php(933): App\Controllers\BarangBuktiController->storePengambilanBarangBukti()
 2 SYSTEMPATH\CodeIgniter.php(509): CodeIgniter\CodeIgniter->runController(Object(App\Controllers\BarangBuktiController))
 3 SYSTEMPATH\CodeIgniter.php(355): CodeIgniter\CodeIgniter->handleRequest(null, Object(Config\Cache), false)
 4 SYSTEMPATH\Boot.php(334): CodeIgniter\CodeIgniter->run()
 5 SYSTEMPATH\Boot.php(67): CodeIgniter\Boot::runCodeIgniter(Object(CodeIgniter\CodeIgniter))
 6 FCPATH\index.php(56): CodeIgniter\Boot::bootWeb(Object(Config\Paths))
 7 SYSTEMPATH\rewrite.php(44): require_once('C:\\Users\\Yudha Prastya\\Downloads\\WEB\\public\\index.php')
DEBUG - 2025-02-14 08:27:09 --> Session: Class initialized using 'CodeIgniter\Session\Handlers\FileHandler' driver.
DEBUG - 2025-02-14 08:27:09 --> Session: Class initialized using 'CodeIgniter\Session\Handlers\FileHandler' driver.
CRITICAL - 2025-02-14 08:28:18 --> ErrorException: Undefined array key "data"
[Method: POST, Route: layanan/barang-bukti]
in APPPATH\Controllers\BarangBuktiController.php on line 33.
 1 APPPATH\Controllers\BarangBuktiController.php(33): CodeIgniter\Debug\Exceptions->errorHandler(2, 'Undefined array key "data"', 'C:\\Users\\Yudha Prastya\\Downloads\\WEB\\app\\Controllers\\BarangBuktiController.php', 33)
 2 SYSTEMPATH\CodeIgniter.php(933): App\Controllers\BarangBuktiController->storePengambilanBarangBukti()
 3 SYSTEMPATH\CodeIgniter.php(509): CodeIgniter\CodeIgniter->runController(Object(App\Controllers\BarangBuktiController))
 4 SYSTEMPATH\CodeIgniter.php(355): CodeIgniter\CodeIgniter->handleRequest(null, Object(Config\Cache), false)
 5 SYSTEMPATH\Boot.php(334): CodeIgniter\CodeIgniter->run()
 6 SYSTEMPATH\Boot.php(67): CodeIgniter\Boot::runCodeIgniter(Object(CodeIgniter\CodeIgniter))
 7 FCPATH\index.php(56): CodeIgniter\Boot::bootWeb(Object(Config\Paths))
 8 SYSTEMPATH\rewrite.php(44): require_once('C:\\Users\\Yudha Prastya\\Downloads\\WEB\\public\\index.php')
DEBUG - 2025-02-14 08:32:50 --> Session: Class initialized using 'CodeIgniter\Session\Handlers\FileHandler' driver.
DEBUG - 2025-02-14 08:32:50 --> Session: Class initialized using 'CodeIgniter\Session\Handlers\FileHandler' driver.
DEBUG - 2025-02-14 08:32:51 --> Session: Class initialized using 'CodeIgniter\Session\Handlers\FileHandler' driver.
DEBUG - 2025-02-14 08:34:04 --> Session: Class initialized using 'CodeIgniter\Session\Handlers\FileHandler' driver.
DEBUG - 2025-02-14 08:34:05 --> Session: Class initialized using 'CodeIgniter\Session\Handlers\FileHandler' driver.
DEBUG - 2025-02-14 08:34:08 --> Session: Class initialized using 'CodeIgniter\Session\Handlers\FileHandler' driver.
DEBUG - 2025-02-14 08:34:08 --> Session: Class initialized using 'CodeIgniter\Session\Handlers\FileHandler' driver.
DEBUG - 2025-02-14 08:34:08 --> Session: Class initialized using 'CodeIgniter\Session\Handlers\FileHandler' driver.
DEBUG - 2025-02-14 08:34:23 --> Session: Class initialized using 'CodeIgniter\Session\Handlers\FileHandler' driver.
DEBUG - 2025-02-14 08:34:23 --> Session: Class initialized using 'CodeIgniter\Session\Handlers\FileHandler' driver.
DEBUG - 2025-02-14 08:34:35 --> Session: Class initialized using 'CodeIgniter\Session\Handlers\FileHandler' driver.
DEBUG - 2025-02-14 08:34:35 --> Session: Class initialized using 'CodeIgniter\Session\Handlers\FileHandler' driver.
DEBUG - 2025-02-14 08:34:36 --> Session: Class initialized using 'CodeIgniter\Session\Handlers\FileHandler' driver.
DEBUG - 2025-02-14 08:34:44 --> Session: Class initialized using 'CodeIgniter\Session\Handlers\FileHandler' driver.
DEBUG - 2025-02-14 08:34:44 --> Session: Class initialized using 'CodeIgniter\Session\Handlers\FileHandler' driver.
DEBUG - 2025-02-14 08:34:46 --> Session: Class initialized using 'CodeIgniter\Session\Handlers\FileHandler' driver.
DEBUG - 2025-02-14 08:34:46 --> Session: Class initialized using 'CodeIgniter\Session\Handlers\FileHandler' driver.
DEBUG - 2025-02-14 08:34:47 --> Session: Class initialized using 'CodeIgniter\Session\Handlers\FileHandler' driver.
DEBUG - 2025-02-14 08:35:02 --> Session: Class initialized using 'CodeIgniter\Session\Handlers\FileHandler' driver.
DEBUG - 2025-02-14 08:35:03 --> Session: Class initialized using 'CodeIgniter\Session\Handlers\FileHandler' driver.
DEBUG - 2025-02-14 08:36:05 --> Session: Class initialized using 'CodeIgniter\Session\Handlers\FileHandler' driver.
DEBUG - 2025-02-14 08:36:06 --> Session: Class initialized using 'CodeIgniter\Session\Handlers\FileHandler' driver.
DEBUG - 2025-02-14 08:36:06 --> Session: Class initialized using 'CodeIgniter\Session\Handlers\FileHandler' driver.
DEBUG - 2025-02-14 08:36:07 --> Session: Class initialized using 'CodeIgniter\Session\Handlers\FileHandler' driver.
DEBUG - 2025-02-14 08:36:09 --> Session: Class initialized using 'CodeIgniter\Session\Handlers\FileHandler' driver.
DEBUG - 2025-02-14 08:36:09 --> Session: Class initialized using 'CodeIgniter\Session\Handlers\FileHandler' driver.
DEBUG - 2025-02-14 08:36:11 --> Session: Class initialized using 'CodeIgniter\Session\Handlers\FileHandler' driver.
DEBUG - 2025-02-14 08:37:32 --> Session: Class initialized using 'CodeIgniter\Session\Handlers\FileHandler' driver.
DEBUG - 2025-02-14 08:37:32 --> Session: Class initialized using 'CodeIgniter\Session\Handlers\FileHandler' driver.
DEBUG - 2025-02-14 08:37:34 --> Session: Class initialized using 'CodeIgniter\Session\Handlers\FileHandler' driver.
DEBUG - 2025-02-14 08:37:34 --> Session: Class initialized using 'CodeIgniter\Session\Handlers\FileHandler' driver.
DEBUG - 2025-02-14 08:37:35 --> Session: Class initialized using 'CodeIgniter\Session\Handlers\FileHandler' driver.
DEBUG - 2025-02-14 08:37:43 --> Session: Class initialized using 'CodeIgniter\Session\Handlers\FileHandler' driver.
DEBUG - 2025-02-14 08:37:43 --> Session: Class initialized using 'CodeIgniter\Session\Handlers\FileHandler' driver.
DEBUG - 2025-02-14 08:37:46 --> Session: Class initialized using 'CodeIgniter\Session\Handlers\FileHandler' driver.
DEBUG - 2025-02-14 08:37:46 --> Session: Class initialized using 'CodeIgniter\Session\Handlers\FileHandler' driver.
DEBUG - 2025-02-14 08:37:46 --> Session: Class initialized using 'CodeIgniter\Session\Handlers\FileHandler' driver.
DEBUG - 2025-02-14 08:58:43 --> Session: Class initialized using 'CodeIgniter\Session\Handlers\FileHandler' driver.
DEBUG - 2025-02-14 08:58:44 --> Session: Class initialized using 'CodeIgniter\Session\Handlers\FileHandler' driver.
DEBUG - 2025-02-14 08:58:46 --> Session: Class initialized using 'CodeIgniter\Session\Handlers\FileHandler' driver.
DEBUG - 2025-02-14 08:58:46 --> Session: Class initialized using 'CodeIgniter\Session\Handlers\FileHandler' driver.
DEBUG - 2025-02-14 08:58:47 --> Session: Class initialized using 'CodeIgniter\Session\Handlers\FileHandler' driver.
DEBUG - 2025-02-14 08:59:20 --> Session: Class initialized using 'CodeIgniter\Session\Handlers\FileHandler' driver.
DEBUG - 2025-02-14 08:59:20 --> Session: Class initialized using 'CodeIgniter\Session\Handlers\FileHandler' driver.
DEBUG - 2025-02-14 08:59:22 --> Session: Class initialized using 'CodeIgniter\Session\Handlers\FileHandler' driver.
DEBUG - 2025-02-14 08:59:22 --> Session: Class initialized using 'CodeIgniter\Session\Handlers\FileHandler' driver.
DEBUG - 2025-02-14 08:59:23 --> Session: Class initialized using 'CodeIgniter\Session\Handlers\FileHandler' driver.
DEBUG - 2025-02-14 09:01:21 --> Session: Class initialized using 'CodeIgniter\Session\Handlers\FileHandler' driver.
DEBUG - 2025-02-14 09:01:22 --> Session: Class initialized using 'CodeIgniter\Session\Handlers\FileHandler' driver.
DEBUG - 2025-02-14 09:01:24 --> Session: Class initialized using 'CodeIgniter\Session\Handlers\FileHandler' driver.
DEBUG - 2025-02-14 09:01:24 --> Session: Class initialized using 'CodeIgniter\Session\Handlers\FileHandler' driver.
DEBUG - 2025-02-14 09:01:25 --> Session: Class initialized using 'CodeIgniter\Session\Handlers\FileHandler' driver.
DEBUG - 2025-02-14 09:01:38 --> Session: Class initialized using 'CodeIgniter\Session\Handlers\FileHandler' driver.
DEBUG - 2025-02-14 09:01:39 --> Session: Class initialized using 'CodeIgniter\Session\Handlers\FileHandler' driver.
DEBUG - 2025-02-14 09:02:00 --> Session: Class initialized using 'CodeIgniter\Session\Handlers\FileHandler' driver.
DEBUG - 2025-02-14 09:02:01 --> Session: Class initialized using 'CodeIgniter\Session\Handlers\FileHandler' driver.
DEBUG - 2025-02-14 09:02:01 --> Session: Class initialized using 'CodeIgniter\Session\Handlers\FileHandler' driver.
DEBUG - 2025-02-14 09:02:02 --> Session: Class initialized using 'CodeIgniter\Session\Handlers\FileHandler' driver.
DEBUG - 2025-02-14 09:02:05 --> Session: Class initialized using 'CodeIgniter\Session\Handlers\FileHandler' driver.
DEBUG - 2025-02-14 09:02:05 --> Session: Class initialized using 'CodeIgniter\Session\Handlers\FileHandler' driver.
DEBUG - 2025-02-14 09:02:06 --> Session: Class initialized using 'CodeIgniter\Session\Handlers\FileHandler' driver.
DEBUG - 2025-02-14 09:02:14 --> Session: Class initialized using 'CodeIgniter\Session\Handlers\FileHandler' driver.
DEBUG - 2025-02-14 09:02:15 --> Session: Class initialized using 'CodeIgniter\Session\Handlers\FileHandler' driver.
DEBUG - 2025-02-14 09:02:17 --> Session: Class initialized using 'CodeIgniter\Session\Handlers\FileHandler' driver.
DEBUG - 2025-02-14 09:02:17 --> Session: Class initialized using 'CodeIgniter\Session\Handlers\FileHandler' driver.
DEBUG - 2025-02-14 09:02:17 --> Session: Class initialized using 'CodeIgniter\Session\Handlers\FileHandler' driver.
DEBUG - 2025-02-14 09:03:18 --> Session: Class initialized using 'CodeIgniter\Session\Handlers\FileHandler' driver.
DEBUG - 2025-02-14 09:03:19 --> Session: Class initialized using 'CodeIgniter\Session\Handlers\FileHandler' driver.
DEBUG - 2025-02-14 09:03:52 --> Session: Class initialized using 'CodeIgniter\Session\Handlers\FileHandler' driver.
DEBUG - 2025-02-14 09:03:53 --> Session: Class initialized using 'CodeIgniter\Session\Handlers\FileHandler' driver.
DEBUG - 2025-02-14 09:05:33 --> Session: Class initialized using 'CodeIgniter\Session\Handlers\FileHandler' driver.
DEBUG - 2025-02-14 09:05:34 --> Session: Class initialized using 'CodeIgniter\Session\Handlers\FileHandler' driver.
DEBUG - 2025-02-14 09:05:46 --> Session: Class initialized using 'CodeIgniter\Session\Handlers\FileHandler' driver.
DEBUG - 2025-02-14 09:05:47 --> Session: Class initialized using 'CodeIgniter\Session\Handlers\FileHandler' driver.
DEBUG - 2025-02-14 09:05:49 --> Session: Class initialized using 'CodeIgniter\Session\Handlers\FileHandler' driver.
DEBUG - 2025-02-14 09:05:50 --> Session: Class initialized using 'CodeIgniter\Session\Handlers\FileHandler' driver.
DEBUG - 2025-02-14 09:06:03 --> Session: Class initialized using 'CodeIgniter\Session\Handlers\FileHandler' driver.
DEBUG - 2025-02-14 09:06:04 --> Session: Class initialized using 'CodeIgniter\Session\Handlers\FileHandler' driver.
DEBUG - 2025-02-14 09:06:14 --> Session: Class initialized using 'CodeIgniter\Session\Handlers\FileHandler' driver.
DEBUG - 2025-02-14 09:06:15 --> Session: Class initialized using 'CodeIgniter\Session\Handlers\FileHandler' driver.
DEBUG - 2025-02-14 09:06:18 --> Session: Class initialized using 'CodeIgniter\Session\Handlers\FileHandler' driver.
DEBUG - 2025-02-14 09:06:19 --> Session: Class initialized using 'CodeIgniter\Session\Handlers\FileHandler' driver.
DEBUG - 2025-02-14 09:06:19 --> Session: Class initialized using 'CodeIgniter\Session\Handlers\FileHandler' driver.
