ERROR - 2025-02-08 15:02:30 --> mysqli_sql_exception: You have an error in your SQL syntax; check the manual that corresponds to your MariaDB server version for the right syntax to use near '1 PRIMARY KEY(`id`)
) DEFAULT CHARACTER SET = utf8mb4 COLLATE = utf8mb4_gener...' at line 8 in C:\Users\Yudha Prastya\Downloads\WEB\system\Database\MySQLi\Connection.php:312
Stack trace:
#0 C:\Users\Yudha Prastya\Downloads\WEB\system\Database\MySQLi\Connection.php(312): mysqli->query('CREATE TABLE `b...', 0)
#1 C:\Users\Yudha Prastya\Downloads\WEB\system\Database\BaseConnection.php(734): CodeIgniter\Database\MySQLi\Connection->execute('CREATE TABLE `b...')
#2 C:\Users\Yudha Prastya\Downloads\WEB\system\Database\BaseConnection.php(648): CodeIgniter\Database\BaseConnection->simpleQuery('CREATE TABLE `b...')
#3 C:\Users\Yudha Prastya\Downloads\WEB\system\Database\Forge.php(570): CodeIgniter\Database\BaseConnection->query('CREATE TABLE `b...')
#4 C:\Users\Yudha Prastya\Downloads\WEB\app\Database\Migrations\2025-02-08-144719_BeritaMigration.php(37): CodeIgniter\Database\Forge->createTable('berita')
#5 C:\Users\Yudha Prastya\Downloads\WEB\system\Database\MigrationRunner.php(866): App\Database\Migrations\BeritaMigration->up()
#6 C:\Users\Yudha Prastya\Downloads\WEB\system\Database\MigrationRunner.php(182): CodeIgniter\Database\MigrationRunner->migrate('up', Object(stdClass))
#7 C:\Users\Yudha Prastya\Downloads\WEB\system\Commands\Database\Migrate.php(85): CodeIgniter\Database\MigrationRunner->latest(NULL)
#8 C:\Users\Yudha Prastya\Downloads\WEB\system\CLI\Commands.php(70): CodeIgniter\Commands\Database\Migrate->run(Array)
#9 C:\Users\Yudha Prastya\Downloads\WEB\system\CLI\Console.php(48): CodeIgniter\CLI\Commands->run('migrate', Array)
#10 C:\Users\Yudha Prastya\Downloads\WEB\system\Boot.php(360): CodeIgniter\CLI\Console->run()
#11 C:\Users\Yudha Prastya\Downloads\WEB\system\Boot.php(104): CodeIgniter\Boot::runCommand(Object(CodeIgniter\CLI\Console))
#12 C:\Users\Yudha Prastya\Downloads\WEB\spark(84): CodeIgniter\Boot::bootSpark(Object(Config\Paths))
#13 {main}
ERROR - 2025-02-08 15:03:16 --> mysqli_sql_exception: You have an error in your SQL syntax; check the manual that corresponds to your MariaDB server version for the right syntax to use near '1 PRIMARY KEY(`id`)
) DEFAULT CHARACTER SET = utf8mb4 COLLATE = utf8mb4_gener...' at line 8 in C:\Users\Yudha Prastya\Downloads\WEB\system\Database\MySQLi\Connection.php:312
Stack trace:
#0 C:\Users\Yudha Prastya\Downloads\WEB\system\Database\MySQLi\Connection.php(312): mysqli->query('CREATE TABLE `b...', 0)
#1 C:\Users\Yudha Prastya\Downloads\WEB\system\Database\BaseConnection.php(734): CodeIgniter\Database\MySQLi\Connection->execute('CREATE TABLE `b...')
#2 C:\Users\Yudha Prastya\Downloads\WEB\system\Database\BaseConnection.php(648): CodeIgniter\Database\BaseConnection->simpleQuery('CREATE TABLE `b...')
#3 C:\Users\Yudha Prastya\Downloads\WEB\system\Database\Forge.php(570): CodeIgniter\Database\BaseConnection->query('CREATE TABLE `b...')
#4 C:\Users\Yudha Prastya\Downloads\WEB\app\Database\Migrations\2025-02-08-144719_BeritaMigration.php(37): CodeIgniter\Database\Forge->createTable('berita')
#5 C:\Users\Yudha Prastya\Downloads\WEB\system\Database\MigrationRunner.php(866): App\Database\Migrations\BeritaMigration->up()
#6 C:\Users\Yudha Prastya\Downloads\WEB\system\Database\MigrationRunner.php(182): CodeIgniter\Database\MigrationRunner->migrate('up', Object(stdClass))
#7 C:\Users\Yudha Prastya\Downloads\WEB\system\Commands\Database\Migrate.php(85): CodeIgniter\Database\MigrationRunner->latest(NULL)
#8 C:\Users\Yudha Prastya\Downloads\WEB\system\CLI\Commands.php(70): CodeIgniter\Commands\Database\Migrate->run(Array)
#9 C:\Users\Yudha Prastya\Downloads\WEB\system\CLI\BaseCommand.php(119): CodeIgniter\CLI\Commands->run('migrate', Array)
#10 C:\Users\Yudha Prastya\Downloads\WEB\system\Commands\Database\MigrateRefresh.php(87): CodeIgniter\CLI\BaseCommand->call('migrate', Array)
#11 C:\Users\Yudha Prastya\Downloads\WEB\system\CLI\Commands.php(70): CodeIgniter\Commands\Database\MigrateRefresh->run(Array)
#12 C:\Users\Yudha Prastya\Downloads\WEB\system\CLI\Console.php(48): CodeIgniter\CLI\Commands->run('migrate:refresh', Array)
#13 C:\Users\Yudha Prastya\Downloads\WEB\system\Boot.php(360): CodeIgniter\CLI\Console->run()
#14 C:\Users\Yudha Prastya\Downloads\WEB\system\Boot.php(104): CodeIgniter\Boot::runCommand(Object(CodeIgniter\CLI\Console))
#15 C:\Users\Yudha Prastya\Downloads\WEB\spark(84): CodeIgniter\Boot::bootSpark(Object(Config\Paths))
#16 {main}
ERROR - 2025-02-08 15:56:44 --> mysqli_sql_exception: You have an error in your SQL syntax; check the manual that corresponds to your MariaDB server version for the right syntax to use near '1 PRIMARY KEY(`id`)
) DEFAULT CHARACTER SET = utf8mb4 COLLATE = utf8mb4_gener...' at line 8 in C:\Users\Yudha Prastya\Downloads\WEB\system\Database\MySQLi\Connection.php:312
Stack trace:
#0 C:\Users\Yudha Prastya\Downloads\WEB\system\Database\MySQLi\Connection.php(312): mysqli->query('CREATE TABLE `b...', 0)
#1 C:\Users\Yudha Prastya\Downloads\WEB\system\Database\BaseConnection.php(734): CodeIgniter\Database\MySQLi\Connection->execute('CREATE TABLE `b...')
#2 C:\Users\Yudha Prastya\Downloads\WEB\system\Database\BaseConnection.php(648): CodeIgniter\Database\BaseConnection->simpleQuery('CREATE TABLE `b...')
#3 C:\Users\Yudha Prastya\Downloads\WEB\system\Database\Forge.php(570): CodeIgniter\Database\BaseConnection->query('CREATE TABLE `b...')
#4 C:\Users\Yudha Prastya\Downloads\WEB\app\Database\Migrations\2025-02-08-144719_BeritaMigration.php(37): CodeIgniter\Database\Forge->createTable('berita')
#5 C:\Users\Yudha Prastya\Downloads\WEB\system\Database\MigrationRunner.php(866): App\Database\Migrations\BeritaMigration->up()
#6 C:\Users\Yudha Prastya\Downloads\WEB\system\Database\MigrationRunner.php(182): CodeIgniter\Database\MigrationRunner->migrate('up', Object(stdClass))
#7 C:\Users\Yudha Prastya\Downloads\WEB\system\Commands\Database\Migrate.php(85): CodeIgniter\Database\MigrationRunner->latest(NULL)
#8 C:\Users\Yudha Prastya\Downloads\WEB\vendor\codeigniter4\shield\src\Commands\Setup.php(430): CodeIgniter\Commands\Database\Migrate->run(Array)
#9 C:\Users\Yudha Prastya\Downloads\WEB\vendor\codeigniter4\shield\src\Commands\Setup.php(97): CodeIgniter\Shield\Commands\Setup->runMigrations()
#10 C:\Users\Yudha Prastya\Downloads\WEB\vendor\codeigniter4\shield\src\Commands\Setup.php(82): CodeIgniter\Shield\Commands\Setup->publishConfig()
#11 C:\Users\Yudha Prastya\Downloads\WEB\system\CLI\Commands.php(70): CodeIgniter\Shield\Commands\Setup->run(Array)
#12 C:\Users\Yudha Prastya\Downloads\WEB\system\CLI\Console.php(48): CodeIgniter\CLI\Commands->run('shield:setup', Array)
#13 C:\Users\Yudha Prastya\Downloads\WEB\system\Boot.php(360): CodeIgniter\CLI\Console->run()
#14 C:\Users\Yudha Prastya\Downloads\WEB\system\Boot.php(104): CodeIgniter\Boot::runCommand(Object(CodeIgniter\CLI\Console))
#15 C:\Users\Yudha Prastya\Downloads\WEB\spark(84): CodeIgniter\Boot::bootSpark(Object(Config\Paths))
#16 {main}
ERROR - 2025-02-08 15:58:48 --> mysqli_sql_exception: Unknown table 'knsalati_webknsalatiga.berita' in C:\Users\Yudha Prastya\Downloads\WEB\system\Database\MySQLi\Connection.php:312
Stack trace:
#0 C:\Users\Yudha Prastya\Downloads\WEB\system\Database\MySQLi\Connection.php(312): mysqli->query('DROP TABLE `ber...', 0)
#1 C:\Users\Yudha Prastya\Downloads\WEB\system\Database\BaseConnection.php(734): CodeIgniter\Database\MySQLi\Connection->execute('DROP TABLE `ber...')
#2 C:\Users\Yudha Prastya\Downloads\WEB\system\Database\BaseConnection.php(648): CodeIgniter\Database\BaseConnection->simpleQuery('DROP TABLE `ber...')
#3 C:\Users\Yudha Prastya\Downloads\WEB\system\Database\Forge.php(663): CodeIgniter\Database\BaseConnection->query('DROP TABLE `ber...')
#4 C:\Users\Yudha Prastya\Downloads\WEB\app\Database\Migrations\2025-02-08-144719_BeritaMigration.php(42): CodeIgniter\Database\Forge->dropTable('berita')
#5 C:\Users\Yudha Prastya\Downloads\WEB\system\Database\MigrationRunner.php(866): App\Database\Migrations\BeritaMigration->down()
#6 C:\Users\Yudha Prastya\Downloads\WEB\system\Database\MigrationRunner.php(289): CodeIgniter\Database\MigrationRunner->migrate('down', Object(stdClass))
#7 C:\Users\Yudha Prastya\Downloads\WEB\system\Commands\Database\MigrateRollback.php(101): CodeIgniter\Database\MigrationRunner->regress(0)
#8 C:\Users\Yudha Prastya\Downloads\WEB\system\CLI\Commands.php(70): CodeIgniter\Commands\Database\MigrateRollback->run(Array)
#9 C:\Users\Yudha Prastya\Downloads\WEB\system\CLI\BaseCommand.php(119): CodeIgniter\CLI\Commands->run('migrate:rollbac...', Array)
#10 C:\Users\Yudha Prastya\Downloads\WEB\system\Commands\Database\MigrateRefresh.php(86): CodeIgniter\CLI\BaseCommand->call('migrate:rollbac...', Array)
#11 C:\Users\Yudha Prastya\Downloads\WEB\system\CLI\Commands.php(70): CodeIgniter\Commands\Database\MigrateRefresh->run(Array)
#12 C:\Users\Yudha Prastya\Downloads\WEB\system\CLI\Console.php(48): CodeIgniter\CLI\Commands->run('migrate:refresh', Array)
#13 C:\Users\Yudha Prastya\Downloads\WEB\system\Boot.php(360): CodeIgniter\CLI\Console->run()
#14 C:\Users\Yudha Prastya\Downloads\WEB\system\Boot.php(104): CodeIgniter\Boot::runCommand(Object(CodeIgniter\CLI\Console))
#15 C:\Users\Yudha Prastya\Downloads\WEB\spark(84): CodeIgniter\Boot::bootSpark(Object(Config\Paths))
#16 {main}
CRITICAL - 2025-02-08 16:09:07 --> TypeError: CodeIgniter\Router\RouteCollection::get(): Argument #3 ($options) must be of type ?array, string given, called in C:\Users\Yudha Prastya\Downloads\WEB\app\Config\Routes.php on line 35
[Method: GET, Route: api/berita]
in SYSTEMPATH\Router\RouteCollection.php on line 1050.
 1 APPPATH\Config\Routes.php(35): CodeIgniter\Router\RouteCollection->get('berita', 'App\\Controllers\\BeritaController', 'index')
 2 SYSTEMPATH\Router\RouteCollection.php(799): CodeIgniter\Router\RouteCollection::{closure}(Object(CodeIgniter\Router\RouteCollection))
 3 APPPATH\Config\Routes.php(34): CodeIgniter\Router\RouteCollection->group('api', [...], Object(Closure))
 4 SYSTEMPATH\Router\RouteCollection.php(339): require('C:\\Users\\Yudha Prastya\\Downloads\\WEB\\app\\Config\\Routes.php')
 5 SYSTEMPATH\CodeIgniter.php(823): CodeIgniter\Router\RouteCollection->loadRoutes()
 6 SYSTEMPATH\CodeIgniter.php(457): CodeIgniter\CodeIgniter->tryToRouteIt(null)
 7 SYSTEMPATH\CodeIgniter.php(355): CodeIgniter\CodeIgniter->handleRequest(null, Object(Config\Cache), false)
 8 SYSTEMPATH\Boot.php(334): CodeIgniter\CodeIgniter->run()
 9 SYSTEMPATH\Boot.php(67): CodeIgniter\Boot::runCodeIgniter(Object(CodeIgniter\CodeIgniter))
10 FCPATH\index.php(56): CodeIgniter\Boot::bootWeb(Object(Config\Paths))
11 SYSTEMPATH\rewrite.php(44): require_once('C:\\Users\\Yudha Prastya\\Downloads\\WEB\\public\\index.php')
CRITICAL - 2025-02-08 16:09:09 --> TypeError: CodeIgniter\Router\RouteCollection::get(): Argument #3 ($options) must be of type ?array, string given, called in C:\Users\Yudha Prastya\Downloads\WEB\app\Config\Routes.php on line 35
[Method: GET, Route: api/berita]
in SYSTEMPATH\Router\RouteCollection.php on line 1050.
 1 APPPATH\Config\Routes.php(35): CodeIgniter\Router\RouteCollection->get('berita', 'App\\Controllers\\BeritaController', 'index')
 2 SYSTEMPATH\Router\RouteCollection.php(799): CodeIgniter\Router\RouteCollection::{closure}(Object(CodeIgniter\Router\RouteCollection))
 3 APPPATH\Config\Routes.php(34): CodeIgniter\Router\RouteCollection->group('api', [...], Object(Closure))
 4 SYSTEMPATH\Router\RouteCollection.php(339): require('C:\\Users\\Yudha Prastya\\Downloads\\WEB\\app\\Config\\Routes.php')
 5 SYSTEMPATH\CodeIgniter.php(823): CodeIgniter\Router\RouteCollection->loadRoutes()
 6 SYSTEMPATH\CodeIgniter.php(457): CodeIgniter\CodeIgniter->tryToRouteIt(null)
 7 SYSTEMPATH\CodeIgniter.php(355): CodeIgniter\CodeIgniter->handleRequest(null, Object(Config\Cache), false)
 8 SYSTEMPATH\Boot.php(334): CodeIgniter\CodeIgniter->run()
 9 SYSTEMPATH\Boot.php(67): CodeIgniter\Boot::runCodeIgniter(Object(CodeIgniter\CodeIgniter))
10 FCPATH\index.php(56): CodeIgniter\Boot::bootWeb(Object(Config\Paths))
11 SYSTEMPATH\rewrite.php(44): require_once('C:\\Users\\Yudha Prastya\\Downloads\\WEB\\public\\index.php')
CRITICAL - 2025-02-08 16:10:41 --> Error: Call to a member function findAll() on null
[Method: GET, Route: api/berita]
in APPPATH\Controllers\Api\BeritaController.php on line 16.
 1 SYSTEMPATH\CodeIgniter.php(933): App\Controllers\Api\BeritaController->index()
 2 SYSTEMPATH\CodeIgniter.php(509): CodeIgniter\CodeIgniter->runController(Object(App\Controllers\Api\BeritaController))
 3 SYSTEMPATH\CodeIgniter.php(355): CodeIgniter\CodeIgniter->handleRequest(null, Object(Config\Cache), false)
 4 SYSTEMPATH\Boot.php(334): CodeIgniter\CodeIgniter->run()
 5 SYSTEMPATH\Boot.php(67): CodeIgniter\Boot::runCodeIgniter(Object(CodeIgniter\CodeIgniter))
 6 FCPATH\index.php(56): CodeIgniter\Boot::bootWeb(Object(Config\Paths))
 7 SYSTEMPATH\rewrite.php(44): require_once('C:\\Users\\Yudha Prastya\\Downloads\\WEB\\public\\index.php')
ERROR - 2025-02-08 16:11:03 --> mysqli_sql_exception: Table 'knsalati_webknsalatiga.beritas' doesn't exist in C:\Users\Yudha Prastya\Downloads\WEB\system\Database\MySQLi\Connection.php:312
Stack trace:
#0 C:\Users\Yudha Prastya\Downloads\WEB\system\Database\MySQLi\Connection.php(312): mysqli->query('SELECT *\nFROM `...', 0)
#1 C:\Users\Yudha Prastya\Downloads\WEB\system\Database\BaseConnection.php(734): CodeIgniter\Database\MySQLi\Connection->execute('SELECT *\nFROM `...')
#2 C:\Users\Yudha Prastya\Downloads\WEB\system\Database\BaseConnection.php(648): CodeIgniter\Database\BaseConnection->simpleQuery('SELECT *\nFROM `...')
#3 C:\Users\Yudha Prastya\Downloads\WEB\system\Database\BaseBuilder.php(1644): CodeIgniter\Database\BaseConnection->query('SELECT *\nFROM `...', Array, false)
#4 C:\Users\Yudha Prastya\Downloads\WEB\system\Model.php(286): CodeIgniter\Database\BaseBuilder->get()
#5 C:\Users\Yudha Prastya\Downloads\WEB\system\BaseModel.php(675): CodeIgniter\Model->doFindAll(0, 0)
#6 C:\Users\Yudha Prastya\Downloads\WEB\app\Controllers\Api\BeritaController.php(16): CodeIgniter\BaseModel->findAll()
#7 C:\Users\Yudha Prastya\Downloads\WEB\system\CodeIgniter.php(933): App\Controllers\Api\BeritaController->index()
#8 C:\Users\Yudha Prastya\Downloads\WEB\system\CodeIgniter.php(509): CodeIgniter\CodeIgniter->runController(Object(App\Controllers\Api\BeritaController))
#9 C:\Users\Yudha Prastya\Downloads\WEB\system\CodeIgniter.php(355): CodeIgniter\CodeIgniter->handleRequest(NULL, Object(Config\Cache), false)
#10 C:\Users\Yudha Prastya\Downloads\WEB\system\Boot.php(334): CodeIgniter\CodeIgniter->run()
#11 C:\Users\Yudha Prastya\Downloads\WEB\system\Boot.php(67): CodeIgniter\Boot::runCodeIgniter(Object(CodeIgniter\CodeIgniter))
#12 C:\Users\Yudha Prastya\Downloads\WEB\public\index.php(56): CodeIgniter\Boot::bootWeb(Object(Config\Paths))
#13 C:\Users\Yudha Prastya\Downloads\WEB\system\rewrite.php(44): require_once('C:\\Users\\Yudha ...')
#14 {main}
CRITICAL - 2025-02-08 16:11:03 --> Error: Call to a member function getResult() on bool
[Method: GET, Route: api/berita]
in SYSTEMPATH\Model.php on line 287.
 1 SYSTEMPATH\BaseModel.php(675): CodeIgniter\Model->doFindAll(0, 0)
 2 APPPATH\Controllers\Api\BeritaController.php(16): CodeIgniter\BaseModel->findAll()
 3 SYSTEMPATH\CodeIgniter.php(933): App\Controllers\Api\BeritaController->index()
 4 SYSTEMPATH\CodeIgniter.php(509): CodeIgniter\CodeIgniter->runController(Object(App\Controllers\Api\BeritaController))
 5 SYSTEMPATH\CodeIgniter.php(355): CodeIgniter\CodeIgniter->handleRequest(null, Object(Config\Cache), false)
 6 SYSTEMPATH\Boot.php(334): CodeIgniter\CodeIgniter->run()
 7 SYSTEMPATH\Boot.php(67): CodeIgniter\Boot::runCodeIgniter(Object(CodeIgniter\CodeIgniter))
 8 FCPATH\index.php(56): CodeIgniter\Boot::bootWeb(Object(Config\Paths))
 9 SYSTEMPATH\rewrite.php(44): require_once('C:\\Users\\Yudha Prastya\\Downloads\\WEB\\public\\index.php')
ERROR - 2025-02-08 16:11:32 --> mysqli_sql_exception: Table 'knsalati_webknsalatiga.beritas' doesn't exist in C:\Users\Yudha Prastya\Downloads\WEB\system\Database\MySQLi\Connection.php:312
Stack trace:
#0 C:\Users\Yudha Prastya\Downloads\WEB\system\Database\MySQLi\Connection.php(312): mysqli->query('SELECT *\nFROM `...', 0)
#1 C:\Users\Yudha Prastya\Downloads\WEB\system\Database\BaseConnection.php(734): CodeIgniter\Database\MySQLi\Connection->execute('SELECT *\nFROM `...')
#2 C:\Users\Yudha Prastya\Downloads\WEB\system\Database\BaseConnection.php(648): CodeIgniter\Database\BaseConnection->simpleQuery('SELECT *\nFROM `...')
#3 C:\Users\Yudha Prastya\Downloads\WEB\system\Database\BaseBuilder.php(1644): CodeIgniter\Database\BaseConnection->query('SELECT *\nFROM `...', Array, false)
#4 C:\Users\Yudha Prastya\Downloads\WEB\system\Model.php(286): CodeIgniter\Database\BaseBuilder->get()
#5 C:\Users\Yudha Prastya\Downloads\WEB\system\BaseModel.php(675): CodeIgniter\Model->doFindAll(0, 0)
#6 C:\Users\Yudha Prastya\Downloads\WEB\app\Controllers\Api\BeritaController.php(16): CodeIgniter\BaseModel->findAll()
#7 C:\Users\Yudha Prastya\Downloads\WEB\system\CodeIgniter.php(933): App\Controllers\Api\BeritaController->index()
#8 C:\Users\Yudha Prastya\Downloads\WEB\system\CodeIgniter.php(509): CodeIgniter\CodeIgniter->runController(Object(App\Controllers\Api\BeritaController))
#9 C:\Users\Yudha Prastya\Downloads\WEB\system\CodeIgniter.php(355): CodeIgniter\CodeIgniter->handleRequest(NULL, Object(Config\Cache), false)
#10 C:\Users\Yudha Prastya\Downloads\WEB\system\Boot.php(334): CodeIgniter\CodeIgniter->run()
#11 C:\Users\Yudha Prastya\Downloads\WEB\system\Boot.php(67): CodeIgniter\Boot::runCodeIgniter(Object(CodeIgniter\CodeIgniter))
#12 C:\Users\Yudha Prastya\Downloads\WEB\public\index.php(56): CodeIgniter\Boot::bootWeb(Object(Config\Paths))
#13 C:\Users\Yudha Prastya\Downloads\WEB\system\rewrite.php(44): require_once('C:\\Users\\Yudha ...')
#14 {main}
CRITICAL - 2025-02-08 16:11:32 --> Error: Call to a member function getResult() on bool
[Method: GET, Route: api/berita]
in SYSTEMPATH\Model.php on line 287.
 1 SYSTEMPATH\BaseModel.php(675): CodeIgniter\Model->doFindAll(0, 0)
 2 APPPATH\Controllers\Api\BeritaController.php(16): CodeIgniter\BaseModel->findAll()
 3 SYSTEMPATH\CodeIgniter.php(933): App\Controllers\Api\BeritaController->index()
 4 SYSTEMPATH\CodeIgniter.php(509): CodeIgniter\CodeIgniter->runController(Object(App\Controllers\Api\BeritaController))
 5 SYSTEMPATH\CodeIgniter.php(355): CodeIgniter\CodeIgniter->handleRequest(null, Object(Config\Cache), false)
 6 SYSTEMPATH\Boot.php(334): CodeIgniter\CodeIgniter->run()
 7 SYSTEMPATH\Boot.php(67): CodeIgniter\Boot::runCodeIgniter(Object(CodeIgniter\CodeIgniter))
 8 FCPATH\index.php(56): CodeIgniter\Boot::bootWeb(Object(Config\Paths))
 9 SYSTEMPATH\rewrite.php(44): require_once('C:\\Users\\Yudha Prastya\\Downloads\\WEB\\public\\index.php')
ERROR - 2025-02-08 16:11:38 --> mysqli_sql_exception: Table 'knsalati_webknsalatiga.beritas' doesn't exist in C:\Users\Yudha Prastya\Downloads\WEB\system\Database\MySQLi\Connection.php:312
Stack trace:
#0 C:\Users\Yudha Prastya\Downloads\WEB\system\Database\MySQLi\Connection.php(312): mysqli->query('SELECT *\nFROM `...', 0)
#1 C:\Users\Yudha Prastya\Downloads\WEB\system\Database\BaseConnection.php(734): CodeIgniter\Database\MySQLi\Connection->execute('SELECT *\nFROM `...')
#2 C:\Users\Yudha Prastya\Downloads\WEB\system\Database\BaseConnection.php(648): CodeIgniter\Database\BaseConnection->simpleQuery('SELECT *\nFROM `...')
#3 C:\Users\Yudha Prastya\Downloads\WEB\system\Database\BaseBuilder.php(1644): CodeIgniter\Database\BaseConnection->query('SELECT *\nFROM `...', Array, false)
#4 C:\Users\Yudha Prastya\Downloads\WEB\system\Model.php(286): CodeIgniter\Database\BaseBuilder->get()
#5 C:\Users\Yudha Prastya\Downloads\WEB\system\BaseModel.php(675): CodeIgniter\Model->doFindAll(0, 0)
#6 C:\Users\Yudha Prastya\Downloads\WEB\app\Controllers\Api\BeritaController.php(16): CodeIgniter\BaseModel->findAll()
#7 C:\Users\Yudha Prastya\Downloads\WEB\system\CodeIgniter.php(933): App\Controllers\Api\BeritaController->index()
#8 C:\Users\Yudha Prastya\Downloads\WEB\system\CodeIgniter.php(509): CodeIgniter\CodeIgniter->runController(Object(App\Controllers\Api\BeritaController))
#9 C:\Users\Yudha Prastya\Downloads\WEB\system\CodeIgniter.php(355): CodeIgniter\CodeIgniter->handleRequest(NULL, Object(Config\Cache), false)
#10 C:\Users\Yudha Prastya\Downloads\WEB\system\Boot.php(334): CodeIgniter\CodeIgniter->run()
#11 C:\Users\Yudha Prastya\Downloads\WEB\system\Boot.php(67): CodeIgniter\Boot::runCodeIgniter(Object(CodeIgniter\CodeIgniter))
#12 C:\Users\Yudha Prastya\Downloads\WEB\public\index.php(56): CodeIgniter\Boot::bootWeb(Object(Config\Paths))
#13 C:\Users\Yudha Prastya\Downloads\WEB\system\rewrite.php(44): require_once('C:\\Users\\Yudha ...')
#14 {main}
CRITICAL - 2025-02-08 16:11:38 --> Error: Call to a member function getResult() on bool
[Method: GET, Route: api/berita]
in SYSTEMPATH\Model.php on line 287.
 1 SYSTEMPATH\BaseModel.php(675): CodeIgniter\Model->doFindAll(0, 0)
 2 APPPATH\Controllers\Api\BeritaController.php(16): CodeIgniter\BaseModel->findAll()
 3 SYSTEMPATH\CodeIgniter.php(933): App\Controllers\Api\BeritaController->index()
 4 SYSTEMPATH\CodeIgniter.php(509): CodeIgniter\CodeIgniter->runController(Object(App\Controllers\Api\BeritaController))
 5 SYSTEMPATH\CodeIgniter.php(355): CodeIgniter\CodeIgniter->handleRequest(null, Object(Config\Cache), false)
 6 SYSTEMPATH\Boot.php(334): CodeIgniter\CodeIgniter->run()
 7 SYSTEMPATH\Boot.php(67): CodeIgniter\Boot::runCodeIgniter(Object(CodeIgniter\CodeIgniter))
 8 FCPATH\index.php(56): CodeIgniter\Boot::bootWeb(Object(Config\Paths))
 9 SYSTEMPATH\rewrite.php(44): require_once('C:\\Users\\Yudha Prastya\\Downloads\\WEB\\public\\index.php')
ERROR - 2025-02-08 16:11:52 --> mysqli_sql_exception: Table 'knsalati_webknsalatiga.beritas' doesn't exist in C:\Users\Yudha Prastya\Downloads\WEB\system\Database\MySQLi\Connection.php:312
Stack trace:
#0 C:\Users\Yudha Prastya\Downloads\WEB\system\Database\MySQLi\Connection.php(312): mysqli->query('SELECT *\nFROM `...', 0)
#1 C:\Users\Yudha Prastya\Downloads\WEB\system\Database\BaseConnection.php(734): CodeIgniter\Database\MySQLi\Connection->execute('SELECT *\nFROM `...')
#2 C:\Users\Yudha Prastya\Downloads\WEB\system\Database\BaseConnection.php(648): CodeIgniter\Database\BaseConnection->simpleQuery('SELECT *\nFROM `...')
#3 C:\Users\Yudha Prastya\Downloads\WEB\system\Database\BaseBuilder.php(1644): CodeIgniter\Database\BaseConnection->query('SELECT *\nFROM `...', Array, false)
#4 C:\Users\Yudha Prastya\Downloads\WEB\system\Model.php(286): CodeIgniter\Database\BaseBuilder->get()
#5 C:\Users\Yudha Prastya\Downloads\WEB\system\BaseModel.php(675): CodeIgniter\Model->doFindAll(0, 0)
#6 C:\Users\Yudha Prastya\Downloads\WEB\app\Controllers\Api\BeritaController.php(14): CodeIgniter\BaseModel->findAll()
#7 C:\Users\Yudha Prastya\Downloads\WEB\system\CodeIgniter.php(933): App\Controllers\Api\BeritaController->index()
#8 C:\Users\Yudha Prastya\Downloads\WEB\system\CodeIgniter.php(509): CodeIgniter\CodeIgniter->runController(Object(App\Controllers\Api\BeritaController))
#9 C:\Users\Yudha Prastya\Downloads\WEB\system\CodeIgniter.php(355): CodeIgniter\CodeIgniter->handleRequest(NULL, Object(Config\Cache), false)
#10 C:\Users\Yudha Prastya\Downloads\WEB\system\Boot.php(334): CodeIgniter\CodeIgniter->run()
#11 C:\Users\Yudha Prastya\Downloads\WEB\system\Boot.php(67): CodeIgniter\Boot::runCodeIgniter(Object(CodeIgniter\CodeIgniter))
#12 C:\Users\Yudha Prastya\Downloads\WEB\public\index.php(56): CodeIgniter\Boot::bootWeb(Object(Config\Paths))
#13 C:\Users\Yudha Prastya\Downloads\WEB\system\rewrite.php(44): require_once('C:\\Users\\Yudha ...')
#14 {main}
CRITICAL - 2025-02-08 16:11:52 --> Error: Call to a member function getResult() on bool
[Method: GET, Route: api/berita]
in SYSTEMPATH\Model.php on line 287.
 1 SYSTEMPATH\BaseModel.php(675): CodeIgniter\Model->doFindAll(0, 0)
 2 APPPATH\Controllers\Api\BeritaController.php(14): CodeIgniter\BaseModel->findAll()
 3 SYSTEMPATH\CodeIgniter.php(933): App\Controllers\Api\BeritaController->index()
 4 SYSTEMPATH\CodeIgniter.php(509): CodeIgniter\CodeIgniter->runController(Object(App\Controllers\Api\BeritaController))
 5 SYSTEMPATH\CodeIgniter.php(355): CodeIgniter\CodeIgniter->handleRequest(null, Object(Config\Cache), false)
 6 SYSTEMPATH\Boot.php(334): CodeIgniter\CodeIgniter->run()
 7 SYSTEMPATH\Boot.php(67): CodeIgniter\Boot::runCodeIgniter(Object(CodeIgniter\CodeIgniter))
 8 FCPATH\index.php(56): CodeIgniter\Boot::bootWeb(Object(Config\Paths))
 9 SYSTEMPATH\rewrite.php(44): require_once('C:\\Users\\Yudha Prastya\\Downloads\\WEB\\public\\index.php')
ERROR - 2025-02-08 16:12:02 --> mysqli_sql_exception: Table 'knsalati_webknsalatiga.beritas' doesn't exist in C:\Users\Yudha Prastya\Downloads\WEB\system\Database\MySQLi\Connection.php:312
Stack trace:
#0 C:\Users\Yudha Prastya\Downloads\WEB\system\Database\MySQLi\Connection.php(312): mysqli->query('SELECT *\nFROM `...', 0)
#1 C:\Users\Yudha Prastya\Downloads\WEB\system\Database\BaseConnection.php(734): CodeIgniter\Database\MySQLi\Connection->execute('SELECT *\nFROM `...')
#2 C:\Users\Yudha Prastya\Downloads\WEB\system\Database\BaseConnection.php(648): CodeIgniter\Database\BaseConnection->simpleQuery('SELECT *\nFROM `...')
#3 C:\Users\Yudha Prastya\Downloads\WEB\system\Database\BaseBuilder.php(1644): CodeIgniter\Database\BaseConnection->query('SELECT *\nFROM `...', Array, false)
#4 C:\Users\Yudha Prastya\Downloads\WEB\system\Model.php(286): CodeIgniter\Database\BaseBuilder->get()
#5 C:\Users\Yudha Prastya\Downloads\WEB\system\BaseModel.php(675): CodeIgniter\Model->doFindAll(0, 0)
#6 C:\Users\Yudha Prastya\Downloads\WEB\app\Controllers\Api\BeritaController.php(16): CodeIgniter\BaseModel->findAll()
#7 C:\Users\Yudha Prastya\Downloads\WEB\system\CodeIgniter.php(933): App\Controllers\Api\BeritaController->index()
#8 C:\Users\Yudha Prastya\Downloads\WEB\system\CodeIgniter.php(509): CodeIgniter\CodeIgniter->runController(Object(App\Controllers\Api\BeritaController))
#9 C:\Users\Yudha Prastya\Downloads\WEB\system\CodeIgniter.php(355): CodeIgniter\CodeIgniter->handleRequest(NULL, Object(Config\Cache), false)
#10 C:\Users\Yudha Prastya\Downloads\WEB\system\Boot.php(334): CodeIgniter\CodeIgniter->run()
#11 C:\Users\Yudha Prastya\Downloads\WEB\system\Boot.php(67): CodeIgniter\Boot::runCodeIgniter(Object(CodeIgniter\CodeIgniter))
#12 C:\Users\Yudha Prastya\Downloads\WEB\public\index.php(56): CodeIgniter\Boot::bootWeb(Object(Config\Paths))
#13 C:\Users\Yudha Prastya\Downloads\WEB\system\rewrite.php(44): require_once('C:\\Users\\Yudha ...')
#14 {main}
CRITICAL - 2025-02-08 16:12:02 --> Error: Call to a member function getResult() on bool
[Method: GET, Route: api/berita]
in SYSTEMPATH\Model.php on line 287.
 1 SYSTEMPATH\BaseModel.php(675): CodeIgniter\Model->doFindAll(0, 0)
 2 APPPATH\Controllers\Api\BeritaController.php(16): CodeIgniter\BaseModel->findAll()
 3 SYSTEMPATH\CodeIgniter.php(933): App\Controllers\Api\BeritaController->index()
 4 SYSTEMPATH\CodeIgniter.php(509): CodeIgniter\CodeIgniter->runController(Object(App\Controllers\Api\BeritaController))
 5 SYSTEMPATH\CodeIgniter.php(355): CodeIgniter\CodeIgniter->handleRequest(null, Object(Config\Cache), false)
 6 SYSTEMPATH\Boot.php(334): CodeIgniter\CodeIgniter->run()
 7 SYSTEMPATH\Boot.php(67): CodeIgniter\Boot::runCodeIgniter(Object(CodeIgniter\CodeIgniter))
 8 FCPATH\index.php(56): CodeIgniter\Boot::bootWeb(Object(Config\Paths))
 9 SYSTEMPATH\rewrite.php(44): require_once('C:\\Users\\Yudha Prastya\\Downloads\\WEB\\public\\index.php')
DEBUG - 2025-02-08 16:13:11 --> Session: Class initialized using 'CodeIgniter\Session\Handlers\FileHandler' driver.
DEBUG - 2025-02-08 16:13:13 --> Session: Class initialized using 'CodeIgniter\Session\Handlers\FileHandler' driver.
ERROR - 2025-02-08 16:13:50 --> mysqli_sql_exception: Table 'knsalati_webknsalatiga.beritas' doesn't exist in C:\Users\Yudha Prastya\Downloads\WEB\system\Database\MySQLi\Connection.php:312
Stack trace:
#0 C:\Users\Yudha Prastya\Downloads\WEB\system\Database\MySQLi\Connection.php(312): mysqli->query('SELECT *\nFROM `...', 0)
#1 C:\Users\Yudha Prastya\Downloads\WEB\system\Database\BaseConnection.php(734): CodeIgniter\Database\MySQLi\Connection->execute('SELECT *\nFROM `...')
#2 C:\Users\Yudha Prastya\Downloads\WEB\system\Database\BaseConnection.php(648): CodeIgniter\Database\BaseConnection->simpleQuery('SELECT *\nFROM `...')
#3 C:\Users\Yudha Prastya\Downloads\WEB\system\Database\BaseBuilder.php(1644): CodeIgniter\Database\BaseConnection->query('SELECT *\nFROM `...', Array, false)
#4 C:\Users\Yudha Prastya\Downloads\WEB\system\Model.php(286): CodeIgniter\Database\BaseBuilder->get()
#5 C:\Users\Yudha Prastya\Downloads\WEB\system\BaseModel.php(675): CodeIgniter\Model->doFindAll(0, 0)
#6 C:\Users\Yudha Prastya\Downloads\WEB\app\Controllers\Api\BeritaController.php(16): CodeIgniter\BaseModel->findAll()
#7 C:\Users\Yudha Prastya\Downloads\WEB\system\CodeIgniter.php(933): App\Controllers\Api\BeritaController->index()
#8 C:\Users\Yudha Prastya\Downloads\WEB\system\CodeIgniter.php(509): CodeIgniter\CodeIgniter->runController(Object(App\Controllers\Api\BeritaController))
#9 C:\Users\Yudha Prastya\Downloads\WEB\system\CodeIgniter.php(355): CodeIgniter\CodeIgniter->handleRequest(NULL, Object(Config\Cache), false)
#10 C:\Users\Yudha Prastya\Downloads\WEB\system\Boot.php(334): CodeIgniter\CodeIgniter->run()
#11 C:\Users\Yudha Prastya\Downloads\WEB\system\Boot.php(67): CodeIgniter\Boot::runCodeIgniter(Object(CodeIgniter\CodeIgniter))
#12 C:\Users\Yudha Prastya\Downloads\WEB\public\index.php(56): CodeIgniter\Boot::bootWeb(Object(Config\Paths))
#13 C:\Users\Yudha Prastya\Downloads\WEB\system\rewrite.php(44): require_once('C:\\Users\\Yudha ...')
#14 {main}
CRITICAL - 2025-02-08 16:13:50 --> Error: Call to a member function getResult() on bool
[Method: GET, Route: api/berita]
in SYSTEMPATH\Model.php on line 287.
 1 SYSTEMPATH\BaseModel.php(675): CodeIgniter\Model->doFindAll(0, 0)
 2 APPPATH\Controllers\Api\BeritaController.php(16): CodeIgniter\BaseModel->findAll()
 3 SYSTEMPATH\CodeIgniter.php(933): App\Controllers\Api\BeritaController->index()
 4 SYSTEMPATH\CodeIgniter.php(509): CodeIgniter\CodeIgniter->runController(Object(App\Controllers\Api\BeritaController))
 5 SYSTEMPATH\CodeIgniter.php(355): CodeIgniter\CodeIgniter->handleRequest(null, Object(Config\Cache), false)
 6 SYSTEMPATH\Boot.php(334): CodeIgniter\CodeIgniter->run()
 7 SYSTEMPATH\Boot.php(67): CodeIgniter\Boot::runCodeIgniter(Object(CodeIgniter\CodeIgniter))
 8 FCPATH\index.php(56): CodeIgniter\Boot::bootWeb(Object(Config\Paths))
 9 SYSTEMPATH\rewrite.php(44): require_once('C:\\Users\\Yudha Prastya\\Downloads\\WEB\\public\\index.php')
ERROR - 2025-02-08 16:14:09 --> mysqli_sql_exception: Table 'knsalati_webknsalatiga.beritas' doesn't exist in C:\Users\Yudha Prastya\Downloads\WEB\system\Database\MySQLi\Connection.php:312
Stack trace:
#0 C:\Users\Yudha Prastya\Downloads\WEB\system\Database\MySQLi\Connection.php(312): mysqli->query('SELECT *\nFROM `...', 0)
#1 C:\Users\Yudha Prastya\Downloads\WEB\system\Database\BaseConnection.php(734): CodeIgniter\Database\MySQLi\Connection->execute('SELECT *\nFROM `...')
#2 C:\Users\Yudha Prastya\Downloads\WEB\system\Database\BaseConnection.php(648): CodeIgniter\Database\BaseConnection->simpleQuery('SELECT *\nFROM `...')
#3 C:\Users\Yudha Prastya\Downloads\WEB\system\Database\BaseBuilder.php(1644): CodeIgniter\Database\BaseConnection->query('SELECT *\nFROM `...', Array, false)
#4 C:\Users\Yudha Prastya\Downloads\WEB\system\Model.php(286): CodeIgniter\Database\BaseBuilder->get()
#5 C:\Users\Yudha Prastya\Downloads\WEB\system\BaseModel.php(675): CodeIgniter\Model->doFindAll(0, 0)
#6 C:\Users\Yudha Prastya\Downloads\WEB\app\Controllers\Api\BeritaController.php(16): CodeIgniter\BaseModel->findAll()
#7 C:\Users\Yudha Prastya\Downloads\WEB\system\CodeIgniter.php(933): App\Controllers\Api\BeritaController->index()
#8 C:\Users\Yudha Prastya\Downloads\WEB\system\CodeIgniter.php(509): CodeIgniter\CodeIgniter->runController(Object(App\Controllers\Api\BeritaController))
#9 C:\Users\Yudha Prastya\Downloads\WEB\system\CodeIgniter.php(355): CodeIgniter\CodeIgniter->handleRequest(NULL, Object(Config\Cache), false)
#10 C:\Users\Yudha Prastya\Downloads\WEB\system\Boot.php(334): CodeIgniter\CodeIgniter->run()
#11 C:\Users\Yudha Prastya\Downloads\WEB\system\Boot.php(67): CodeIgniter\Boot::runCodeIgniter(Object(CodeIgniter\CodeIgniter))
#12 C:\Users\Yudha Prastya\Downloads\WEB\public\index.php(56): CodeIgniter\Boot::bootWeb(Object(Config\Paths))
#13 C:\Users\Yudha Prastya\Downloads\WEB\system\rewrite.php(44): require_once('C:\\Users\\Yudha ...')
#14 {main}
CRITICAL - 2025-02-08 16:14:09 --> Error: Call to a member function getResult() on bool
[Method: GET, Route: api/berita]
in SYSTEMPATH\Model.php on line 287.
 1 SYSTEMPATH\BaseModel.php(675): CodeIgniter\Model->doFindAll(0, 0)
 2 APPPATH\Controllers\Api\BeritaController.php(16): CodeIgniter\BaseModel->findAll()
 3 SYSTEMPATH\CodeIgniter.php(933): App\Controllers\Api\BeritaController->index()
 4 SYSTEMPATH\CodeIgniter.php(509): CodeIgniter\CodeIgniter->runController(Object(App\Controllers\Api\BeritaController))
 5 SYSTEMPATH\CodeIgniter.php(355): CodeIgniter\CodeIgniter->handleRequest(null, Object(Config\Cache), false)
 6 SYSTEMPATH\Boot.php(334): CodeIgniter\CodeIgniter->run()
 7 SYSTEMPATH\Boot.php(67): CodeIgniter\Boot::runCodeIgniter(Object(CodeIgniter\CodeIgniter))
 8 FCPATH\index.php(56): CodeIgniter\Boot::bootWeb(Object(Config\Paths))
 9 SYSTEMPATH\rewrite.php(44): require_once('C:\\Users\\Yudha Prastya\\Downloads\\WEB\\public\\index.php')
DEBUG - 2025-02-08 16:16:24 --> Session: Class initialized using 'CodeIgniter\Session\Handlers\FileHandler' driver.
DEBUG - 2025-02-08 16:16:43 --> Session: Class initialized using 'CodeIgniter\Session\Handlers\FileHandler' driver.
DEBUG - 2025-02-08 16:17:10 --> Session: Class initialized using 'CodeIgniter\Session\Handlers\FileHandler' driver.
DEBUG - 2025-02-08 16:21:05 --> Session: Class initialized using 'CodeIgniter\Session\Handlers\FileHandler' driver.
DEBUG - 2025-02-08 16:23:49 --> Session: Class initialized using 'CodeIgniter\Session\Handlers\FileHandler' driver.
DEBUG - 2025-02-08 16:29:03 --> Session: Class initialized using 'CodeIgniter\Session\Handlers\FileHandler' driver.
DEBUG - 2025-02-08 16:33:04 --> Session: Class initialized using 'CodeIgniter\Session\Handlers\FileHandler' driver.
DEBUG - 2025-02-08 16:33:13 --> Session: Class initialized using 'CodeIgniter\Session\Handlers\FileHandler' driver.
CRITICAL - 2025-02-08 16:52:25 --> Error: Non-static method Config\Services::fetchData() cannot be called statically
[Method: GET, Route: /]
in SYSTEMPATH\Config\BaseService.php on line 321.
 1 APPPATH\Controllers\HomeController.php(19): CodeIgniter\Config\BaseService::__callStatic('fetchData', [])
 2 SYSTEMPATH\CodeIgniter.php(903): App\Controllers\HomeController->__construct()
 3 SYSTEMPATH\CodeIgniter.php(500): CodeIgniter\CodeIgniter->createController()
 4 SYSTEMPATH\CodeIgniter.php(355): CodeIgniter\CodeIgniter->handleRequest(null, Object(Config\Cache), false)
 5 SYSTEMPATH\Boot.php(334): CodeIgniter\CodeIgniter->run()
 6 SYSTEMPATH\Boot.php(67): CodeIgniter\Boot::runCodeIgniter(Object(CodeIgniter\CodeIgniter))
 7 FCPATH\index.php(56): CodeIgniter\Boot::bootWeb(Object(Config\Paths))
 8 SYSTEMPATH\rewrite.php(44): require_once('C:\\Users\\Yudha Prastya\\Downloads\\WEB\\public\\index.php')
CRITICAL - 2025-02-08 16:53:12 --> ArgumentCountError: Too few arguments to function App\Controllers\HomeController::__construct(), 0 passed in C:\Users\Yudha Prastya\Downloads\WEB\system\CodeIgniter.php on line 903 and exactly 1 expected
[Method: GET, Route: /]
in APPPATH\Controllers\HomeController.php on line 13.
 1 SYSTEMPATH\CodeIgniter.php(903): App\Controllers\HomeController->__construct()
 2 SYSTEMPATH\CodeIgniter.php(500): CodeIgniter\CodeIgniter->createController()
 3 SYSTEMPATH\CodeIgniter.php(355): CodeIgniter\CodeIgniter->handleRequest(null, Object(Config\Cache), false)
 4 SYSTEMPATH\Boot.php(334): CodeIgniter\CodeIgniter->run()
 5 SYSTEMPATH\Boot.php(67): CodeIgniter\Boot::runCodeIgniter(Object(CodeIgniter\CodeIgniter))
 6 FCPATH\index.php(56): CodeIgniter\Boot::bootWeb(Object(Config\Paths))
 7 SYSTEMPATH\rewrite.php(44): require_once('C:\\Users\\Yudha Prastya\\Downloads\\WEB\\public\\index.php')
CRITICAL - 2025-02-08 16:53:14 --> ArgumentCountError: Too few arguments to function App\Controllers\HomeController::__construct(), 0 passed in C:\Users\Yudha Prastya\Downloads\WEB\system\CodeIgniter.php on line 903 and exactly 1 expected
[Method: GET, Route: /]
in APPPATH\Controllers\HomeController.php on line 13.
 1 SYSTEMPATH\CodeIgniter.php(903): App\Controllers\HomeController->__construct()
 2 SYSTEMPATH\CodeIgniter.php(500): CodeIgniter\CodeIgniter->createController()
 3 SYSTEMPATH\CodeIgniter.php(355): CodeIgniter\CodeIgniter->handleRequest(null, Object(Config\Cache), false)
 4 SYSTEMPATH\Boot.php(334): CodeIgniter\CodeIgniter->run()
 5 SYSTEMPATH\Boot.php(67): CodeIgniter\Boot::runCodeIgniter(Object(CodeIgniter\CodeIgniter))
 6 FCPATH\index.php(56): CodeIgniter\Boot::bootWeb(Object(Config\Paths))
 7 SYSTEMPATH\rewrite.php(44): require_once('C:\\Users\\Yudha Prastya\\Downloads\\WEB\\public\\index.php')
CRITICAL - 2025-02-08 16:53:28 --> Error: Non-static method Config\Services::fetchData() cannot be called statically
[Method: GET, Route: /]
in SYSTEMPATH\Config\BaseService.php on line 321.
 1 APPPATH\Controllers\HomeController.php(19): CodeIgniter\Config\BaseService::__callStatic('fetchData', [])
 2 SYSTEMPATH\CodeIgniter.php(903): App\Controllers\HomeController->__construct()
 3 SYSTEMPATH\CodeIgniter.php(500): CodeIgniter\CodeIgniter->createController()
 4 SYSTEMPATH\CodeIgniter.php(355): CodeIgniter\CodeIgniter->handleRequest(null, Object(Config\Cache), false)
 5 SYSTEMPATH\Boot.php(334): CodeIgniter\CodeIgniter->run()
 6 SYSTEMPATH\Boot.php(67): CodeIgniter\Boot::runCodeIgniter(Object(CodeIgniter\CodeIgniter))
 7 FCPATH\index.php(56): CodeIgniter\Boot::bootWeb(Object(Config\Paths))
 8 SYSTEMPATH\rewrite.php(44): require_once('C:\\Users\\Yudha Prastya\\Downloads\\WEB\\public\\index.php')
CRITICAL - 2025-02-08 16:55:52 --> ArgumentCountError: Too few arguments to function App\Controllers\HomeController::__construct(), 0 passed in C:\Users\Yudha Prastya\Downloads\WEB\system\CodeIgniter.php on line 903 and exactly 1 expected
[Method: GET, Route: /]
in APPPATH\Controllers\HomeController.php on line 14.
 1 SYSTEMPATH\CodeIgniter.php(903): App\Controllers\HomeController->__construct()
 2 SYSTEMPATH\CodeIgniter.php(500): CodeIgniter\CodeIgniter->createController()
 3 SYSTEMPATH\CodeIgniter.php(355): CodeIgniter\CodeIgniter->handleRequest(null, Object(Config\Cache), false)
 4 SYSTEMPATH\Boot.php(334): CodeIgniter\CodeIgniter->run()
 5 SYSTEMPATH\Boot.php(67): CodeIgniter\Boot::runCodeIgniter(Object(CodeIgniter\CodeIgniter))
 6 FCPATH\index.php(56): CodeIgniter\Boot::bootWeb(Object(Config\Paths))
 7 SYSTEMPATH\rewrite.php(44): require_once('C:\\Users\\Yudha Prastya\\Downloads\\WEB\\public\\index.php')
CRITICAL - 2025-02-08 16:58:26 --> Error: Class "App\Services\ApiService" not found
[Method: GET, Route: /]
in APPPATH\Config\Services.php on line 30.
 1 SYSTEMPATH\Config\BaseService.php(251): Config\Services::apiService(false)
 2 APPPATH\Config\Services.php(27): CodeIgniter\Config\BaseService::getSharedInstance('apiservice')
 3 SYSTEMPATH\Config\BaseService.php(321): Config\Services::apiService()
 4 SYSTEMPATH\Config\BaseService.php(202): CodeIgniter\Config\BaseService::__callStatic('apiService', [])
 5 SYSTEMPATH\Common.php(998): CodeIgniter\Config\BaseService::get('apiService')
 6 APPPATH\Controllers\HomeController.php(18): service('apiService')
 7 SYSTEMPATH\CodeIgniter.php(903): App\Controllers\HomeController->__construct()
 8 SYSTEMPATH\CodeIgniter.php(500): CodeIgniter\CodeIgniter->createController()
 9 SYSTEMPATH\CodeIgniter.php(355): CodeIgniter\CodeIgniter->handleRequest(null, Object(Config\Cache), false)
10 SYSTEMPATH\Boot.php(334): CodeIgniter\CodeIgniter->run()
11 SYSTEMPATH\Boot.php(67): CodeIgniter\Boot::runCodeIgniter(Object(CodeIgniter\CodeIgniter))
12 FCPATH\index.php(56): CodeIgniter\Boot::bootWeb(Object(Config\Paths))
13 SYSTEMPATH\rewrite.php(44): require_once('C:\\Users\\Yudha Prastya\\Downloads\\WEB\\public\\index.php')
CRITICAL - 2025-02-08 17:00:23 --> Error: Class "App\Services\ApiService" not found
[Method: GET, Route: /]
in APPPATH\Config\Services.php on line 30.
 1 SYSTEMPATH\Config\BaseService.php(251): Config\Services::apiService(false)
 2 APPPATH\Config\Services.php(27): CodeIgniter\Config\BaseService::getSharedInstance('apiservice')
 3 SYSTEMPATH\Config\BaseService.php(321): Config\Services::apiService()
 4 SYSTEMPATH\Config\BaseService.php(202): CodeIgniter\Config\BaseService::__callStatic('apiService', [])
 5 SYSTEMPATH\Common.php(998): CodeIgniter\Config\BaseService::get('apiService')
 6 APPPATH\Controllers\HomeController.php(18): service('apiService')
 7 SYSTEMPATH\CodeIgniter.php(903): App\Controllers\HomeController->__construct()
 8 SYSTEMPATH\CodeIgniter.php(500): CodeIgniter\CodeIgniter->createController()
 9 SYSTEMPATH\CodeIgniter.php(355): CodeIgniter\CodeIgniter->handleRequest(null, Object(Config\Cache), false)
10 SYSTEMPATH\Boot.php(334): CodeIgniter\CodeIgniter->run()
11 SYSTEMPATH\Boot.php(67): CodeIgniter\Boot::runCodeIgniter(Object(CodeIgniter\CodeIgniter))
12 FCPATH\index.php(56): CodeIgniter\Boot::bootWeb(Object(Config\Paths))
13 SYSTEMPATH\rewrite.php(44): require_once('C:\\Users\\Yudha Prastya\\Downloads\\WEB\\public\\index.php')
CRITICAL - 2025-02-08 17:00:24 --> Error: Class "App\Services\ApiService" not found
[Method: GET, Route: /]
in APPPATH\Config\Services.php on line 30.
 1 SYSTEMPATH\Config\BaseService.php(251): Config\Services::apiService(false)
 2 APPPATH\Config\Services.php(27): CodeIgniter\Config\BaseService::getSharedInstance('apiservice')
 3 SYSTEMPATH\Config\BaseService.php(321): Config\Services::apiService()
 4 SYSTEMPATH\Config\BaseService.php(202): CodeIgniter\Config\BaseService::__callStatic('apiService', [])
 5 SYSTEMPATH\Common.php(998): CodeIgniter\Config\BaseService::get('apiService')
 6 APPPATH\Controllers\HomeController.php(18): service('apiService')
 7 SYSTEMPATH\CodeIgniter.php(903): App\Controllers\HomeController->__construct()
 8 SYSTEMPATH\CodeIgniter.php(500): CodeIgniter\CodeIgniter->createController()
 9 SYSTEMPATH\CodeIgniter.php(355): CodeIgniter\CodeIgniter->handleRequest(null, Object(Config\Cache), false)
10 SYSTEMPATH\Boot.php(334): CodeIgniter\CodeIgniter->run()
11 SYSTEMPATH\Boot.php(67): CodeIgniter\Boot::runCodeIgniter(Object(CodeIgniter\CodeIgniter))
12 FCPATH\index.php(56): CodeIgniter\Boot::bootWeb(Object(Config\Paths))
13 SYSTEMPATH\rewrite.php(44): require_once('C:\\Users\\Yudha Prastya\\Downloads\\WEB\\public\\index.php')
CRITICAL - 2025-02-08 17:00:24 --> Error: Class "App\Services\ApiService" not found
[Method: GET, Route: /]
in APPPATH\Config\Services.php on line 30.
 1 SYSTEMPATH\Config\BaseService.php(251): Config\Services::apiService(false)
 2 APPPATH\Config\Services.php(27): CodeIgniter\Config\BaseService::getSharedInstance('apiservice')
 3 SYSTEMPATH\Config\BaseService.php(321): Config\Services::apiService()
 4 SYSTEMPATH\Config\BaseService.php(202): CodeIgniter\Config\BaseService::__callStatic('apiService', [])
 5 SYSTEMPATH\Common.php(998): CodeIgniter\Config\BaseService::get('apiService')
 6 APPPATH\Controllers\HomeController.php(18): service('apiService')
 7 SYSTEMPATH\CodeIgniter.php(903): App\Controllers\HomeController->__construct()
 8 SYSTEMPATH\CodeIgniter.php(500): CodeIgniter\CodeIgniter->createController()
 9 SYSTEMPATH\CodeIgniter.php(355): CodeIgniter\CodeIgniter->handleRequest(null, Object(Config\Cache), false)
10 SYSTEMPATH\Boot.php(334): CodeIgniter\CodeIgniter->run()
11 SYSTEMPATH\Boot.php(67): CodeIgniter\Boot::runCodeIgniter(Object(CodeIgniter\CodeIgniter))
12 FCPATH\index.php(56): CodeIgniter\Boot::bootWeb(Object(Config\Paths))
13 SYSTEMPATH\rewrite.php(44): require_once('C:\\Users\\Yudha Prastya\\Downloads\\WEB\\public\\index.php')
CRITICAL - 2025-02-08 17:00:40 --> CodeIgniter\View\Exceptions\ViewException: Invalid file: "error_view.php"
[Method: GET, Route: /]
in SYSTEMPATH\Exceptions\FrameworkException.php on line 41.
 1 SYSTEMPATH\View\View.php(222): CodeIgniter\Exceptions\FrameworkException::forInvalidFile('error_view.php')
 2 SYSTEMPATH\Common.php(1171): CodeIgniter\View\View->render('error_view', [], true)
 3 APPPATH\Controllers\HomeController.php(28): view('error_view', [...])
 4 SYSTEMPATH\CodeIgniter.php(933): App\Controllers\HomeController->index()
 5 SYSTEMPATH\CodeIgniter.php(509): CodeIgniter\CodeIgniter->runController(Object(App\Controllers\HomeController))
 6 SYSTEMPATH\CodeIgniter.php(355): CodeIgniter\CodeIgniter->handleRequest(null, Object(Config\Cache), false)
 7 SYSTEMPATH\Boot.php(334): CodeIgniter\CodeIgniter->run()
 8 SYSTEMPATH\Boot.php(67): CodeIgniter\Boot::runCodeIgniter(Object(CodeIgniter\CodeIgniter))
 9 FCPATH\index.php(56): CodeIgniter\Boot::bootWeb(Object(Config\Paths))
10 SYSTEMPATH\rewrite.php(44): require_once('C:\\Users\\Yudha Prastya\\Downloads\\WEB\\public\\index.php')
CRITICAL - 2025-02-08 17:00:41 --> CodeIgniter\View\Exceptions\ViewException: Invalid file: "error_view.php"
[Method: GET, Route: /]
in SYSTEMPATH\Exceptions\FrameworkException.php on line 41.
 1 SYSTEMPATH\View\View.php(222): CodeIgniter\Exceptions\FrameworkException::forInvalidFile('error_view.php')
 2 SYSTEMPATH\Common.php(1171): CodeIgniter\View\View->render('error_view', [], true)
 3 APPPATH\Controllers\HomeController.php(28): view('error_view', [...])
 4 SYSTEMPATH\CodeIgniter.php(933): App\Controllers\HomeController->index()
 5 SYSTEMPATH\CodeIgniter.php(509): CodeIgniter\CodeIgniter->runController(Object(App\Controllers\HomeController))
 6 SYSTEMPATH\CodeIgniter.php(355): CodeIgniter\CodeIgniter->handleRequest(null, Object(Config\Cache), false)
 7 SYSTEMPATH\Boot.php(334): CodeIgniter\CodeIgniter->run()
 8 SYSTEMPATH\Boot.php(67): CodeIgniter\Boot::runCodeIgniter(Object(CodeIgniter\CodeIgniter))
 9 FCPATH\index.php(56): CodeIgniter\Boot::bootWeb(Object(Config\Paths))
10 SYSTEMPATH\rewrite.php(44): require_once('C:\\Users\\Yudha Prastya\\Downloads\\WEB\\public\\index.php')
DEBUG - 2025-02-08 17:00:58 --> Session: Class initialized using 'CodeIgniter\Session\Handlers\FileHandler' driver.
DEBUG - 2025-02-08 17:00:59 --> Session: Class initialized using 'CodeIgniter\Session\Handlers\FileHandler' driver.
WARNING - 2025-02-08 17:08:08 --> [DEPRECATED] rtrim(): Passing null to parameter #1 ($string) of type string is deprecated in APPPATH\Services\ApiService.php on line 24.
 1 APPPATH\Services\ApiService.php(24): rtrim(null, '/')
 2 APPPATH\Controllers\HomeController.php(24): App\Services\ApiService->fetchData('berita')
 3 SYSTEMPATH\CodeIgniter.php(933): App\Controllers\HomeController->index()
 4 SYSTEMPATH\CodeIgniter.php(509): CodeIgniter\CodeIgniter->runController(Object(App\Controllers\HomeController))
 5 SYSTEMPATH\CodeIgniter.php(355): CodeIgniter\CodeIgniter->handleRequest(null, Object(Config\Cache), false)
 6 SYSTEMPATH\Boot.php(334): CodeIgniter\CodeIgniter->run()
 7 SYSTEMPATH\Boot.php(67): CodeIgniter\Boot::runCodeIgniter(Object(CodeIgniter\CodeIgniter))
 8 FCPATH\index.php(56): CodeIgniter\Boot::bootWeb(Object(Config\Paths))
 9 SYSTEMPATH\rewrite.php(44): require_once('C:\\Users\\Yudha Prastya\\Downloads\\WEB\\public\\index.php')
WARNING - 2025-02-08 17:08:21 --> [DEPRECATED] rtrim(): Passing null to parameter #1 ($string) of type string is deprecated in APPPATH\Services\ApiService.php on line 24.
 1 APPPATH\Services\ApiService.php(24): rtrim(null, '/')
 2 APPPATH\Controllers\HomeController.php(24): App\Services\ApiService->fetchData('berita')
 3 SYSTEMPATH\CodeIgniter.php(933): App\Controllers\HomeController->index()
 4 SYSTEMPATH\CodeIgniter.php(509): CodeIgniter\CodeIgniter->runController(Object(App\Controllers\HomeController))
 5 SYSTEMPATH\CodeIgniter.php(355): CodeIgniter\CodeIgniter->handleRequest(null, Object(Config\Cache), false)
 6 SYSTEMPATH\Boot.php(334): CodeIgniter\CodeIgniter->run()
 7 SYSTEMPATH\Boot.php(67): CodeIgniter\Boot::runCodeIgniter(Object(CodeIgniter\CodeIgniter))
 8 FCPATH\index.php(56): CodeIgniter\Boot::bootWeb(Object(Config\Paths))
 9 SYSTEMPATH\rewrite.php(44): require_once('C:\\Users\\Yudha Prastya\\Downloads\\WEB\\public\\index.php')
DEBUG - 2025-02-08 17:10:29 --> Session: Class initialized using 'CodeIgniter\Session\Handlers\FileHandler' driver.
DEBUG - 2025-02-08 17:10:35 --> Session: Class initialized using 'CodeIgniter\Session\Handlers\FileHandler' driver.
DEBUG - 2025-02-08 17:10:45 --> Session: Class initialized using 'CodeIgniter\Session\Handlers\FileHandler' driver.
DEBUG - 2025-02-08 17:11:00 --> Session: Class initialized using 'CodeIgniter\Session\Handlers\FileHandler' driver.
DEBUG - 2025-02-08 17:11:01 --> Session: Class initialized using 'CodeIgniter\Session\Handlers\FileHandler' driver.
CRITICAL - 2025-02-08 17:25:07 --> Error: Call to a member function findAll() on null
[Method: GET, Route: /]
in APPPATH\Controllers\Api\BeritaController.php on line 16.
 1 APPPATH\Controllers\HomeController.php(22): App\Controllers\Api\BeritaController->index()
 2 SYSTEMPATH\CodeIgniter.php(933): App\Controllers\HomeController->index()
 3 SYSTEMPATH\CodeIgniter.php(509): CodeIgniter\CodeIgniter->runController(Object(App\Controllers\HomeController))
 4 SYSTEMPATH\CodeIgniter.php(355): CodeIgniter\CodeIgniter->handleRequest(null, Object(Config\Cache), false)
 5 SYSTEMPATH\Boot.php(334): CodeIgniter\CodeIgniter->run()
 6 SYSTEMPATH\Boot.php(67): CodeIgniter\Boot::runCodeIgniter(Object(CodeIgniter\CodeIgniter))
 7 FCPATH\index.php(56): CodeIgniter\Boot::bootWeb(Object(Config\Paths))
 8 SYSTEMPATH\rewrite.php(44): require_once('C:\\Users\\Yudha Prastya\\Downloads\\WEB\\public\\index.php')
DEBUG - 2025-02-08 17:29:03 --> Session: Class initialized using 'CodeIgniter\Session\Handlers\FileHandler' driver.
DEBUG - 2025-02-08 17:29:04 --> Session: Class initialized using 'CodeIgniter\Session\Handlers\FileHandler' driver.
DEBUG - 2025-02-08 17:29:11 --> Session: Class initialized using 'CodeIgniter\Session\Handlers\FileHandler' driver.
DEBUG - 2025-02-08 17:29:11 --> Session: Class initialized using 'CodeIgniter\Session\Handlers\FileHandler' driver.
DEBUG - 2025-02-08 17:31:05 --> Session: Class initialized using 'CodeIgniter\Session\Handlers\FileHandler' driver.
DEBUG - 2025-02-08 17:31:06 --> Session: Class initialized using 'CodeIgniter\Session\Handlers\FileHandler' driver.
DEBUG - 2025-02-08 17:31:06 --> Session: Class initialized using 'CodeIgniter\Session\Handlers\FileHandler' driver.
DEBUG - 2025-02-08 17:32:14 --> Session: Class initialized using 'CodeIgniter\Session\Handlers\FileHandler' driver.
DEBUG - 2025-02-08 17:32:15 --> Session: Class initialized using 'CodeIgniter\Session\Handlers\FileHandler' driver.
DEBUG - 2025-02-08 17:32:17 --> Session: Class initialized using 'CodeIgniter\Session\Handlers\FileHandler' driver.
DEBUG - 2025-02-08 17:32:18 --> Session: Class initialized using 'CodeIgniter\Session\Handlers\FileHandler' driver.
DEBUG - 2025-02-08 17:32:19 --> Session: Class initialized using 'CodeIgniter\Session\Handlers\FileHandler' driver.
DEBUG - 2025-02-08 17:32:20 --> Session: Class initialized using 'CodeIgniter\Session\Handlers\FileHandler' driver.
DEBUG - 2025-02-08 17:49:08 --> Session: Class initialized using 'CodeIgniter\Session\Handlers\FileHandler' driver.
CRITICAL - 2025-02-08 17:49:09 --> CodeIgniter\HTTP\Exceptions\BadRequestException: The URI you submitted has disallowed characters: "$item->img"
[Method: GET, Route: assets/img/berita/$item-%3Eimg]
in SYSTEMPATH\Router\Router.php on line 737.
 1 SYSTEMPATH\Router\Router.php(204): CodeIgniter\Router\Router->checkDisallowedChars('assets/img/berita/$item->img')
 2 SYSTEMPATH\CodeIgniter.php(834): CodeIgniter\Router\Router->handle('assets/img/berita/$item->img')
 3 SYSTEMPATH\CodeIgniter.php(457): CodeIgniter\CodeIgniter->tryToRouteIt(Object(CodeIgniter\Router\RouteCollection))
 4 SYSTEMPATH\CodeIgniter.php(355): CodeIgniter\CodeIgniter->handleRequest(null, Object(Config\Cache), false)
 5 SYSTEMPATH\Boot.php(334): CodeIgniter\CodeIgniter->run()
 6 SYSTEMPATH\Boot.php(67): CodeIgniter\Boot::runCodeIgniter(Object(CodeIgniter\CodeIgniter))
 7 FCPATH\index.php(56): CodeIgniter\Boot::bootWeb(Object(Config\Paths))
 8 SYSTEMPATH\rewrite.php(44): require_once('C:\\Users\\Yudha Prastya\\Downloads\\WEB\\public\\index.php')
DEBUG - 2025-02-08 17:49:10 --> Session: Class initialized using 'CodeIgniter\Session\Handlers\FileHandler' driver.
CRITICAL - 2025-02-08 17:51:24 --> ErrorException: Attempt to read property "img" on array
[Method: GET, Route: /]
in APPPATH\Views\main\HomeView.php on line 33.
 1 APPPATH\Views\main\HomeView.php(33): CodeIgniter\Debug\Exceptions->errorHandler(2, 'Attempt to read property "img" on array', 'C:\\Users\\Yudha Prastya\\Downloads\\WEB\\app\\Views\\main\\HomeView.php', 33)
 2 SYSTEMPATH\View\View.php(234): include('C:\\Users\\Yudha Prastya\\Downloads\\WEB\\app\\Views\\main\\HomeView.php')
 3 SYSTEMPATH\View\View.php(237): CodeIgniter\View\View->CodeIgniter\View\{closure}()
 4 SYSTEMPATH\Common.php(1171): CodeIgniter\View\View->render('main/HomeView', [], true)
 5 APPPATH\Controllers\HomeController.php(27): view('main/HomeView', [...])
 6 SYSTEMPATH\CodeIgniter.php(933): App\Controllers\HomeController->index()
 7 SYSTEMPATH\CodeIgniter.php(509): CodeIgniter\CodeIgniter->runController(Object(App\Controllers\HomeController))
 8 SYSTEMPATH\CodeIgniter.php(355): CodeIgniter\CodeIgniter->handleRequest(null, Object(Config\Cache), false)
 9 SYSTEMPATH\Boot.php(334): CodeIgniter\CodeIgniter->run()
10 SYSTEMPATH\Boot.php(67): CodeIgniter\Boot::runCodeIgniter(Object(CodeIgniter\CodeIgniter))
11 FCPATH\index.php(56): CodeIgniter\Boot::bootWeb(Object(Config\Paths))
12 SYSTEMPATH\rewrite.php(44): require_once('C:\\Users\\Yudha Prastya\\Downloads\\WEB\\public\\index.php')
CRITICAL - 2025-02-08 17:51:40 --> ErrorException: Attempt to read property "gambar" on array
[Method: GET, Route: /]
in APPPATH\Views\main\HomeView.php on line 33.
 1 APPPATH\Views\main\HomeView.php(33): CodeIgniter\Debug\Exceptions->errorHandler(2, 'Attempt to read property "gambar" on array', 'C:\\Users\\Yudha Prastya\\Downloads\\WEB\\app\\Views\\main\\HomeView.php', 33)
 2 SYSTEMPATH\View\View.php(234): include('C:\\Users\\Yudha Prastya\\Downloads\\WEB\\app\\Views\\main\\HomeView.php')
 3 SYSTEMPATH\View\View.php(237): CodeIgniter\View\View->CodeIgniter\View\{closure}()
 4 SYSTEMPATH\Common.php(1171): CodeIgniter\View\View->render('main/HomeView', [], true)
 5 APPPATH\Controllers\HomeController.php(27): view('main/HomeView', [...])
 6 SYSTEMPATH\CodeIgniter.php(933): App\Controllers\HomeController->index()
 7 SYSTEMPATH\CodeIgniter.php(509): CodeIgniter\CodeIgniter->runController(Object(App\Controllers\HomeController))
 8 SYSTEMPATH\CodeIgniter.php(355): CodeIgniter\CodeIgniter->handleRequest(null, Object(Config\Cache), false)
 9 SYSTEMPATH\Boot.php(334): CodeIgniter\CodeIgniter->run()
10 SYSTEMPATH\Boot.php(67): CodeIgniter\Boot::runCodeIgniter(Object(CodeIgniter\CodeIgniter))
11 FCPATH\index.php(56): CodeIgniter\Boot::bootWeb(Object(Config\Paths))
12 SYSTEMPATH\rewrite.php(44): require_once('C:\\Users\\Yudha Prastya\\Downloads\\WEB\\public\\index.php')
CRITICAL - 2025-02-08 17:51:41 --> ErrorException: Attempt to read property "gambar" on array
[Method: GET, Route: /]
in APPPATH\Views\main\HomeView.php on line 33.
 1 APPPATH\Views\main\HomeView.php(33): CodeIgniter\Debug\Exceptions->errorHandler(2, 'Attempt to read property "gambar" on array', 'C:\\Users\\Yudha Prastya\\Downloads\\WEB\\app\\Views\\main\\HomeView.php', 33)
 2 SYSTEMPATH\View\View.php(234): include('C:\\Users\\Yudha Prastya\\Downloads\\WEB\\app\\Views\\main\\HomeView.php')
 3 SYSTEMPATH\View\View.php(237): CodeIgniter\View\View->CodeIgniter\View\{closure}()
 4 SYSTEMPATH\Common.php(1171): CodeIgniter\View\View->render('main/HomeView', [], true)
 5 APPPATH\Controllers\HomeController.php(27): view('main/HomeView', [...])
 6 SYSTEMPATH\CodeIgniter.php(933): App\Controllers\HomeController->index()
 7 SYSTEMPATH\CodeIgniter.php(509): CodeIgniter\CodeIgniter->runController(Object(App\Controllers\HomeController))
 8 SYSTEMPATH\CodeIgniter.php(355): CodeIgniter\CodeIgniter->handleRequest(null, Object(Config\Cache), false)
 9 SYSTEMPATH\Boot.php(334): CodeIgniter\CodeIgniter->run()
10 SYSTEMPATH\Boot.php(67): CodeIgniter\Boot::runCodeIgniter(Object(CodeIgniter\CodeIgniter))
11 FCPATH\index.php(56): CodeIgniter\Boot::bootWeb(Object(Config\Paths))
12 SYSTEMPATH\rewrite.php(44): require_once('C:\\Users\\Yudha Prastya\\Downloads\\WEB\\public\\index.php')
CRITICAL - 2025-02-08 17:51:42 --> ErrorException: Attempt to read property "gambar" on array
[Method: GET, Route: /]
in APPPATH\Views\main\HomeView.php on line 33.
 1 APPPATH\Views\main\HomeView.php(33): CodeIgniter\Debug\Exceptions->errorHandler(2, 'Attempt to read property "gambar" on array', 'C:\\Users\\Yudha Prastya\\Downloads\\WEB\\app\\Views\\main\\HomeView.php', 33)
 2 SYSTEMPATH\View\View.php(234): include('C:\\Users\\Yudha Prastya\\Downloads\\WEB\\app\\Views\\main\\HomeView.php')
 3 SYSTEMPATH\View\View.php(237): CodeIgniter\View\View->CodeIgniter\View\{closure}()
 4 SYSTEMPATH\Common.php(1171): CodeIgniter\View\View->render('main/HomeView', [], true)
 5 APPPATH\Controllers\HomeController.php(27): view('main/HomeView', [...])
 6 SYSTEMPATH\CodeIgniter.php(933): App\Controllers\HomeController->index()
 7 SYSTEMPATH\CodeIgniter.php(509): CodeIgniter\CodeIgniter->runController(Object(App\Controllers\HomeController))
 8 SYSTEMPATH\CodeIgniter.php(355): CodeIgniter\CodeIgniter->handleRequest(null, Object(Config\Cache), false)
 9 SYSTEMPATH\Boot.php(334): CodeIgniter\CodeIgniter->run()
10 SYSTEMPATH\Boot.php(67): CodeIgniter\Boot::runCodeIgniter(Object(CodeIgniter\CodeIgniter))
11 FCPATH\index.php(56): CodeIgniter\Boot::bootWeb(Object(Config\Paths))
12 SYSTEMPATH\rewrite.php(44): require_once('C:\\Users\\Yudha Prastya\\Downloads\\WEB\\public\\index.php')
CRITICAL - 2025-02-08 17:52:19 --> ErrorException: Attempt to read property "gambar" on array
[Method: GET, Route: /]
in APPPATH\Views\main\HomeView.php on line 33.
 1 APPPATH\Views\main\HomeView.php(33): CodeIgniter\Debug\Exceptions->errorHandler(2, 'Attempt to read property "gambar" on array', 'C:\\Users\\Yudha Prastya\\Downloads\\WEB\\app\\Views\\main\\HomeView.php', 33)
 2 SYSTEMPATH\View\View.php(234): include('C:\\Users\\Yudha Prastya\\Downloads\\WEB\\app\\Views\\main\\HomeView.php')
 3 SYSTEMPATH\View\View.php(237): CodeIgniter\View\View->CodeIgniter\View\{closure}()
 4 SYSTEMPATH\Common.php(1171): CodeIgniter\View\View->render('main/HomeView', [], true)
 5 APPPATH\Controllers\HomeController.php(27): view('main/HomeView', [...])
 6 SYSTEMPATH\CodeIgniter.php(933): App\Controllers\HomeController->index()
 7 SYSTEMPATH\CodeIgniter.php(509): CodeIgniter\CodeIgniter->runController(Object(App\Controllers\HomeController))
 8 SYSTEMPATH\CodeIgniter.php(355): CodeIgniter\CodeIgniter->handleRequest(null, Object(Config\Cache), false)
 9 SYSTEMPATH\Boot.php(334): CodeIgniter\CodeIgniter->run()
10 SYSTEMPATH\Boot.php(67): CodeIgniter\Boot::runCodeIgniter(Object(CodeIgniter\CodeIgniter))
11 FCPATH\index.php(56): CodeIgniter\Boot::bootWeb(Object(Config\Paths))
12 SYSTEMPATH\rewrite.php(44): require_once('C:\\Users\\Yudha Prastya\\Downloads\\WEB\\public\\index.php')
CRITICAL - 2025-02-08 17:52:25 --> ErrorException: Attempt to read property "gambar" on array
[Method: GET, Route: /]
in APPPATH\Views\main\HomeView.php on line 33.
 1 APPPATH\Views\main\HomeView.php(33): CodeIgniter\Debug\Exceptions->errorHandler(2, 'Attempt to read property "gambar" on array', 'C:\\Users\\Yudha Prastya\\Downloads\\WEB\\app\\Views\\main\\HomeView.php', 33)
 2 SYSTEMPATH\View\View.php(234): include('C:\\Users\\Yudha Prastya\\Downloads\\WEB\\app\\Views\\main\\HomeView.php')
 3 SYSTEMPATH\View\View.php(237): CodeIgniter\View\View->CodeIgniter\View\{closure}()
 4 SYSTEMPATH\Common.php(1171): CodeIgniter\View\View->render('main/HomeView', [], true)
 5 APPPATH\Controllers\HomeController.php(27): view('main/HomeView', [...])
 6 SYSTEMPATH\CodeIgniter.php(933): App\Controllers\HomeController->index()
 7 SYSTEMPATH\CodeIgniter.php(509): CodeIgniter\CodeIgniter->runController(Object(App\Controllers\HomeController))
 8 SYSTEMPATH\CodeIgniter.php(355): CodeIgniter\CodeIgniter->handleRequest(null, Object(Config\Cache), false)
 9 SYSTEMPATH\Boot.php(334): CodeIgniter\CodeIgniter->run()
10 SYSTEMPATH\Boot.php(67): CodeIgniter\Boot::runCodeIgniter(Object(CodeIgniter\CodeIgniter))
11 FCPATH\index.php(56): CodeIgniter\Boot::bootWeb(Object(Config\Paths))
12 SYSTEMPATH\rewrite.php(44): require_once('C:\\Users\\Yudha Prastya\\Downloads\\WEB\\public\\index.php')
CRITICAL - 2025-02-08 17:52:29 --> ErrorException: Array to string conversion
[Method: GET, Route: /]
in APPPATH\Views\main\HomeView.php on line 33.
 1 APPPATH\Views\main\HomeView.php(33): CodeIgniter\Debug\Exceptions->errorHandler(2, 'Array to string conversion', 'C:\\Users\\Yudha Prastya\\Downloads\\WEB\\app\\Views\\main\\HomeView.php', 33)
 2 SYSTEMPATH\View\View.php(234): include('C:\\Users\\Yudha Prastya\\Downloads\\WEB\\app\\Views\\main\\HomeView.php')
 3 SYSTEMPATH\View\View.php(237): CodeIgniter\View\View->CodeIgniter\View\{closure}()
 4 SYSTEMPATH\Common.php(1171): CodeIgniter\View\View->render('main/HomeView', [], true)
 5 APPPATH\Controllers\HomeController.php(27): view('main/HomeView', [...])
 6 SYSTEMPATH\CodeIgniter.php(933): App\Controllers\HomeController->index()
 7 SYSTEMPATH\CodeIgniter.php(509): CodeIgniter\CodeIgniter->runController(Object(App\Controllers\HomeController))
 8 SYSTEMPATH\CodeIgniter.php(355): CodeIgniter\CodeIgniter->handleRequest(null, Object(Config\Cache), false)
 9 SYSTEMPATH\Boot.php(334): CodeIgniter\CodeIgniter->run()
10 SYSTEMPATH\Boot.php(67): CodeIgniter\Boot::runCodeIgniter(Object(CodeIgniter\CodeIgniter))
11 FCPATH\index.php(56): CodeIgniter\Boot::bootWeb(Object(Config\Paths))
12 SYSTEMPATH\rewrite.php(44): require_once('C:\\Users\\Yudha Prastya\\Downloads\\WEB\\public\\index.php')
CRITICAL - 2025-02-08 17:52:36 --> ErrorException: Array to string conversion
[Method: GET, Route: /]
in APPPATH\Views\main\HomeView.php on line 33.
 1 APPPATH\Views\main\HomeView.php(33): CodeIgniter\Debug\Exceptions->errorHandler(2, 'Array to string conversion', 'C:\\Users\\Yudha Prastya\\Downloads\\WEB\\app\\Views\\main\\HomeView.php', 33)
 2 SYSTEMPATH\View\View.php(234): include('C:\\Users\\Yudha Prastya\\Downloads\\WEB\\app\\Views\\main\\HomeView.php')
 3 SYSTEMPATH\View\View.php(237): CodeIgniter\View\View->CodeIgniter\View\{closure}()
 4 SYSTEMPATH\Common.php(1171): CodeIgniter\View\View->render('main/HomeView', [], true)
 5 APPPATH\Controllers\HomeController.php(27): view('main/HomeView', [...])
 6 SYSTEMPATH\CodeIgniter.php(933): App\Controllers\HomeController->index()
 7 SYSTEMPATH\CodeIgniter.php(509): CodeIgniter\CodeIgniter->runController(Object(App\Controllers\HomeController))
 8 SYSTEMPATH\CodeIgniter.php(355): CodeIgniter\CodeIgniter->handleRequest(null, Object(Config\Cache), false)
 9 SYSTEMPATH\Boot.php(334): CodeIgniter\CodeIgniter->run()
10 SYSTEMPATH\Boot.php(67): CodeIgniter\Boot::runCodeIgniter(Object(CodeIgniter\CodeIgniter))
11 FCPATH\index.php(56): CodeIgniter\Boot::bootWeb(Object(Config\Paths))
12 SYSTEMPATH\rewrite.php(44): require_once('C:\\Users\\Yudha Prastya\\Downloads\\WEB\\public\\index.php')
DEBUG - 2025-02-08 17:52:37 --> Session: Class initialized using 'CodeIgniter\Session\Handlers\FileHandler' driver.
DEBUG - 2025-02-08 17:52:37 --> Session: Class initialized using 'CodeIgniter\Session\Handlers\FileHandler' driver.
DEBUG - 2025-02-08 17:52:50 --> Session: Class initialized using 'CodeIgniter\Session\Handlers\FileHandler' driver.
DEBUG - 2025-02-08 17:52:51 --> Session: Class initialized using 'CodeIgniter\Session\Handlers\FileHandler' driver.
DEBUG - 2025-02-08 17:55:14 --> Session: Class initialized using 'CodeIgniter\Session\Handlers\FileHandler' driver.
DEBUG - 2025-02-08 17:55:15 --> Session: Class initialized using 'CodeIgniter\Session\Handlers\FileHandler' driver.
DEBUG - 2025-02-08 17:56:14 --> Session: Class initialized using 'CodeIgniter\Session\Handlers\FileHandler' driver.
DEBUG - 2025-02-08 17:56:15 --> Session: Class initialized using 'CodeIgniter\Session\Handlers\FileHandler' driver.
DEBUG - 2025-02-08 17:56:24 --> Session: Class initialized using 'CodeIgniter\Session\Handlers\FileHandler' driver.
DEBUG - 2025-02-08 17:56:25 --> Session: Class initialized using 'CodeIgniter\Session\Handlers\FileHandler' driver.
DEBUG - 2025-02-08 17:58:00 --> Session: Class initialized using 'CodeIgniter\Session\Handlers\FileHandler' driver.
DEBUG - 2025-02-08 17:58:01 --> Session: Class initialized using 'CodeIgniter\Session\Handlers\FileHandler' driver.
DEBUG - 2025-02-08 17:58:07 --> Session: Class initialized using 'CodeIgniter\Session\Handlers\FileHandler' driver.
DEBUG - 2025-02-08 17:58:08 --> Session: Class initialized using 'CodeIgniter\Session\Handlers\FileHandler' driver.
DEBUG - 2025-02-08 17:58:20 --> Session: Class initialized using 'CodeIgniter\Session\Handlers\FileHandler' driver.
DEBUG - 2025-02-08 17:58:21 --> Session: Class initialized using 'CodeIgniter\Session\Handlers\FileHandler' driver.
DEBUG - 2025-02-08 17:58:37 --> Session: Class initialized using 'CodeIgniter\Session\Handlers\FileHandler' driver.
DEBUG - 2025-02-08 17:58:38 --> Session: Class initialized using 'CodeIgniter\Session\Handlers\FileHandler' driver.
DEBUG - 2025-02-08 17:59:07 --> Session: Class initialized using 'CodeIgniter\Session\Handlers\FileHandler' driver.
DEBUG - 2025-02-08 17:59:08 --> Session: Class initialized using 'CodeIgniter\Session\Handlers\FileHandler' driver.
DEBUG - 2025-02-08 17:59:12 --> Session: Class initialized using 'CodeIgniter\Session\Handlers\FileHandler' driver.
DEBUG - 2025-02-08 17:59:12 --> Session: Class initialized using 'CodeIgniter\Session\Handlers\FileHandler' driver.
DEBUG - 2025-02-08 17:59:20 --> Session: Class initialized using 'CodeIgniter\Session\Handlers\FileHandler' driver.
DEBUG - 2025-02-08 17:59:20 --> Session: Class initialized using 'CodeIgniter\Session\Handlers\FileHandler' driver.
DEBUG - 2025-02-08 17:59:28 --> Session: Class initialized using 'CodeIgniter\Session\Handlers\FileHandler' driver.
DEBUG - 2025-02-08 17:59:28 --> Session: Class initialized using 'CodeIgniter\Session\Handlers\FileHandler' driver.
DEBUG - 2025-02-08 17:59:53 --> Session: Class initialized using 'CodeIgniter\Session\Handlers\FileHandler' driver.
DEBUG - 2025-02-08 17:59:54 --> Session: Class initialized using 'CodeIgniter\Session\Handlers\FileHandler' driver.
DEBUG - 2025-02-08 18:03:52 --> Session: Class initialized using 'CodeIgniter\Session\Handlers\FileHandler' driver.
DEBUG - 2025-02-08 18:03:53 --> Session: Class initialized using 'CodeIgniter\Session\Handlers\FileHandler' driver.
DEBUG - 2025-02-08 18:04:34 --> Session: Class initialized using 'CodeIgniter\Session\Handlers\FileHandler' driver.
DEBUG - 2025-02-08 18:04:42 --> Session: Class initialized using 'CodeIgniter\Session\Handlers\FileHandler' driver.
DEBUG - 2025-02-08 18:04:43 --> Session: Class initialized using 'CodeIgniter\Session\Handlers\FileHandler' driver.
DEBUG - 2025-02-08 18:05:38 --> Session: Class initialized using 'CodeIgniter\Session\Handlers\FileHandler' driver.
DEBUG - 2025-02-08 18:05:39 --> Session: Class initialized using 'CodeIgniter\Session\Handlers\FileHandler' driver.
DEBUG - 2025-02-08 18:05:43 --> Session: Class initialized using 'CodeIgniter\Session\Handlers\FileHandler' driver.
DEBUG - 2025-02-08 18:05:44 --> Session: Class initialized using 'CodeIgniter\Session\Handlers\FileHandler' driver.
DEBUG - 2025-02-08 18:07:02 --> Session: Class initialized using 'CodeIgniter\Session\Handlers\FileHandler' driver.
DEBUG - 2025-02-08 18:07:03 --> Session: Class initialized using 'CodeIgniter\Session\Handlers\FileHandler' driver.
DEBUG - 2025-02-08 18:07:59 --> Session: Class initialized using 'CodeIgniter\Session\Handlers\FileHandler' driver.
DEBUG - 2025-02-08 18:07:59 --> Session: Class initialized using 'CodeIgniter\Session\Handlers\FileHandler' driver.
CRITICAL - 2025-02-08 18:15:52 --> ErrorException: Undefined variable $base
[Method: GET, Route: berita]
in APPPATH\Views\main\layouts\navbar.php on line 19.
 1 APPPATH\Views\main\layouts\navbar.php(19): CodeIgniter\Debug\Exceptions->errorHandler(2, 'Undefined variable $base', 'C:\\Users\\Yudha Prastya\\Downloads\\WEB\\app\\Views\\main\\layouts\\navbar.php', 19)
 2 SYSTEMPATH\View\View.php(234): include('C:\\Users\\Yudha Prastya\\Downloads\\WEB\\app\\Views\\main\\layouts\\navbar.php')
 3 SYSTEMPATH\View\View.php(237): CodeIgniter\View\View->CodeIgniter\View\{closure}()
 4 SYSTEMPATH\View\View.php(487): CodeIgniter\View\View->render('main/layouts/navbar', null, true)
 5 APPPATH\Views\main\layouts\index.php(24): CodeIgniter\View\View->include('main/layouts/navbar')
 6 SYSTEMPATH\View\View.php(234): include('C:\\Users\\Yudha Prastya\\Downloads\\WEB\\app\\Views\\main\\layouts\\index.php')
 7 SYSTEMPATH\View\View.php(237): CodeIgniter\View\View->CodeIgniter\View\{closure}()
 8 SYSTEMPATH\View\View.php(250): CodeIgniter\View\View->render('main/layouts/index', [], true)
 9 SYSTEMPATH\Common.php(1171): CodeIgniter\View\View->render('main/beritaView', [], true)
10 APPPATH\Controllers\BeritaController.php(12): view('main/beritaView')
11 SYSTEMPATH\CodeIgniter.php(933): App\Controllers\BeritaController->index()
12 SYSTEMPATH\CodeIgniter.php(509): CodeIgniter\CodeIgniter->runController(Object(App\Controllers\BeritaController))
13 SYSTEMPATH\CodeIgniter.php(355): CodeIgniter\CodeIgniter->handleRequest(null, Object(Config\Cache), false)
14 SYSTEMPATH\Boot.php(334): CodeIgniter\CodeIgniter->run()
15 SYSTEMPATH\Boot.php(67): CodeIgniter\Boot::runCodeIgniter(Object(CodeIgniter\CodeIgniter))
16 FCPATH\index.php(56): CodeIgniter\Boot::bootWeb(Object(Config\Paths))
17 SYSTEMPATH\rewrite.php(44): require_once('C:\\Users\\Yudha Prastya\\Downloads\\WEB\\public\\index.php')
CRITICAL - 2025-02-08 18:16:16 --> ErrorException: Undefined variable $base
[Method: GET, Route: berita]
in APPPATH\Views\main\layouts\navbar.php on line 19.
 1 APPPATH\Views\main\layouts\navbar.php(19): CodeIgniter\Debug\Exceptions->errorHandler(2, 'Undefined variable $base', 'C:\\Users\\Yudha Prastya\\Downloads\\WEB\\app\\Views\\main\\layouts\\navbar.php', 19)
 2 SYSTEMPATH\View\View.php(234): include('C:\\Users\\Yudha Prastya\\Downloads\\WEB\\app\\Views\\main\\layouts\\navbar.php')
 3 SYSTEMPATH\View\View.php(237): CodeIgniter\View\View->CodeIgniter\View\{closure}()
 4 SYSTEMPATH\View\View.php(487): CodeIgniter\View\View->render('main/layouts/navbar', null, true)
 5 APPPATH\Views\main\layouts\index.php(24): CodeIgniter\View\View->include('main/layouts/navbar')
 6 SYSTEMPATH\View\View.php(234): include('C:\\Users\\Yudha Prastya\\Downloads\\WEB\\app\\Views\\main\\layouts\\index.php')
 7 SYSTEMPATH\View\View.php(237): CodeIgniter\View\View->CodeIgniter\View\{closure}()
 8 SYSTEMPATH\View\View.php(250): CodeIgniter\View\View->render('main/layouts/index', [], true)
 9 SYSTEMPATH\Common.php(1171): CodeIgniter\View\View->render('main/beritaView', [], true)
10 APPPATH\Controllers\BeritaController.php(21): view('main/beritaView')
11 SYSTEMPATH\CodeIgniter.php(933): App\Controllers\BeritaController->index()
12 SYSTEMPATH\CodeIgniter.php(509): CodeIgniter\CodeIgniter->runController(Object(App\Controllers\BeritaController))
13 SYSTEMPATH\CodeIgniter.php(355): CodeIgniter\CodeIgniter->handleRequest(null, Object(Config\Cache), false)
14 SYSTEMPATH\Boot.php(334): CodeIgniter\CodeIgniter->run()
15 SYSTEMPATH\Boot.php(67): CodeIgniter\Boot::runCodeIgniter(Object(CodeIgniter\CodeIgniter))
16 FCPATH\index.php(56): CodeIgniter\Boot::bootWeb(Object(Config\Paths))
17 SYSTEMPATH\rewrite.php(44): require_once('C:\\Users\\Yudha Prastya\\Downloads\\WEB\\public\\index.php')
CRITICAL - 2025-02-08 18:16:17 --> ErrorException: Undefined variable $base
[Method: GET, Route: berita]
in APPPATH\Views\main\layouts\navbar.php on line 19.
 1 APPPATH\Views\main\layouts\navbar.php(19): CodeIgniter\Debug\Exceptions->errorHandler(2, 'Undefined variable $base', 'C:\\Users\\Yudha Prastya\\Downloads\\WEB\\app\\Views\\main\\layouts\\navbar.php', 19)
 2 SYSTEMPATH\View\View.php(234): include('C:\\Users\\Yudha Prastya\\Downloads\\WEB\\app\\Views\\main\\layouts\\navbar.php')
 3 SYSTEMPATH\View\View.php(237): CodeIgniter\View\View->CodeIgniter\View\{closure}()
 4 SYSTEMPATH\View\View.php(487): CodeIgniter\View\View->render('main/layouts/navbar', null, true)
 5 APPPATH\Views\main\layouts\index.php(24): CodeIgniter\View\View->include('main/layouts/navbar')
 6 SYSTEMPATH\View\View.php(234): include('C:\\Users\\Yudha Prastya\\Downloads\\WEB\\app\\Views\\main\\layouts\\index.php')
 7 SYSTEMPATH\View\View.php(237): CodeIgniter\View\View->CodeIgniter\View\{closure}()
 8 SYSTEMPATH\View\View.php(250): CodeIgniter\View\View->render('main/layouts/index', [], true)
 9 SYSTEMPATH\Common.php(1171): CodeIgniter\View\View->render('main/beritaView', [], true)
10 APPPATH\Controllers\BeritaController.php(21): view('main/beritaView')
11 SYSTEMPATH\CodeIgniter.php(933): App\Controllers\BeritaController->index()
12 SYSTEMPATH\CodeIgniter.php(509): CodeIgniter\CodeIgniter->runController(Object(App\Controllers\BeritaController))
13 SYSTEMPATH\CodeIgniter.php(355): CodeIgniter\CodeIgniter->handleRequest(null, Object(Config\Cache), false)
14 SYSTEMPATH\Boot.php(334): CodeIgniter\CodeIgniter->run()
15 SYSTEMPATH\Boot.php(67): CodeIgniter\Boot::runCodeIgniter(Object(CodeIgniter\CodeIgniter))
16 FCPATH\index.php(56): CodeIgniter\Boot::bootWeb(Object(Config\Paths))
17 SYSTEMPATH\rewrite.php(44): require_once('C:\\Users\\Yudha Prastya\\Downloads\\WEB\\public\\index.php')
CRITICAL - 2025-02-08 18:16:31 --> ErrorException: Undefined variable $base
[Method: GET, Route: berita]
in APPPATH\Views\main\layouts\navbar.php on line 19.
 1 APPPATH\Views\main\layouts\navbar.php(19): CodeIgniter\Debug\Exceptions->errorHandler(2, 'Undefined variable $base', 'C:\\Users\\Yudha Prastya\\Downloads\\WEB\\app\\Views\\main\\layouts\\navbar.php', 19)
 2 SYSTEMPATH\View\View.php(234): include('C:\\Users\\Yudha Prastya\\Downloads\\WEB\\app\\Views\\main\\layouts\\navbar.php')
 3 SYSTEMPATH\View\View.php(237): CodeIgniter\View\View->CodeIgniter\View\{closure}()
 4 SYSTEMPATH\View\View.php(487): CodeIgniter\View\View->render('main/layouts/navbar', null, true)
 5 APPPATH\Views\main\layouts\index.php(24): CodeIgniter\View\View->include('main/layouts/navbar')
 6 SYSTEMPATH\View\View.php(234): include('C:\\Users\\Yudha Prastya\\Downloads\\WEB\\app\\Views\\main\\layouts\\index.php')
 7 SYSTEMPATH\View\View.php(237): CodeIgniter\View\View->CodeIgniter\View\{closure}()
 8 SYSTEMPATH\View\View.php(250): CodeIgniter\View\View->render('main/layouts/index', [], true)
 9 SYSTEMPATH\Common.php(1171): CodeIgniter\View\View->render('main/beritaView', [], true)
10 APPPATH\Controllers\BeritaController.php(20): view('main/beritaView')
11 SYSTEMPATH\CodeIgniter.php(933): App\Controllers\BeritaController->index()
12 SYSTEMPATH\CodeIgniter.php(509): CodeIgniter\CodeIgniter->runController(Object(App\Controllers\BeritaController))
13 SYSTEMPATH\CodeIgniter.php(355): CodeIgniter\CodeIgniter->handleRequest(null, Object(Config\Cache), false)
14 SYSTEMPATH\Boot.php(334): CodeIgniter\CodeIgniter->run()
15 SYSTEMPATH\Boot.php(67): CodeIgniter\Boot::runCodeIgniter(Object(CodeIgniter\CodeIgniter))
16 FCPATH\index.php(56): CodeIgniter\Boot::bootWeb(Object(Config\Paths))
17 SYSTEMPATH\rewrite.php(44): require_once('C:\\Users\\Yudha Prastya\\Downloads\\WEB\\public\\index.php')
CRITICAL - 2025-02-08 18:16:32 --> ErrorException: Undefined variable $base
[Method: GET, Route: berita]
in APPPATH\Views\main\layouts\navbar.php on line 19.
 1 APPPATH\Views\main\layouts\navbar.php(19): CodeIgniter\Debug\Exceptions->errorHandler(2, 'Undefined variable $base', 'C:\\Users\\Yudha Prastya\\Downloads\\WEB\\app\\Views\\main\\layouts\\navbar.php', 19)
 2 SYSTEMPATH\View\View.php(234): include('C:\\Users\\Yudha Prastya\\Downloads\\WEB\\app\\Views\\main\\layouts\\navbar.php')
 3 SYSTEMPATH\View\View.php(237): CodeIgniter\View\View->CodeIgniter\View\{closure}()
 4 SYSTEMPATH\View\View.php(487): CodeIgniter\View\View->render('main/layouts/navbar', null, true)
 5 APPPATH\Views\main\layouts\index.php(24): CodeIgniter\View\View->include('main/layouts/navbar')
 6 SYSTEMPATH\View\View.php(234): include('C:\\Users\\Yudha Prastya\\Downloads\\WEB\\app\\Views\\main\\layouts\\index.php')
 7 SYSTEMPATH\View\View.php(237): CodeIgniter\View\View->CodeIgniter\View\{closure}()
 8 SYSTEMPATH\View\View.php(250): CodeIgniter\View\View->render('main/layouts/index', [], true)
 9 SYSTEMPATH\Common.php(1171): CodeIgniter\View\View->render('main/beritaView', [], true)
10 APPPATH\Controllers\BeritaController.php(20): view('main/beritaView')
11 SYSTEMPATH\CodeIgniter.php(933): App\Controllers\BeritaController->index()
12 SYSTEMPATH\CodeIgniter.php(509): CodeIgniter\CodeIgniter->runController(Object(App\Controllers\BeritaController))
13 SYSTEMPATH\CodeIgniter.php(355): CodeIgniter\CodeIgniter->handleRequest(null, Object(Config\Cache), false)
14 SYSTEMPATH\Boot.php(334): CodeIgniter\CodeIgniter->run()
15 SYSTEMPATH\Boot.php(67): CodeIgniter\Boot::runCodeIgniter(Object(CodeIgniter\CodeIgniter))
16 FCPATH\index.php(56): CodeIgniter\Boot::bootWeb(Object(Config\Paths))
17 SYSTEMPATH\rewrite.php(44): require_once('C:\\Users\\Yudha Prastya\\Downloads\\WEB\\public\\index.php')
CRITICAL - 2025-02-08 18:16:33 --> ErrorException: Undefined variable $base
[Method: GET, Route: berita]
in APPPATH\Views\main\layouts\navbar.php on line 19.
 1 APPPATH\Views\main\layouts\navbar.php(19): CodeIgniter\Debug\Exceptions->errorHandler(2, 'Undefined variable $base', 'C:\\Users\\Yudha Prastya\\Downloads\\WEB\\app\\Views\\main\\layouts\\navbar.php', 19)
 2 SYSTEMPATH\View\View.php(234): include('C:\\Users\\Yudha Prastya\\Downloads\\WEB\\app\\Views\\main\\layouts\\navbar.php')
 3 SYSTEMPATH\View\View.php(237): CodeIgniter\View\View->CodeIgniter\View\{closure}()
 4 SYSTEMPATH\View\View.php(487): CodeIgniter\View\View->render('main/layouts/navbar', null, true)
 5 APPPATH\Views\main\layouts\index.php(24): CodeIgniter\View\View->include('main/layouts/navbar')
 6 SYSTEMPATH\View\View.php(234): include('C:\\Users\\Yudha Prastya\\Downloads\\WEB\\app\\Views\\main\\layouts\\index.php')
 7 SYSTEMPATH\View\View.php(237): CodeIgniter\View\View->CodeIgniter\View\{closure}()
 8 SYSTEMPATH\View\View.php(250): CodeIgniter\View\View->render('main/layouts/index', [], true)
 9 SYSTEMPATH\Common.php(1171): CodeIgniter\View\View->render('main/beritaView', [], true)
10 APPPATH\Controllers\BeritaController.php(20): view('main/beritaView')
11 SYSTEMPATH\CodeIgniter.php(933): App\Controllers\BeritaController->index()
12 SYSTEMPATH\CodeIgniter.php(509): CodeIgniter\CodeIgniter->runController(Object(App\Controllers\BeritaController))
13 SYSTEMPATH\CodeIgniter.php(355): CodeIgniter\CodeIgniter->handleRequest(null, Object(Config\Cache), false)
14 SYSTEMPATH\Boot.php(334): CodeIgniter\CodeIgniter->run()
15 SYSTEMPATH\Boot.php(67): CodeIgniter\Boot::runCodeIgniter(Object(CodeIgniter\CodeIgniter))
16 FCPATH\index.php(56): CodeIgniter\Boot::bootWeb(Object(Config\Paths))
17 SYSTEMPATH\rewrite.php(44): require_once('C:\\Users\\Yudha Prastya\\Downloads\\WEB\\public\\index.php')
CRITICAL - 2025-02-08 18:16:34 --> ErrorException: Undefined variable $base
[Method: GET, Route: berita]
in APPPATH\Views\main\layouts\navbar.php on line 19.
 1 APPPATH\Views\main\layouts\navbar.php(19): CodeIgniter\Debug\Exceptions->errorHandler(2, 'Undefined variable $base', 'C:\\Users\\Yudha Prastya\\Downloads\\WEB\\app\\Views\\main\\layouts\\navbar.php', 19)
 2 SYSTEMPATH\View\View.php(234): include('C:\\Users\\Yudha Prastya\\Downloads\\WEB\\app\\Views\\main\\layouts\\navbar.php')
 3 SYSTEMPATH\View\View.php(237): CodeIgniter\View\View->CodeIgniter\View\{closure}()
 4 SYSTEMPATH\View\View.php(487): CodeIgniter\View\View->render('main/layouts/navbar', null, true)
 5 APPPATH\Views\main\layouts\index.php(24): CodeIgniter\View\View->include('main/layouts/navbar')
 6 SYSTEMPATH\View\View.php(234): include('C:\\Users\\Yudha Prastya\\Downloads\\WEB\\app\\Views\\main\\layouts\\index.php')
 7 SYSTEMPATH\View\View.php(237): CodeIgniter\View\View->CodeIgniter\View\{closure}()
 8 SYSTEMPATH\View\View.php(250): CodeIgniter\View\View->render('main/layouts/index', [], true)
 9 SYSTEMPATH\Common.php(1171): CodeIgniter\View\View->render('main/beritaView', [], true)
10 APPPATH\Controllers\BeritaController.php(20): view('main/beritaView')
11 SYSTEMPATH\CodeIgniter.php(933): App\Controllers\BeritaController->index()
12 SYSTEMPATH\CodeIgniter.php(509): CodeIgniter\CodeIgniter->runController(Object(App\Controllers\BeritaController))
13 SYSTEMPATH\CodeIgniter.php(355): CodeIgniter\CodeIgniter->handleRequest(null, Object(Config\Cache), false)
14 SYSTEMPATH\Boot.php(334): CodeIgniter\CodeIgniter->run()
15 SYSTEMPATH\Boot.php(67): CodeIgniter\Boot::runCodeIgniter(Object(CodeIgniter\CodeIgniter))
16 FCPATH\index.php(56): CodeIgniter\Boot::bootWeb(Object(Config\Paths))
17 SYSTEMPATH\rewrite.php(44): require_once('C:\\Users\\Yudha Prastya\\Downloads\\WEB\\public\\index.php')
DEBUG - 2025-02-08 18:16:46 --> Session: Class initialized using 'CodeIgniter\Session\Handlers\FileHandler' driver.
DEBUG - 2025-02-08 18:16:48 --> Session: Class initialized using 'CodeIgniter\Session\Handlers\FileHandler' driver.
DEBUG - 2025-02-08 18:17:06 --> Session: Class initialized using 'CodeIgniter\Session\Handlers\FileHandler' driver.
DEBUG - 2025-02-08 18:17:06 --> Session: Class initialized using 'CodeIgniter\Session\Handlers\FileHandler' driver.
DEBUG - 2025-02-08 18:18:33 --> Session: Class initialized using 'CodeIgniter\Session\Handlers\FileHandler' driver.
DEBUG - 2025-02-08 18:18:35 --> Session: Class initialized using 'CodeIgniter\Session\Handlers\FileHandler' driver.
DEBUG - 2025-02-08 18:21:12 --> Session: Class initialized using 'CodeIgniter\Session\Handlers\FileHandler' driver.
DEBUG - 2025-02-08 18:21:13 --> Session: Class initialized using 'CodeIgniter\Session\Handlers\FileHandler' driver.
DEBUG - 2025-02-08 18:21:47 --> Session: Class initialized using 'CodeIgniter\Session\Handlers\FileHandler' driver.
DEBUG - 2025-02-08 18:21:48 --> Session: Class initialized using 'CodeIgniter\Session\Handlers\FileHandler' driver.
DEBUG - 2025-02-08 18:21:55 --> Session: Class initialized using 'CodeIgniter\Session\Handlers\FileHandler' driver.
DEBUG - 2025-02-08 18:21:56 --> Session: Class initialized using 'CodeIgniter\Session\Handlers\FileHandler' driver.
DEBUG - 2025-02-08 18:21:57 --> Session: Class initialized using 'CodeIgniter\Session\Handlers\FileHandler' driver.
DEBUG - 2025-02-08 18:21:57 --> Session: Class initialized using 'CodeIgniter\Session\Handlers\FileHandler' driver.
DEBUG - 2025-02-08 18:22:28 --> Session: Class initialized using 'CodeIgniter\Session\Handlers\FileHandler' driver.
DEBUG - 2025-02-08 18:22:30 --> Session: Class initialized using 'CodeIgniter\Session\Handlers\FileHandler' driver.
DEBUG - 2025-02-08 18:22:39 --> Session: Class initialized using 'CodeIgniter\Session\Handlers\FileHandler' driver.
DEBUG - 2025-02-08 18:22:40 --> Session: Class initialized using 'CodeIgniter\Session\Handlers\FileHandler' driver.
DEBUG - 2025-02-08 18:23:01 --> Session: Class initialized using 'CodeIgniter\Session\Handlers\FileHandler' driver.
DEBUG - 2025-02-08 18:23:02 --> Session: Class initialized using 'CodeIgniter\Session\Handlers\FileHandler' driver.
DEBUG - 2025-02-08 18:24:18 --> Session: Class initialized using 'CodeIgniter\Session\Handlers\FileHandler' driver.
DEBUG - 2025-02-08 18:24:19 --> Session: Class initialized using 'CodeIgniter\Session\Handlers\FileHandler' driver.
DEBUG - 2025-02-08 18:24:30 --> Session: Class initialized using 'CodeIgniter\Session\Handlers\FileHandler' driver.
DEBUG - 2025-02-08 18:24:31 --> Session: Class initialized using 'CodeIgniter\Session\Handlers\FileHandler' driver.
DEBUG - 2025-02-08 18:24:41 --> Session: Class initialized using 'CodeIgniter\Session\Handlers\FileHandler' driver.
DEBUG - 2025-02-08 18:24:41 --> Session: Class initialized using 'CodeIgniter\Session\Handlers\FileHandler' driver.
DEBUG - 2025-02-08 18:25:01 --> Session: Class initialized using 'CodeIgniter\Session\Handlers\FileHandler' driver.
DEBUG - 2025-02-08 18:25:02 --> Session: Class initialized using 'CodeIgniter\Session\Handlers\FileHandler' driver.
DEBUG - 2025-02-08 18:27:19 --> Session: Class initialized using 'CodeIgniter\Session\Handlers\FileHandler' driver.
DEBUG - 2025-02-08 18:27:21 --> Session: Class initialized using 'CodeIgniter\Session\Handlers\FileHandler' driver.
DEBUG - 2025-02-08 18:27:43 --> Session: Class initialized using 'CodeIgniter\Session\Handlers\FileHandler' driver.
DEBUG - 2025-02-08 18:27:43 --> Session: Class initialized using 'CodeIgniter\Session\Handlers\FileHandler' driver.
DEBUG - 2025-02-08 18:28:55 --> Session: Class initialized using 'CodeIgniter\Session\Handlers\FileHandler' driver.
DEBUG - 2025-02-08 18:28:57 --> Session: Class initialized using 'CodeIgniter\Session\Handlers\FileHandler' driver.
DEBUG - 2025-02-08 18:28:57 --> Session: Class initialized using 'CodeIgniter\Session\Handlers\FileHandler' driver.
DEBUG - 2025-02-08 18:28:58 --> Session: Class initialized using 'CodeIgniter\Session\Handlers\FileHandler' driver.
DEBUG - 2025-02-08 18:29:27 --> Session: Class initialized using 'CodeIgniter\Session\Handlers\FileHandler' driver.
DEBUG - 2025-02-08 18:29:28 --> Session: Class initialized using 'CodeIgniter\Session\Handlers\FileHandler' driver.
DEBUG - 2025-02-08 18:29:29 --> Session: Class initialized using 'CodeIgniter\Session\Handlers\FileHandler' driver.
DEBUG - 2025-02-08 18:29:30 --> Session: Class initialized using 'CodeIgniter\Session\Handlers\FileHandler' driver.
DEBUG - 2025-02-08 18:30:04 --> Session: Class initialized using 'CodeIgniter\Session\Handlers\FileHandler' driver.
DEBUG - 2025-02-08 18:30:05 --> Session: Class initialized using 'CodeIgniter\Session\Handlers\FileHandler' driver.
DEBUG - 2025-02-08 18:30:58 --> Session: Class initialized using 'CodeIgniter\Session\Handlers\FileHandler' driver.
DEBUG - 2025-02-08 18:30:59 --> Session: Class initialized using 'CodeIgniter\Session\Handlers\FileHandler' driver.
DEBUG - 2025-02-08 18:31:31 --> Session: Class initialized using 'CodeIgniter\Session\Handlers\FileHandler' driver.
DEBUG - 2025-02-08 18:31:32 --> Session: Class initialized using 'CodeIgniter\Session\Handlers\FileHandler' driver.
DEBUG - 2025-02-08 18:31:55 --> Session: Class initialized using 'CodeIgniter\Session\Handlers\FileHandler' driver.
DEBUG - 2025-02-08 18:31:55 --> Session: Class initialized using 'CodeIgniter\Session\Handlers\FileHandler' driver.
DEBUG - 2025-02-08 18:31:58 --> Session: Class initialized using 'CodeIgniter\Session\Handlers\FileHandler' driver.
DEBUG - 2025-02-08 18:31:59 --> Session: Class initialized using 'CodeIgniter\Session\Handlers\FileHandler' driver.
DEBUG - 2025-02-08 18:32:27 --> Session: Class initialized using 'CodeIgniter\Session\Handlers\FileHandler' driver.
DEBUG - 2025-02-08 18:32:28 --> Session: Class initialized using 'CodeIgniter\Session\Handlers\FileHandler' driver.
DEBUG - 2025-02-08 18:32:34 --> Session: Class initialized using 'CodeIgniter\Session\Handlers\FileHandler' driver.
DEBUG - 2025-02-08 18:32:35 --> Session: Class initialized using 'CodeIgniter\Session\Handlers\FileHandler' driver.
DEBUG - 2025-02-08 18:32:42 --> Session: Class initialized using 'CodeIgniter\Session\Handlers\FileHandler' driver.
DEBUG - 2025-02-08 18:32:56 --> Session: Class initialized using 'CodeIgniter\Session\Handlers\FileHandler' driver.
DEBUG - 2025-02-08 18:32:57 --> Session: Class initialized using 'CodeIgniter\Session\Handlers\FileHandler' driver.
DEBUG - 2025-02-08 18:33:00 --> Session: Class initialized using 'CodeIgniter\Session\Handlers\FileHandler' driver.
DEBUG - 2025-02-08 18:33:01 --> Session: Class initialized using 'CodeIgniter\Session\Handlers\FileHandler' driver.
