CRITICAL - 2025-04-02 08:10:13 --> Error: Call to undefined function auth()
[Method: GET, Route: panel]
in APPPATH\Views\admin\layouts\sidebar.php on line 55.
 1 SYSTEMPATH\View\View.php(234): include()
 2 SYSTEMPATH\View\View.php(237): CodeIgniter\View\View->CodeIgniter\View\{closure}()
 3 SYSTEMPATH\View\View.php(487): CodeIgniter\View\View->render('admin/layouts/sidebar', null, true)
 4 APPPATH\Views\admin\layouts\index.php(45): CodeIgniter\View\View->include('admin/layouts/sidebar')
 5 SYSTEMPATH\View\View.php(234): include('C:\\Users\\Yudha Prastya\\Downloads\\WEB\\app\\Views\\admin\\layouts\\index.php')
 6 SYSTEMPATH\View\View.php(237): CodeIgniter\View\View->CodeIgniter\View\{closure}()
 7 SYSTEMPATH\View\View.php(250): CodeIgniter\View\View->render('admin/layouts/index', [], true)
 8 SYSTEMPATH\Common.php(1171): CodeIgniter\View\View->render('admin/DashboardView', [], true)
 9 APPPATH\Controllers\Admin\DashboardController.php(28): view('admin/DashboardView', [...])
10 SYSTEMPATH\CodeIgniter.php(933): App\Controllers\Admin\DashboardController->index()
11 SYSTEMPATH\CodeIgniter.php(509): CodeIgniter\CodeIgniter->runController(Object(App\Controllers\Admin\DashboardController))
12 SYSTEMPATH\CodeIgniter.php(355): CodeIgniter\CodeIgniter->handleRequest(null, Object(Config\Cache), false)
13 SYSTEMPATH\Boot.php(334): CodeIgniter\CodeIgniter->run()
14 SYSTEMPATH\Boot.php(67): CodeIgniter\Boot::runCodeIgniter(Object(CodeIgniter\CodeIgniter))
15 FCPATH\index.php(56): CodeIgniter\Boot::bootWeb(Object(Config\Paths))
16 SYSTEMPATH\rewrite.php(44): require_once('C:\\Users\\Yudha Prastya\\Downloads\\WEB\\public\\index.php')
CRITICAL - 2025-04-02 08:10:37 --> Error: Call to undefined function auth()
[Method: GET, Route: panel]
in APPPATH\Views\admin\layouts\sidebar.php on line 55.
 1 SYSTEMPATH\View\View.php(234): include()
 2 SYSTEMPATH\View\View.php(237): CodeIgniter\View\View->CodeIgniter\View\{closure}()
 3 SYSTEMPATH\View\View.php(487): CodeIgniter\View\View->render('admin/layouts/sidebar', null, true)
 4 APPPATH\Views\admin\layouts\index.php(45): CodeIgniter\View\View->include('admin/layouts/sidebar')
 5 SYSTEMPATH\View\View.php(234): include('C:\\Users\\Yudha Prastya\\Downloads\\WEB\\app\\Views\\admin\\layouts\\index.php')
 6 SYSTEMPATH\View\View.php(237): CodeIgniter\View\View->CodeIgniter\View\{closure}()
 7 SYSTEMPATH\View\View.php(250): CodeIgniter\View\View->render('admin/layouts/index', [], true)
 8 SYSTEMPATH\Common.php(1171): CodeIgniter\View\View->render('admin/DashboardView', [], true)
 9 APPPATH\Controllers\Admin\DashboardController.php(28): view('admin/DashboardView', [...])
10 SYSTEMPATH\CodeIgniter.php(933): App\Controllers\Admin\DashboardController->index()
11 SYSTEMPATH\CodeIgniter.php(509): CodeIgniter\CodeIgniter->runController(Object(App\Controllers\Admin\DashboardController))
12 SYSTEMPATH\CodeIgniter.php(355): CodeIgniter\CodeIgniter->handleRequest(null, Object(Config\Cache), false)
13 SYSTEMPATH\Boot.php(334): CodeIgniter\CodeIgniter->run()
14 SYSTEMPATH\Boot.php(67): CodeIgniter\Boot::runCodeIgniter(Object(CodeIgniter\CodeIgniter))
15 FCPATH\index.php(56): CodeIgniter\Boot::bootWeb(Object(Config\Paths))
16 SYSTEMPATH\rewrite.php(44): require_once('C:\\Users\\Yudha Prastya\\Downloads\\WEB\\public\\index.php')
CRITICAL - 2025-04-02 08:10:38 --> Error: Call to undefined function auth()
[Method: GET, Route: panel]
in APPPATH\Views\admin\layouts\sidebar.php on line 55.
 1 SYSTEMPATH\View\View.php(234): include()
 2 SYSTEMPATH\View\View.php(237): CodeIgniter\View\View->CodeIgniter\View\{closure}()
 3 SYSTEMPATH\View\View.php(487): CodeIgniter\View\View->render('admin/layouts/sidebar', null, true)
 4 APPPATH\Views\admin\layouts\index.php(45): CodeIgniter\View\View->include('admin/layouts/sidebar')
 5 SYSTEMPATH\View\View.php(234): include('C:\\Users\\Yudha Prastya\\Downloads\\WEB\\app\\Views\\admin\\layouts\\index.php')
 6 SYSTEMPATH\View\View.php(237): CodeIgniter\View\View->CodeIgniter\View\{closure}()
 7 SYSTEMPATH\View\View.php(250): CodeIgniter\View\View->render('admin/layouts/index', [], true)
 8 SYSTEMPATH\Common.php(1171): CodeIgniter\View\View->render('admin/DashboardView', [], true)
 9 APPPATH\Controllers\Admin\DashboardController.php(28): view('admin/DashboardView', [...])
10 SYSTEMPATH\CodeIgniter.php(933): App\Controllers\Admin\DashboardController->index()
11 SYSTEMPATH\CodeIgniter.php(509): CodeIgniter\CodeIgniter->runController(Object(App\Controllers\Admin\DashboardController))
12 SYSTEMPATH\CodeIgniter.php(355): CodeIgniter\CodeIgniter->handleRequest(null, Object(Config\Cache), false)
13 SYSTEMPATH\Boot.php(334): CodeIgniter\CodeIgniter->run()
14 SYSTEMPATH\Boot.php(67): CodeIgniter\Boot::runCodeIgniter(Object(CodeIgniter\CodeIgniter))
15 FCPATH\index.php(56): CodeIgniter\Boot::bootWeb(Object(Config\Paths))
16 SYSTEMPATH\rewrite.php(44): require_once('C:\\Users\\Yudha Prastya\\Downloads\\WEB\\public\\index.php')
CRITICAL - 2025-04-02 08:10:40 --> Error: Call to undefined function auth()
[Method: GET, Route: panel]
in APPPATH\Views\admin\layouts\sidebar.php on line 55.
 1 SYSTEMPATH\View\View.php(234): include()
 2 SYSTEMPATH\View\View.php(237): CodeIgniter\View\View->CodeIgniter\View\{closure}()
 3 SYSTEMPATH\View\View.php(487): CodeIgniter\View\View->render('admin/layouts/sidebar', null, true)
 4 APPPATH\Views\admin\layouts\index.php(45): CodeIgniter\View\View->include('admin/layouts/sidebar')
 5 SYSTEMPATH\View\View.php(234): include('C:\\Users\\Yudha Prastya\\Downloads\\WEB\\app\\Views\\admin\\layouts\\index.php')
 6 SYSTEMPATH\View\View.php(237): CodeIgniter\View\View->CodeIgniter\View\{closure}()
 7 SYSTEMPATH\View\View.php(250): CodeIgniter\View\View->render('admin/layouts/index', [], true)
 8 SYSTEMPATH\Common.php(1171): CodeIgniter\View\View->render('admin/DashboardView', [], true)
 9 APPPATH\Controllers\Admin\DashboardController.php(28): view('admin/DashboardView', [...])
10 SYSTEMPATH\CodeIgniter.php(933): App\Controllers\Admin\DashboardController->index()
11 SYSTEMPATH\CodeIgniter.php(509): CodeIgniter\CodeIgniter->runController(Object(App\Controllers\Admin\DashboardController))
12 SYSTEMPATH\CodeIgniter.php(355): CodeIgniter\CodeIgniter->handleRequest(null, Object(Config\Cache), false)
13 SYSTEMPATH\Boot.php(334): CodeIgniter\CodeIgniter->run()
14 SYSTEMPATH\Boot.php(67): CodeIgniter\Boot::runCodeIgniter(Object(CodeIgniter\CodeIgniter))
15 FCPATH\index.php(56): CodeIgniter\Boot::bootWeb(Object(Config\Paths))
16 SYSTEMPATH\rewrite.php(44): require_once('C:\\Users\\Yudha Prastya\\Downloads\\WEB\\public\\index.php')
CRITICAL - 2025-04-02 08:10:42 --> Error: Call to undefined function auth()
[Method: GET, Route: panel]
in APPPATH\Views\admin\layouts\sidebar.php on line 55.
 1 SYSTEMPATH\View\View.php(234): include()
 2 SYSTEMPATH\View\View.php(237): CodeIgniter\View\View->CodeIgniter\View\{closure}()
 3 SYSTEMPATH\View\View.php(487): CodeIgniter\View\View->render('admin/layouts/sidebar', null, true)
 4 APPPATH\Views\admin\layouts\index.php(45): CodeIgniter\View\View->include('admin/layouts/sidebar')
 5 SYSTEMPATH\View\View.php(234): include('C:\\Users\\Yudha Prastya\\Downloads\\WEB\\app\\Views\\admin\\layouts\\index.php')
 6 SYSTEMPATH\View\View.php(237): CodeIgniter\View\View->CodeIgniter\View\{closure}()
 7 SYSTEMPATH\View\View.php(250): CodeIgniter\View\View->render('admin/layouts/index', [], true)
 8 SYSTEMPATH\Common.php(1171): CodeIgniter\View\View->render('admin/DashboardView', [], true)
 9 APPPATH\Controllers\Admin\DashboardController.php(28): view('admin/DashboardView', [...])
10 SYSTEMPATH\CodeIgniter.php(933): App\Controllers\Admin\DashboardController->index()
11 SYSTEMPATH\CodeIgniter.php(509): CodeIgniter\CodeIgniter->runController(Object(App\Controllers\Admin\DashboardController))
12 SYSTEMPATH\CodeIgniter.php(355): CodeIgniter\CodeIgniter->handleRequest(null, Object(Config\Cache), false)
13 SYSTEMPATH\Boot.php(334): CodeIgniter\CodeIgniter->run()
14 SYSTEMPATH\Boot.php(67): CodeIgniter\Boot::runCodeIgniter(Object(CodeIgniter\CodeIgniter))
15 FCPATH\index.php(56): CodeIgniter\Boot::bootWeb(Object(Config\Paths))
16 SYSTEMPATH\rewrite.php(44): require_once('C:\\Users\\Yudha Prastya\\Downloads\\WEB\\public\\index.php')
DEBUG - 2025-04-02 08:17:45 --> Session: Class initialized using 'CodeIgniter\Session\Handlers\FileHandler' driver.
CRITICAL - 2025-04-02 08:17:48 --> Error: Call to undefined function auth()
[Method: GET, Route: panel]
in APPPATH\Views\admin\layouts\sidebar.php on line 55.
 1 SYSTEMPATH\View\View.php(234): include()
 2 SYSTEMPATH\View\View.php(237): CodeIgniter\View\View->CodeIgniter\View\{closure}()
 3 SYSTEMPATH\View\View.php(487): CodeIgniter\View\View->render('admin/layouts/sidebar', null, true)
 4 APPPATH\Views\admin\layouts\index.php(45): CodeIgniter\View\View->include('admin/layouts/sidebar')
 5 SYSTEMPATH\View\View.php(234): include('C:\\Users\\Yudha Prastya\\Downloads\\WEB\\app\\Views\\admin\\layouts\\index.php')
 6 SYSTEMPATH\View\View.php(237): CodeIgniter\View\View->CodeIgniter\View\{closure}()
 7 SYSTEMPATH\View\View.php(250): CodeIgniter\View\View->render('admin/layouts/index', [], true)
 8 SYSTEMPATH\Common.php(1171): CodeIgniter\View\View->render('admin/DashboardView', [], true)
 9 APPPATH\Controllers\Admin\DashboardController.php(26): view('admin/DashboardView', [...])
10 SYSTEMPATH\CodeIgniter.php(933): App\Controllers\Admin\DashboardController->index()
11 SYSTEMPATH\CodeIgniter.php(509): CodeIgniter\CodeIgniter->runController(Object(App\Controllers\Admin\DashboardController))
12 SYSTEMPATH\CodeIgniter.php(355): CodeIgniter\CodeIgniter->handleRequest(null, Object(Config\Cache), false)
13 SYSTEMPATH\Boot.php(334): CodeIgniter\CodeIgniter->run()
14 SYSTEMPATH\Boot.php(67): CodeIgniter\Boot::runCodeIgniter(Object(CodeIgniter\CodeIgniter))
15 FCPATH\index.php(56): CodeIgniter\Boot::bootWeb(Object(Config\Paths))
16 SYSTEMPATH\rewrite.php(44): require_once('C:\\Users\\Yudha Prastya\\Downloads\\WEB\\public\\index.php')
DEBUG - 2025-04-02 08:21:51 --> Session: Class initialized using 'CodeIgniter\Session\Handlers\FileHandler' driver.
DEBUG - 2025-04-02 08:43:11 --> Session: Class initialized using 'CodeIgniter\Session\Handlers\FileHandler' driver.
DEBUG - 2025-04-02 08:43:48 --> Session: Class initialized using 'CodeIgniter\Session\Handlers\FileHandler' driver.
CRITICAL - 2025-04-02 08:43:50 --> ErrorException: Undefined variable $beritas
[Method: GET, Route: panel/list-user]
in APPPATH\Views\admin\user\ListUserView.php on line 71.
 1 APPPATH\Views\admin\user\ListUserView.php(71): CodeIgniter\Debug\Exceptions->errorHandler(2, 'Undefined variable $beritas', 'C:\\Users\\Yudha Prastya\\Downloads\\WEB\\app\\Views\\admin\\user\\ListUserView.php', 71)
 2 SYSTEMPATH\View\View.php(234): include('C:\\Users\\Yudha Prastya\\Downloads\\WEB\\app\\Views\\admin\\user\\ListUserView.php')
 3 SYSTEMPATH\View\View.php(237): CodeIgniter\View\View->CodeIgniter\View\{closure}()
 4 SYSTEMPATH\Common.php(1171): CodeIgniter\View\View->render('admin/user/ListUserView', [], true)
 5 APPPATH\Controllers\Admin\UserController.php(11): view('admin/user/ListUserView')
 6 SYSTEMPATH\CodeIgniter.php(933): App\Controllers\Admin\UserController->index()
 7 SYSTEMPATH\CodeIgniter.php(509): CodeIgniter\CodeIgniter->runController(Object(App\Controllers\Admin\UserController))
 8 SYSTEMPATH\CodeIgniter.php(355): CodeIgniter\CodeIgniter->handleRequest(null, Object(Config\Cache), false)
 9 SYSTEMPATH\Boot.php(334): CodeIgniter\CodeIgniter->run()
10 SYSTEMPATH\Boot.php(67): CodeIgniter\Boot::runCodeIgniter(Object(CodeIgniter\CodeIgniter))
11 FCPATH\index.php(56): CodeIgniter\Boot::bootWeb(Object(Config\Paths))
12 SYSTEMPATH\rewrite.php(44): require_once('C:\\Users\\Yudha Prastya\\Downloads\\WEB\\public\\index.php')
CRITICAL - 2025-04-02 08:44:42 --> ErrorException: Undefined variable $title
[Method: GET, Route: panel/list-user]
in APPPATH\Views\admin\layouts\sidebar.php on line 62.
 1 APPPATH\Views\admin\layouts\sidebar.php(62): CodeIgniter\Debug\Exceptions->errorHandler(2, 'Undefined variable $title', 'C:\\Users\\Yudha Prastya\\Downloads\\WEB\\app\\Views\\admin\\layouts\\sidebar.php', 62)
 2 SYSTEMPATH\View\View.php(234): include('C:\\Users\\Yudha Prastya\\Downloads\\WEB\\app\\Views\\admin\\layouts\\sidebar.php')
 3 SYSTEMPATH\View\View.php(237): CodeIgniter\View\View->CodeIgniter\View\{closure}()
 4 SYSTEMPATH\View\View.php(487): CodeIgniter\View\View->render('admin/layouts/sidebar', null, true)
 5 APPPATH\Views\admin\layouts\index.php(45): CodeIgniter\View\View->include('admin/layouts/sidebar')
 6 SYSTEMPATH\View\View.php(234): include('C:\\Users\\Yudha Prastya\\Downloads\\WEB\\app\\Views\\admin\\layouts\\index.php')
 7 SYSTEMPATH\View\View.php(237): CodeIgniter\View\View->CodeIgniter\View\{closure}()
 8 SYSTEMPATH\View\View.php(250): CodeIgniter\View\View->render('admin/layouts/index', [], true)
 9 SYSTEMPATH\Common.php(1171): CodeIgniter\View\View->render('admin/user/ListUserView', [], true)
10 APPPATH\Controllers\Admin\UserController.php(11): view('admin/user/ListUserView')
11 SYSTEMPATH\CodeIgniter.php(933): App\Controllers\Admin\UserController->index()
12 SYSTEMPATH\CodeIgniter.php(509): CodeIgniter\CodeIgniter->runController(Object(App\Controllers\Admin\UserController))
13 SYSTEMPATH\CodeIgniter.php(355): CodeIgniter\CodeIgniter->handleRequest(null, Object(Config\Cache), false)
14 SYSTEMPATH\Boot.php(334): CodeIgniter\CodeIgniter->run()
15 SYSTEMPATH\Boot.php(67): CodeIgniter\Boot::runCodeIgniter(Object(CodeIgniter\CodeIgniter))
16 FCPATH\index.php(56): CodeIgniter\Boot::bootWeb(Object(Config\Paths))
17 SYSTEMPATH\rewrite.php(44): require_once('C:\\Users\\Yudha Prastya\\Downloads\\WEB\\public\\index.php')
CRITICAL - 2025-04-02 08:49:09 --> ErrorException: Undefined variable $title
[Method: GET, Route: panel/list-user]
in APPPATH\Views\admin\layouts\sidebar.php on line 62.
 1 APPPATH\Views\admin\layouts\sidebar.php(62): CodeIgniter\Debug\Exceptions->errorHandler(2, 'Undefined variable $title', 'C:\\Users\\Yudha Prastya\\Downloads\\WEB\\app\\Views\\admin\\layouts\\sidebar.php', 62)
 2 SYSTEMPATH\View\View.php(234): include('C:\\Users\\Yudha Prastya\\Downloads\\WEB\\app\\Views\\admin\\layouts\\sidebar.php')
 3 SYSTEMPATH\View\View.php(237): CodeIgniter\View\View->CodeIgniter\View\{closure}()
 4 SYSTEMPATH\View\View.php(487): CodeIgniter\View\View->render('admin/layouts/sidebar', null, true)
 5 APPPATH\Views\admin\layouts\index.php(45): CodeIgniter\View\View->include('admin/layouts/sidebar')
 6 SYSTEMPATH\View\View.php(234): include('C:\\Users\\Yudha Prastya\\Downloads\\WEB\\app\\Views\\admin\\layouts\\index.php')
 7 SYSTEMPATH\View\View.php(237): CodeIgniter\View\View->CodeIgniter\View\{closure}()
 8 SYSTEMPATH\View\View.php(250): CodeIgniter\View\View->render('admin/layouts/index', [], true)
 9 SYSTEMPATH\Common.php(1171): CodeIgniter\View\View->render('admin/user/ListUserView', [], true)
10 APPPATH\Controllers\Admin\UserController.php(23): view('admin/user/ListUserView')
11 SYSTEMPATH\CodeIgniter.php(933): App\Controllers\Admin\UserController->index()
12 SYSTEMPATH\CodeIgniter.php(509): CodeIgniter\CodeIgniter->runController(Object(App\Controllers\Admin\UserController))
13 SYSTEMPATH\CodeIgniter.php(355): CodeIgniter\CodeIgniter->handleRequest(null, Object(Config\Cache), false)
14 SYSTEMPATH\Boot.php(334): CodeIgniter\CodeIgniter->run()
15 SYSTEMPATH\Boot.php(67): CodeIgniter\Boot::runCodeIgniter(Object(CodeIgniter\CodeIgniter))
16 FCPATH\index.php(56): CodeIgniter\Boot::bootWeb(Object(Config\Paths))
17 SYSTEMPATH\rewrite.php(44): require_once('C:\\Users\\Yudha Prastya\\Downloads\\WEB\\public\\index.php')
CRITICAL - 2025-04-02 08:49:11 --> ErrorException: Undefined variable $title
[Method: GET, Route: panel/list-user]
in APPPATH\Views\admin\layouts\sidebar.php on line 62.
 1 APPPATH\Views\admin\layouts\sidebar.php(62): CodeIgniter\Debug\Exceptions->errorHandler(2, 'Undefined variable $title', 'C:\\Users\\Yudha Prastya\\Downloads\\WEB\\app\\Views\\admin\\layouts\\sidebar.php', 62)
 2 SYSTEMPATH\View\View.php(234): include('C:\\Users\\Yudha Prastya\\Downloads\\WEB\\app\\Views\\admin\\layouts\\sidebar.php')
 3 SYSTEMPATH\View\View.php(237): CodeIgniter\View\View->CodeIgniter\View\{closure}()
 4 SYSTEMPATH\View\View.php(487): CodeIgniter\View\View->render('admin/layouts/sidebar', null, true)
 5 APPPATH\Views\admin\layouts\index.php(45): CodeIgniter\View\View->include('admin/layouts/sidebar')
 6 SYSTEMPATH\View\View.php(234): include('C:\\Users\\Yudha Prastya\\Downloads\\WEB\\app\\Views\\admin\\layouts\\index.php')
 7 SYSTEMPATH\View\View.php(237): CodeIgniter\View\View->CodeIgniter\View\{closure}()
 8 SYSTEMPATH\View\View.php(250): CodeIgniter\View\View->render('admin/layouts/index', [], true)
 9 SYSTEMPATH\Common.php(1171): CodeIgniter\View\View->render('admin/user/ListUserView', [], true)
10 APPPATH\Controllers\Admin\UserController.php(23): view('admin/user/ListUserView')
11 SYSTEMPATH\CodeIgniter.php(933): App\Controllers\Admin\UserController->index()
12 SYSTEMPATH\CodeIgniter.php(509): CodeIgniter\CodeIgniter->runController(Object(App\Controllers\Admin\UserController))
13 SYSTEMPATH\CodeIgniter.php(355): CodeIgniter\CodeIgniter->handleRequest(null, Object(Config\Cache), false)
14 SYSTEMPATH\Boot.php(334): CodeIgniter\CodeIgniter->run()
15 SYSTEMPATH\Boot.php(67): CodeIgniter\Boot::runCodeIgniter(Object(CodeIgniter\CodeIgniter))
16 FCPATH\index.php(56): CodeIgniter\Boot::bootWeb(Object(Config\Paths))
17 SYSTEMPATH\rewrite.php(44): require_once('C:\\Users\\Yudha Prastya\\Downloads\\WEB\\public\\index.php')
CRITICAL - 2025-04-02 08:49:12 --> ErrorException: Undefined variable $title
[Method: GET, Route: panel/list-user]
in APPPATH\Views\admin\layouts\sidebar.php on line 62.
 1 APPPATH\Views\admin\layouts\sidebar.php(62): CodeIgniter\Debug\Exceptions->errorHandler(2, 'Undefined variable $title', 'C:\\Users\\Yudha Prastya\\Downloads\\WEB\\app\\Views\\admin\\layouts\\sidebar.php', 62)
 2 SYSTEMPATH\View\View.php(234): include('C:\\Users\\Yudha Prastya\\Downloads\\WEB\\app\\Views\\admin\\layouts\\sidebar.php')
 3 SYSTEMPATH\View\View.php(237): CodeIgniter\View\View->CodeIgniter\View\{closure}()
 4 SYSTEMPATH\View\View.php(487): CodeIgniter\View\View->render('admin/layouts/sidebar', null, true)
 5 APPPATH\Views\admin\layouts\index.php(45): CodeIgniter\View\View->include('admin/layouts/sidebar')
 6 SYSTEMPATH\View\View.php(234): include('C:\\Users\\Yudha Prastya\\Downloads\\WEB\\app\\Views\\admin\\layouts\\index.php')
 7 SYSTEMPATH\View\View.php(237): CodeIgniter\View\View->CodeIgniter\View\{closure}()
 8 SYSTEMPATH\View\View.php(250): CodeIgniter\View\View->render('admin/layouts/index', [], true)
 9 SYSTEMPATH\Common.php(1171): CodeIgniter\View\View->render('admin/user/ListUserView', [], true)
10 APPPATH\Controllers\Admin\UserController.php(23): view('admin/user/ListUserView')
11 SYSTEMPATH\CodeIgniter.php(933): App\Controllers\Admin\UserController->index()
12 SYSTEMPATH\CodeIgniter.php(509): CodeIgniter\CodeIgniter->runController(Object(App\Controllers\Admin\UserController))
13 SYSTEMPATH\CodeIgniter.php(355): CodeIgniter\CodeIgniter->handleRequest(null, Object(Config\Cache), false)
14 SYSTEMPATH\Boot.php(334): CodeIgniter\CodeIgniter->run()
15 SYSTEMPATH\Boot.php(67): CodeIgniter\Boot::runCodeIgniter(Object(CodeIgniter\CodeIgniter))
16 FCPATH\index.php(56): CodeIgniter\Boot::bootWeb(Object(Config\Paths))
17 SYSTEMPATH\rewrite.php(44): require_once('C:\\Users\\Yudha Prastya\\Downloads\\WEB\\public\\index.php')
DEBUG - 2025-04-02 08:49:13 --> Session: Class initialized using 'CodeIgniter\Session\Handlers\FileHandler' driver.
DEBUG - 2025-04-02 08:49:36 --> Session: Class initialized using 'CodeIgniter\Session\Handlers\FileHandler' driver.
DEBUG - 2025-04-02 09:03:47 --> Session: Class initialized using 'CodeIgniter\Session\Handlers\FileHandler' driver.
DEBUG - 2025-04-02 09:04:56 --> Session: Class initialized using 'CodeIgniter\Session\Handlers\FileHandler' driver.
